<?xml version="1.0" encoding="UTF-8"?>
<testsuites name="Canine_TestSuite" time="125.23" tests="3" failures="0" errors="1">
   <testsuite name="Canine_TestSuite" tests="3" failures="0" errors="1" time="125.23" timestamp="2020-05-05 12:39:21" hostname="radhakrishnang2 - NCI-02150368-L.nci.nih.gov" id="Test Suites/Canine_TestSuite">
      <properties>
         <property name="deviceName" value=""/>
         <property name="devicePlatform" value=""/>
         <property name="logFolder" value="C:\\Users\\radhakrishnang2\\Desktop\\Script\\DataCommons_Automation\\CTDC_Automation\\Reports\\20200505_123919\\Canine_TestSuite\\20200505_123919"/>
         <property name="logFiles" value="C:\\Users\\radhakrishnang2\\Desktop\\Script\\DataCommons_Automation\\CTDC_Automation\\Reports\\20200505_123919\\Canine_TestSuite\\20200505_123919\\execution0.log"/>
         <property name="attachments" value=""/>
         <property name="hostName" value="radhakrishnang2 - NCI-02150368-L.nci.nih.gov"/>
         <property name="os" value="Windows 10 64bit"/>
         <property name="katalonVersion" value="7.2.6.1"/>
         <property name="browser" value="Chrome 81.0.4044.129"/>
         <property name="hostAddress" value="10.242.86.45"/>
         <property name="sessionId" value="5a48a3c28f283b400ef14177b5a9c9e5"/>
         <property name="seleniumVersion" value="3.141.59"/>
         <property name="proxyInformation" value="ProxyInformation{proxyOption=NO_PROXY, proxyServerType=HTTP, password=, proxyServerAddress=, proxyServerPort=0, executionList=}"/>
         <property name="platform" value="Windows 10"/>
      </properties>
      <testcase name="Test Cases/TC1_Canine_Filter_Study-COTB" time="45.151" classname="Test Cases/TC1_Canine_Filter_Study-COTB" status="ERROR">
         <error type="ERROR" message="Test Cases/TC1_Canine_Filter_Study-COTB FAILED.
Reason:
java.lang.IndexOutOfBoundsException: Index: 8, Size: 8
	at java_util_List$get$1.call(Unknown Source)
	at ctdc.utilities.runtestcaseforKatalon.compareTwoLists(runtestcaseforKatalon.groovy:354)
	at ctdc.utilities.runtestcaseforKatalon.compareLists(runtestcaseforKatalon.groovy:396)
	at ctdc.utilities.runtestcaseforKatalon.invokeMethod(runtestcaseforKatalon.groovy)
	at com.kms.katalon.core.main.CustomKeywordDelegatingMetaClass.invokeStaticMethod(CustomKeywordDelegatingMetaClass.java:50)
	at TC1_Canine_Filter_Study-COTB.run(TC1_Canine_Filter_Study-COTB:45)
	at com.kms.katalon.core.main.ScriptEngine.run(ScriptEngine.java:194)
	at com.kms.katalon.core.main.ScriptEngine.runScriptAsRawText(ScriptEngine.java:119)
	at com.kms.katalon.core.main.TestCaseExecutor.runScript(TestCaseExecutor.java:337)
	at com.kms.katalon.core.main.TestCaseExecutor.doExecute(TestCaseExecutor.java:328)
	at com.kms.katalon.core.main.TestCaseExecutor.processExecutionPhase(TestCaseExecutor.java:307)
	at com.kms.katalon.core.main.TestCaseExecutor.accessMainPhase(TestCaseExecutor.java:299)
	at com.kms.katalon.core.main.TestCaseExecutor.execute(TestCaseExecutor.java:233)
	at com.kms.katalon.core.main.TestSuiteExecutor.accessTestCaseMainPhase(TestSuiteExecutor.java:169)
	at com.kms.katalon.core.main.TestSuiteExecutor.accessTestSuiteMainPhase(TestSuiteExecutor.java:142)
	at com.kms.katalon.core.main.TestSuiteExecutor.execute(TestSuiteExecutor.java:91)
	at com.kms.katalon.core.main.TestCaseMain.startTestSuite(TestCaseMain.java:157)
	at com.kms.katalon.core.main.TestCaseMain$startTestSuite$0.call(Unknown Source)
	at TempTestSuite1588707559376.run(TempTestSuite1588707559376.groovy:36)
"/>
         <system-out><![CDATA[2020-05-05 12:39:22 - [TEST_CASE][ERROR] - Test Cases/TC1_Canine_Filter_Study-COTB: Test Cases/TC1_Canine_Filter_Study-COTB FAILED.
Reason:
java.lang.IndexOutOfBoundsException: Index: 8, Size: 8
	at java_util_List$get$1.call(Unknown Source)
	at ctdc.utilities.runtestcaseforKatalon.compareTwoLists(runtestcaseforKatalon.groovy:354)
	at ctdc.utilities.runtestcaseforKatalon.compareLists(runtestcaseforKatalon.groovy:396)
	at ctdc.utilities.runtestcaseforKatalon.invokeMethod(runtestcaseforKatalon.groovy)
	at com.kms.katalon.core.main.CustomKeywordDelegatingMetaClass.invokeStaticMethod(CustomKeywordDelegatingMetaClass.java:50)
	at TC1_Canine_Filter_Study-COTB.run(TC1_Canine_Filter_Study-COTB:45)
	at com.kms.katalon.core.main.ScriptEngine.run(ScriptEngine.java:194)
	at com.kms.katalon.core.main.ScriptEngine.runScriptAsRawText(ScriptEngine.java:119)
	at com.kms.katalon.core.main.TestCaseExecutor.runScript(TestCaseExecutor.java:337)
	at com.kms.katalon.core.main.TestCaseExecutor.doExecute(TestCaseExecutor.java:328)
	at com.kms.katalon.core.main.TestCaseExecutor.processExecutionPhase(TestCaseExecutor.java:307)
	at com.kms.katalon.core.main.TestCaseExecutor.accessMainPhase(TestCaseExecutor.java:299)
	at com.kms.katalon.core.main.TestCaseExecutor.execute(TestCaseExecutor.java:233)
	at com.kms.katalon.core.main.TestSuiteExecutor.accessTestCaseMainPhase(TestSuiteExecutor.java:169)
	at com.kms.katalon.core.main.TestSuiteExecutor.accessTestSuiteMainPhase(TestSuiteExecutor.java:142)
	at com.kms.katalon.core.main.TestSuiteExecutor.execute(TestSuiteExecutor.java:91)
	at com.kms.katalon.core.main.TestCaseMain.startTestSuite(TestCaseMain.java:157)
	at com.kms.katalon.core.main.TestCaseMain$startTestSuite$0.call(Unknown Source)
	at TempTestSuite1588707559376.run(TempTestSuite1588707559376.groovy:36)


2020-05-05 12:39:23 - [TEST_STEP][PASSED] - openBrowser(""): Browser is opened with url: ''

2020-05-05 12:39:23 - [MESSAGE][INFO] - Starting 'Chrome (headless)' driver

2020-05-05 12:39:23 - [MESSAGE][INFO] - Action delay is set to 0 seconds

2020-05-05 12:39:26 - [MESSAGE][PASSED] - Browser is opened with url: ''

2020-05-05 12:39:26 - [TEST_STEP][PASSED] - ctdc.utilities.runtestcaseforKatalon.browserDriver(""): ctdc.utilities.runtestcaseforKatalon.browserDriver is PASSED

2020-05-05 12:39:26 - [MESSAGE][PASSED] - ctdc.utilities.runtestcaseforKatalon.browserDriver is PASSED

2020-05-05 12:39:26 - [TEST_STEP][PASSED] - ctdc.utilities.runtestcaseforKatalon.RunKatalon("TC1_Canine_Filter_Study-COTB.xlsx"): Test Case sheet data loaded for test case to run. 

2020-05-05 12:39:27 - [MESSAGE][PASSED] - Test case file loaded This is the full filepath after converting to string :C:\Users\radhakrishnang2\Desktop\Script\DataCommons_Automation\CTDC_Automation\TestData\TC1_Canine_Filter_Study-COTB.xlsx

2020-05-05 12:39:27 - [MESSAGE][INFO] - Global variable set for password file is :  C:\Users\radhakrishnang2\Desktop\Script\DataCommons_Automation\CTDC_Automation\TestData\TC1_Canine_Filter_Study-COTB.xlsx

2020-05-05 12:39:28 - [MESSAGE][PASSED] - Test Case sheet data loaded for test case to run. 

2020-05-05 12:39:33 - [TEST_STEP][PASSED] - click(findTestObject("Object Repository/Canine/Canine_Cases_Btn")): Object: 'Object Repository/Canine/Canine_Cases_Btn' is clicked on

2020-05-05 12:39:34 - [MESSAGE][PASSED] - Object: 'Object Repository/Canine/Canine_Cases_Btn' is clicked on

2020-05-05 12:39:34 - [TEST_STEP][PASSED] - click(findTestObject("Object Repository/Canine/Canine_Filter_Study")): Object: 'Object Repository/Canine/Canine_Filter_Study' is clicked on

2020-05-05 12:39:36 - [MESSAGE][PASSED] - Object: 'Object Repository/Canine/Canine_Filter_Study' is clicked on

2020-05-05 12:39:36 - [TEST_STEP][PASSED] - click(findTestObject("Object Repository/Canine/Canine_Filter_Study-COTB_Chkbx")): Object: 'Object Repository/Canine/Canine_Filter_Study-COTB_Chkbx' is clicked on

2020-05-05 12:39:37 - [MESSAGE][PASSED] - Object: 'Object Repository/Canine/Canine_Filter_Study-COTB_Chkbx' is clicked on

2020-05-05 12:39:37 - [TEST_STEP][PASSED] - ctdc.utilities.runtestcaseforKatalon.ReadCasesTableKatalon("Object Repository/Canine/Canine_CasesTable", "Object Repository/Canine/Canine_TableHeader", "Object Repository/Canine/Canine_NextBtn"): ctdc.utilities.runtestcaseforKatalon.ReadCasesTableKatalon is PASSED

2020-05-05 12:40:01 - [MESSAGE][PASSED] - ctdc.utilities.runtestcaseforKatalon.ReadCasesTableKatalon is PASSED

2020-05-05 12:40:01 - [TEST_STEP][PASSED] - ctdc.utilities.ReadExcel.Neo4j(): ctdc.utilities.ReadExcel.Neo4j is PASSED

2020-05-05 12:40:07 - [MESSAGE][PASSED] - ctdc.utilities.ReadExcel.Neo4j is PASSED

2020-05-05 12:40:07 - [TEST_STEP][ERROR] - ctdc.utilities.runtestcaseforKatalon.compareLists(): Index: 8, Size: 8

2020-05-05 12:40:07 - [MESSAGE][ERROR] - Index: 8, Size: 8]]></system-out>
         <system-err><![CDATA[2020-05-05 12:39:22 - [TEST_CASE][ERROR] - Test Cases/TC1_Canine_Filter_Study-COTB: Test Cases/TC1_Canine_Filter_Study-COTB FAILED.
Reason:
java.lang.IndexOutOfBoundsException: Index: 8, Size: 8
	at java_util_List$get$1.call(Unknown Source)
	at ctdc.utilities.runtestcaseforKatalon.compareTwoLists(runtestcaseforKatalon.groovy:354)
	at ctdc.utilities.runtestcaseforKatalon.compareLists(runtestcaseforKatalon.groovy:396)
	at ctdc.utilities.runtestcaseforKatalon.invokeMethod(runtestcaseforKatalon.groovy)
	at com.kms.katalon.core.main.CustomKeywordDelegatingMetaClass.invokeStaticMethod(CustomKeywordDelegatingMetaClass.java:50)
	at TC1_Canine_Filter_Study-COTB.run(TC1_Canine_Filter_Study-COTB:45)
	at com.kms.katalon.core.main.ScriptEngine.run(ScriptEngine.java:194)
	at com.kms.katalon.core.main.ScriptEngine.runScriptAsRawText(ScriptEngine.java:119)
	at com.kms.katalon.core.main.TestCaseExecutor.runScript(TestCaseExecutor.java:337)
	at com.kms.katalon.core.main.TestCaseExecutor.doExecute(TestCaseExecutor.java:328)
	at com.kms.katalon.core.main.TestCaseExecutor.processExecutionPhase(TestCaseExecutor.java:307)
	at com.kms.katalon.core.main.TestCaseExecutor.accessMainPhase(TestCaseExecutor.java:299)
	at com.kms.katalon.core.main.TestCaseExecutor.execute(TestCaseExecutor.java:233)
	at com.kms.katalon.core.main.TestSuiteExecutor.accessTestCaseMainPhase(TestSuiteExecutor.java:169)
	at com.kms.katalon.core.main.TestSuiteExecutor.accessTestSuiteMainPhase(TestSuiteExecutor.java:142)
	at com.kms.katalon.core.main.TestSuiteExecutor.execute(TestSuiteExecutor.java:91)
	at com.kms.katalon.core.main.TestCaseMain.startTestSuite(TestCaseMain.java:157)
	at com.kms.katalon.core.main.TestCaseMain$startTestSuite$0.call(Unknown Source)
	at TempTestSuite1588707559376.run(TempTestSuite1588707559376.groovy:36)]]></system-err>
      </testcase>
      <testcase name="Test Cases/TC2_Canine_Filter_Study-NCATS" time="29.838" classname="Test Cases/TC2_Canine_Filter_Study-NCATS" status="PASSED">
         <system-out><![CDATA[2020-05-05 12:40:07 - [TEST_CASE][PASSED] - Test Cases/TC2_Canine_Filter_Study-NCATS: Test Cases/TC2_Canine_Filter_Study-NCATS

2020-05-05 12:40:08 - [TEST_STEP][PASSED] - openBrowser(""): Browser is opened with url: ''

2020-05-05 12:40:08 - [MESSAGE][WARNING] - A browser is already opened. Closing browser and opening a new one

2020-05-05 12:40:08 - [MESSAGE][INFO] - Starting 'Chrome (headless)' driver

2020-05-05 12:40:09 - [MESSAGE][PASSED] - Browser is opened with url: ''

2020-05-05 12:40:09 - [TEST_STEP][PASSED] - ctdc.utilities.runtestcaseforKatalon.browserDriver(""): ctdc.utilities.runtestcaseforKatalon.browserDriver is PASSED

2020-05-05 12:40:09 - [MESSAGE][PASSED] - ctdc.utilities.runtestcaseforKatalon.browserDriver is PASSED

2020-05-05 12:40:09 - [TEST_STEP][PASSED] - ctdc.utilities.runtestcaseforKatalon.RunKatalon("TC2_Canine_Filter_Study-NCATS.xlsx"): Test Case sheet data loaded for test case to run. 

2020-05-05 12:40:09 - [MESSAGE][PASSED] - Test case file loaded This is the full filepath after converting to string :C:\Users\radhakrishnang2\Desktop\Script\DataCommons_Automation\CTDC_Automation\TestData\TC2_Canine_Filter_Study-NCATS.xlsx

2020-05-05 12:40:09 - [MESSAGE][INFO] - Global variable set for password file is :  C:\Users\radhakrishnang2\Desktop\Script\DataCommons_Automation\CTDC_Automation\TestData\TC2_Canine_Filter_Study-NCATS.xlsx

2020-05-05 12:40:09 - [MESSAGE][PASSED] - Test Case sheet data loaded for test case to run. 

2020-05-05 12:40:13 - [TEST_STEP][PASSED] - click(findTestObject("Object Repository/Canine/Canine_Cases_Btn")): Object: 'Object Repository/Canine/Canine_Cases_Btn' is clicked on

2020-05-05 12:40:14 - [MESSAGE][PASSED] - Object: 'Object Repository/Canine/Canine_Cases_Btn' is clicked on

2020-05-05 12:40:14 - [TEST_STEP][PASSED] - click(findTestObject("Object Repository/Canine/Canine_Filter_Study")): Object: 'Object Repository/Canine/Canine_Filter_Study' is clicked on

2020-05-05 12:40:15 - [MESSAGE][PASSED] - Object: 'Object Repository/Canine/Canine_Filter_Study' is clicked on

2020-05-05 12:40:15 - [TEST_STEP][PASSED] - click(findTestObject("Object Repository/Canine/Canine_Filter_Study-NCATS_Chkbx")): Object: 'Object Repository/Canine/Canine_Filter_Study-NCATS_Chkbx' is clicked on

2020-05-05 12:40:16 - [MESSAGE][PASSED] - Object: 'Object Repository/Canine/Canine_Filter_Study-NCATS_Chkbx' is clicked on

2020-05-05 12:40:16 - [TEST_STEP][PASSED] - ctdc.utilities.runtestcaseforKatalon.ReadCasesTableKatalon("Object Repository/Canine/Canine_CasesTable", "Object Repository/Canine/Canine_TableHeader", "Object Repository/Canine/Canine_NextBtn"): ctdc.utilities.runtestcaseforKatalon.ReadCasesTableKatalon is PASSED

2020-05-05 12:40:33 - [MESSAGE][PASSED] - ctdc.utilities.runtestcaseforKatalon.ReadCasesTableKatalon is PASSED

2020-05-05 12:40:33 - [TEST_STEP][PASSED] - ctdc.utilities.ReadExcel.Neo4j(): ctdc.utilities.ReadExcel.Neo4j is PASSED

2020-05-05 12:40:37 - [MESSAGE][PASSED] - ctdc.utilities.ReadExcel.Neo4j is PASSED

2020-05-05 12:40:37 - [TEST_STEP][PASSED] - ctdc.utilities.runtestcaseforKatalon.compareLists(): ctdc.utilities.runtestcaseforKatalon.compareLists is PASSED

2020-05-05 12:40:37 - [MESSAGE][PASSED] - ctdc.utilities.runtestcaseforKatalon.compareLists is PASSED]]></system-out>
         <system-err><![CDATA[]]></system-err>
      </testcase>
      <testcase name="Test Cases/TC3_Canine_Filter_Study-ALL" time="49.251" classname="Test Cases/TC3_Canine_Filter_Study-ALL" status="PASSED">
         <system-out><![CDATA[2020-05-05 12:40:37 - [TEST_CASE][PASSED] - Test Cases/TC3_Canine_Filter_Study-ALL: Test Cases/TC3_Canine_Filter_Study-ALL

2020-05-05 12:40:37 - [TEST_STEP][PASSED] - openBrowser(""): Browser is opened with url: ''

2020-05-05 12:40:37 - [MESSAGE][WARNING] - A browser is already opened. Closing browser and opening a new one

2020-05-05 12:40:38 - [MESSAGE][INFO] - Starting 'Chrome (headless)' driver

2020-05-05 12:40:39 - [MESSAGE][PASSED] - Browser is opened with url: ''

2020-05-05 12:40:39 - [TEST_STEP][PASSED] - ctdc.utilities.runtestcaseforKatalon.browserDriver(""): ctdc.utilities.runtestcaseforKatalon.browserDriver is PASSED

2020-05-05 12:40:39 - [MESSAGE][PASSED] - ctdc.utilities.runtestcaseforKatalon.browserDriver is PASSED

2020-05-05 12:40:39 - [TEST_STEP][PASSED] - ctdc.utilities.runtestcaseforKatalon.RunKatalon("TC3_Canine_Filter_Study-ALL.xlsx"): Test Case sheet data loaded for test case to run. 

2020-05-05 12:40:39 - [MESSAGE][PASSED] - Test case file loaded This is the full filepath after converting to string :C:\Users\radhakrishnang2\Desktop\Script\DataCommons_Automation\CTDC_Automation\TestData\TC3_Canine_Filter_Study-ALL.xlsx

2020-05-05 12:40:39 - [MESSAGE][INFO] - Global variable set for password file is :  C:\Users\radhakrishnang2\Desktop\Script\DataCommons_Automation\CTDC_Automation\TestData\TC3_Canine_Filter_Study-ALL.xlsx

2020-05-05 12:40:39 - [MESSAGE][PASSED] - Test Case sheet data loaded for test case to run. 

2020-05-05 12:40:43 - [TEST_STEP][PASSED] - click(findTestObject("Object Repository/Canine/Canine_Cases_Btn")): Object: 'Object Repository/Canine/Canine_Cases_Btn' is clicked on

2020-05-05 12:40:43 - [MESSAGE][PASSED] - Object: 'Object Repository/Canine/Canine_Cases_Btn' is clicked on

2020-05-05 12:40:43 - [TEST_STEP][PASSED] - click(findTestObject("Object Repository/Canine/Canine_Filter_Study")): Object: 'Object Repository/Canine/Canine_Filter_Study' is clicked on

2020-05-05 12:40:44 - [MESSAGE][PASSED] - Object: 'Object Repository/Canine/Canine_Filter_Study' is clicked on

2020-05-05 12:40:44 - [TEST_STEP][PASSED] - click(findTestObject("Object Repository/Canine/Canine_Filter_Study-COTB_Chkbx")): Object: 'Object Repository/Canine/Canine_Filter_Study-COTB_Chkbx' is clicked on

2020-05-05 12:40:45 - [MESSAGE][PASSED] - Object: 'Object Repository/Canine/Canine_Filter_Study-COTB_Chkbx' is clicked on

2020-05-05 12:40:45 - [TEST_STEP][PASSED] - click(findTestObject("Object Repository/Canine/Canine_Filter_Study-NCATS_Chkbx")): Object: 'Object Repository/Canine/Canine_Filter_Study-NCATS_Chkbx' is clicked on

2020-05-05 12:40:45 - [MESSAGE][PASSED] - Object: 'Object Repository/Canine/Canine_Filter_Study-NCATS_Chkbx' is clicked on

2020-05-05 12:40:45 - [TEST_STEP][PASSED] - ctdc.utilities.runtestcaseforKatalon.ReadCasesTableKatalon("Object Repository/Canine/Canine_CasesTable", "Object Repository/Canine/Canine_TableHeader", "Object Repository/Canine/Canine_NextBtn"): ctdc.utilities.runtestcaseforKatalon.ReadCasesTableKatalon is PASSED

2020-05-05 12:41:25 - [MESSAGE][PASSED] - ctdc.utilities.runtestcaseforKatalon.ReadCasesTableKatalon is PASSED

2020-05-05 12:41:25 - [TEST_STEP][PASSED] - ctdc.utilities.ReadExcel.Neo4j(): ctdc.utilities.ReadExcel.Neo4j is PASSED

2020-05-05 12:41:26 - [MESSAGE][PASSED] - ctdc.utilities.ReadExcel.Neo4j is PASSED

2020-05-05 12:41:26 - [TEST_STEP][PASSED] - ctdc.utilities.runtestcaseforKatalon.compareLists(): ctdc.utilities.runtestcaseforKatalon.compareLists is PASSED

2020-05-05 12:41:26 - [MESSAGE][PASSED] - ctdc.utilities.runtestcaseforKatalon.compareLists is PASSED]]></system-out>
         <system-err><![CDATA[]]></system-err>
      </testcase>
      <system-out><![CDATA[2020-05-05 12:39:21 - [TEST_SUITE][ERROR] - Canine_TestSuite: Test Cases/TC1_Canine_Filter_Study-COTB FAILED.
Reason:
java.lang.IndexOutOfBoundsException: Index: 8, Size: 8
	at java_util_List$get$1.call(Unknown Source)
	at ctdc.utilities.runtestcaseforKatalon.compareTwoLists(runtestcaseforKatalon.groovy:354)
	at ctdc.utilities.runtestcaseforKatalon.compareLists(runtestcaseforKatalon.groovy:396)
	at ctdc.utilities.runtestcaseforKatalon.invokeMethod(runtestcaseforKatalon.groovy)
	at com.kms.katalon.core.main.CustomKeywordDelegatingMetaClass.invokeStaticMethod(CustomKeywordDelegatingMetaClass.java:50)
	at TC1_Canine_Filter_Study-COTB.run(TC1_Canine_Filter_Study-COTB:45)
	at com.kms.katalon.core.main.ScriptEngine.run(ScriptEngine.java:194)
	at com.kms.katalon.core.main.ScriptEngine.runScriptAsRawText(ScriptEngine.java:119)
	at com.kms.katalon.core.main.TestCaseExecutor.runScript(TestCaseExecutor.java:337)
	at com.kms.katalon.core.main.TestCaseExecutor.doExecute(TestCaseExecutor.java:328)
	at com.kms.katalon.core.main.TestCaseExecutor.processExecutionPhase(TestCaseExecutor.java:307)
	at com.kms.katalon.core.main.TestCaseExecutor.accessMainPhase(TestCaseExecutor.java:299)
	at com.kms.katalon.core.main.TestCaseExecutor.execute(TestCaseExecutor.java:233)
	at com.kms.katalon.core.main.TestSuiteExecutor.accessTestCaseMainPhase(TestSuiteExecutor.java:169)
	at com.kms.katalon.core.main.TestSuiteExecutor.accessTestSuiteMainPhase(TestSuiteExecutor.java:142)
	at com.kms.katalon.core.main.TestSuiteExecutor.execute(TestSuiteExecutor.java:91)
	at com.kms.katalon.core.main.TestCaseMain.startTestSuite(TestCaseMain.java:157)
	at com.kms.katalon.core.main.TestCaseMain$startTestSuite$0.call(Unknown Source)
	at TempTestSuite1588707559376.run(TempTestSuite1588707559376.groovy:36)]]></system-out>
      <system-err><![CDATA[2020-05-05 12:39:21 - [TEST_SUITE][ERROR] - Canine_TestSuite: Test Cases/TC1_Canine_Filter_Study-COTB FAILED.
Reason:
java.lang.IndexOutOfBoundsException: Index: 8, Size: 8
	at java_util_List$get$1.call(Unknown Source)
	at ctdc.utilities.runtestcaseforKatalon.compareTwoLists(runtestcaseforKatalon.groovy:354)
	at ctdc.utilities.runtestcaseforKatalon.compareLists(runtestcaseforKatalon.groovy:396)
	at ctdc.utilities.runtestcaseforKatalon.invokeMethod(runtestcaseforKatalon.groovy)
	at com.kms.katalon.core.main.CustomKeywordDelegatingMetaClass.invokeStaticMethod(CustomKeywordDelegatingMetaClass.java:50)
	at TC1_Canine_Filter_Study-COTB.run(TC1_Canine_Filter_Study-COTB:45)
	at com.kms.katalon.core.main.ScriptEngine.run(ScriptEngine.java:194)
	at com.kms.katalon.core.main.ScriptEngine.runScriptAsRawText(ScriptEngine.java:119)
	at com.kms.katalon.core.main.TestCaseExecutor.runScript(TestCaseExecutor.java:337)
	at com.kms.katalon.core.main.TestCaseExecutor.doExecute(TestCaseExecutor.java:328)
	at com.kms.katalon.core.main.TestCaseExecutor.processExecutionPhase(TestCaseExecutor.java:307)
	at com.kms.katalon.core.main.TestCaseExecutor.accessMainPhase(TestCaseExecutor.java:299)
	at com.kms.katalon.core.main.TestCaseExecutor.execute(TestCaseExecutor.java:233)
	at com.kms.katalon.core.main.TestSuiteExecutor.accessTestCaseMainPhase(TestSuiteExecutor.java:169)
	at com.kms.katalon.core.main.TestSuiteExecutor.accessTestSuiteMainPhase(TestSuiteExecutor.java:142)
	at com.kms.katalon.core.main.TestSuiteExecutor.execute(TestSuiteExecutor.java:91)
	at com.kms.katalon.core.main.TestCaseMain.startTestSuite(TestCaseMain.java:157)
	at com.kms.katalon.core.main.TestCaseMain$startTestSuite$0.call(Unknown Source)
	at TempTestSuite1588707559376.run(TempTestSuite1588707559376.groovy:36)]]></system-err>
   </testsuite>
</testsuites>
