<?xml version="1.0" encoding="UTF-8"?>
<testsuites name="TrialSuite" time="434.852" tests="20" failures="2" errors="4">
   <testsuite name="TrialSuite" tests="20" failures="2" errors="4" time="434.852" timestamp="2020-05-06 13:21:23" hostname="lollal - NCI-02158064-L.nci.nih.gov" id="Test Suites/TrialSuite">
      <properties>
         <property name="deviceName" value=""/>
         <property name="devicePlatform" value=""/>
         <property name="logFolder" value="C:\\laxmi\\Katalon_May5\\DataCommons_Automation\\DataCommons_Automation\\CTDC_Automation\\Reports\\20200506_132121\\TrialSuite\\20200506_132121"/>
         <property name="logFiles" value="C:\\laxmi\\Katalon_May5\\DataCommons_Automation\\DataCommons_Automation\\CTDC_Automation\\Reports\\20200506_132121\\TrialSuite\\20200506_132121\\execution0.log"/>
         <property name="attachments" value="C:\\laxmi\\Katalon_May5\\DataCommons_Automation\\DataCommons_Automation\\CTDC_Automation\\Reports\\20200506_132121\\TrialSuite\\20200506_132121\\1588785885829.png, C:\\laxmi\\Katalon_May5\\DataCommons_Automation\\DataCommons_Automation\\CTDC_Automation\\Reports\\20200506_132121\\TrialSuite\\20200506_132121\\1588786100167.png"/>
         <property name="hostName" value="lollal - NCI-02158064-L.nci.nih.gov"/>
         <property name="os" value="Windows 10 64bit"/>
         <property name="katalonVersion" value="7.3.0.1"/>
         <property name="browser" value="Firefox 68.0"/>
         <property name="hostAddress" value="10.242.84.131"/>
         <property name="sessionId" value="d6b1594c-3845-4b83-a54c-ff470bbfe2df"/>
         <property name="seleniumVersion" value="3.141.59"/>
         <property name="proxyInformation" value="ProxyInformation{proxyOption=NO_PROXY, proxyServerType=HTTP, password=, proxyServerAddress=, proxyServerPort=0, executionList=}"/>
         <property name="platform" value="Windows 10"/>
      </properties>
      <testcase name="Test Cases/TC01_Canine_Filter_Study-COTB" time="29.263" classname="Test Cases/TC01_Canine_Filter_Study-COTB" status="PASSED">
         <system-out><![CDATA[2020-05-06 13:21:23 - [TEST_CASE][PASSED] - Test Cases/TC01_Canine_Filter_Study-COTB: Test Cases/TC01_Canine_Filter_Study-COTB

2020-05-06 13:21:24 - [TEST_STEP][PASSED] - openBrowser(""): Browser is opened with url: ''

2020-05-06 13:21:24 - [MESSAGE][INFO] - Starting 'Firefox (headless)' driver

2020-05-06 13:21:24 - [MESSAGE][INFO] - Action delay is set to 0 milliseconds

2020-05-06 13:21:28 - [MESSAGE][PASSED] - Browser is opened with url: ''

2020-05-06 13:21:28 - [TEST_STEP][PASSED] - ctdc.utilities.runtestcaseforKatalon.browserDriver(""): ctdc.utilities.runtestcaseforKatalon.browserDriver is PASSED

2020-05-06 13:21:28 - [MESSAGE][PASSED] - ctdc.utilities.runtestcaseforKatalon.browserDriver is PASSED

2020-05-06 13:21:28 - [TEST_STEP][PASSED] - ctdc.utilities.runtestcaseforKatalon.RunKatalon("TC01_Canine_Filter_Study-COTB.xlsx"): Test Case sheet data loaded for test case to run. 

2020-05-06 13:21:28 - [MESSAGE][PASSED] - Test case file loaded This is the full filepath after converting to string :C:\laxmi\Katalon_May5\DataCommons_Automation\DataCommons_Automation\CTDC_Automation\InputFiles\TC01_Canine_Filter_Study-COTB.xlsx

2020-05-06 13:21:28 - [MESSAGE][INFO] - Global variable set for password file is :  C:\laxmi\Katalon_May5\DataCommons_Automation\DataCommons_Automation\CTDC_Automation\InputFiles\TC01_Canine_Filter_Study-COTB.xlsx

2020-05-06 13:21:29 - [MESSAGE][PASSED] - Test Case sheet data loaded for test case to run. 

2020-05-06 13:21:31 - [TEST_STEP][PASSED] - click(findTestObject("Object Repository/Canine/Canine_Cases_Btn")): Object: 'Object Repository/Canine/Canine_Cases_Btn' is clicked on

2020-05-06 13:21:31 - [MESSAGE][PASSED] - Object: 'Object Repository/Canine/Canine_Cases_Btn' is clicked on

2020-05-06 13:21:31 - [TEST_STEP][PASSED] - click(findTestObject("Canine/Filter/Study/Canine_Filter_Study")): Object: 'Object Repository/Canine/Filter/Study/Canine_Filter_Study' is clicked on

2020-05-06 13:21:33 - [MESSAGE][PASSED] - Object: 'Object Repository/Canine/Filter/Study/Canine_Filter_Study' is clicked on

2020-05-06 13:21:33 - [TEST_STEP][PASSED] - click(findTestObject("Canine/Filter/Study/Canine_Filter_Study-COTB_Chkbx")): Object: 'Object Repository/Canine/Filter/Study/Canine_Filter_Study-COTB_Chkbx' is clicked on

2020-05-06 13:21:33 - [MESSAGE][PASSED] - Object: 'Object Repository/Canine/Filter/Study/Canine_Filter_Study-COTB_Chkbx' is clicked on

2020-05-06 13:21:33 - [TEST_STEP][PASSED] - ctdc.utilities.runtestcaseforKatalon.ReadCasesTableKatalon("Object Repository/Canine/Canine_CasesTable", "Object Repository/Canine/Canine_TableHeader", "Object Repository/Canine/Canine_NextBtn"): ctdc.utilities.runtestcaseforKatalon.ReadCasesTableKatalon is PASSED

2020-05-06 13:21:48 - [MESSAGE][PASSED] - ctdc.utilities.runtestcaseforKatalon.ReadCasesTableKatalon is PASSED

2020-05-06 13:21:48 - [TEST_STEP][PASSED] - ctdc.utilities.ReadExcel.Neo4j(): ctdc.utilities.ReadExcel.Neo4j is PASSED

2020-05-06 13:21:52 - [MESSAGE][PASSED] - ctdc.utilities.ReadExcel.Neo4j is PASSED

2020-05-06 13:21:52 - [TEST_STEP][PASSED] - ctdc.utilities.runtestcaseforKatalon.compareLists(): ctdc.utilities.runtestcaseforKatalon.compareLists is PASSED

2020-05-06 13:21:52 - [MESSAGE][PASSED] - ctdc.utilities.runtestcaseforKatalon.compareLists is PASSED]]></system-out>
         <system-err><![CDATA[]]></system-err>
      </testcase>
      <testcase name="Test Cases/TC02_Canine_Filter_Study-NCATS" time="21.293" classname="Test Cases/TC02_Canine_Filter_Study-NCATS" status="PASSED">
         <system-out><![CDATA[2020-05-06 13:21:52 - [TEST_CASE][PASSED] - Test Cases/TC02_Canine_Filter_Study-NCATS: Test Cases/TC02_Canine_Filter_Study-NCATS

2020-05-06 13:21:53 - [TEST_STEP][PASSED] - openBrowser(""): Browser is opened with url: ''

2020-05-06 13:21:53 - [MESSAGE][WARNING] - A browser is already opened. Closing browser and opening a new one

2020-05-06 13:21:54 - [MESSAGE][INFO] - Starting 'Firefox (headless)' driver

2020-05-06 13:21:54 - [MESSAGE][INFO] - Action delay is set to 0 milliseconds

2020-05-06 13:21:56 - [MESSAGE][PASSED] - Browser is opened with url: ''

2020-05-06 13:21:56 - [TEST_STEP][PASSED] - ctdc.utilities.runtestcaseforKatalon.browserDriver(""): ctdc.utilities.runtestcaseforKatalon.browserDriver is PASSED

2020-05-06 13:21:56 - [MESSAGE][PASSED] - ctdc.utilities.runtestcaseforKatalon.browserDriver is PASSED

2020-05-06 13:21:56 - [TEST_STEP][PASSED] - ctdc.utilities.runtestcaseforKatalon.RunKatalon("TC02_Canine_Filter_Study-NCATS.xlsx"): Test Case sheet data loaded for test case to run. 

2020-05-06 13:21:56 - [MESSAGE][PASSED] - Test case file loaded This is the full filepath after converting to string :C:\laxmi\Katalon_May5\DataCommons_Automation\DataCommons_Automation\CTDC_Automation\InputFiles\TC02_Canine_Filter_Study-NCATS.xlsx

2020-05-06 13:21:56 - [MESSAGE][INFO] - Global variable set for password file is :  C:\laxmi\Katalon_May5\DataCommons_Automation\DataCommons_Automation\CTDC_Automation\InputFiles\TC02_Canine_Filter_Study-NCATS.xlsx

2020-05-06 13:21:56 - [MESSAGE][PASSED] - Test Case sheet data loaded for test case to run. 

2020-05-06 13:21:58 - [TEST_STEP][PASSED] - click(findTestObject("Object Repository/Canine/Canine_Cases_Btn")): Object: 'Object Repository/Canine/Canine_Cases_Btn' is clicked on

2020-05-06 13:21:58 - [MESSAGE][PASSED] - Object: 'Object Repository/Canine/Canine_Cases_Btn' is clicked on

2020-05-06 13:21:58 - [TEST_STEP][PASSED] - click(findTestObject("Canine/Filter/Study/Canine_Filter_Study")): Object: 'Object Repository/Canine/Filter/Study/Canine_Filter_Study' is clicked on

2020-05-06 13:22:00 - [MESSAGE][PASSED] - Object: 'Object Repository/Canine/Filter/Study/Canine_Filter_Study' is clicked on

2020-05-06 13:22:00 - [TEST_STEP][PASSED] - click(findTestObject("Canine/Filter/Study/Canine_Filter_Study-NCATS_Chkbx")): Object: 'Object Repository/Canine/Filter/Study/Canine_Filter_Study-NCATS_Chkbx' is clicked on

2020-05-06 13:22:01 - [MESSAGE][PASSED] - Object: 'Object Repository/Canine/Filter/Study/Canine_Filter_Study-NCATS_Chkbx' is clicked on

2020-05-06 13:22:01 - [TEST_STEP][PASSED] - ctdc.utilities.runtestcaseforKatalon.ReadCasesTableKatalon("Object Repository/Canine/Canine_CasesTable", "Object Repository/Canine/Canine_TableHeader", "Object Repository/Canine/Canine_NextBtn"): ctdc.utilities.runtestcaseforKatalon.ReadCasesTableKatalon is PASSED

2020-05-06 13:22:11 - [MESSAGE][PASSED] - ctdc.utilities.runtestcaseforKatalon.ReadCasesTableKatalon is PASSED

2020-05-06 13:22:11 - [TEST_STEP][PASSED] - ctdc.utilities.ReadExcel.Neo4j(): ctdc.utilities.ReadExcel.Neo4j is PASSED

2020-05-06 13:22:13 - [MESSAGE][PASSED] - ctdc.utilities.ReadExcel.Neo4j is PASSED

2020-05-06 13:22:13 - [TEST_STEP][PASSED] - ctdc.utilities.runtestcaseforKatalon.compareLists(): ctdc.utilities.runtestcaseforKatalon.compareLists is PASSED

2020-05-06 13:22:14 - [MESSAGE][PASSED] - ctdc.utilities.runtestcaseforKatalon.compareLists is PASSED]]></system-out>
         <system-err><![CDATA[]]></system-err>
      </testcase>
      <testcase name="Test Cases/TC03_Canine_Filter_Study-ALL" time="32.657" classname="Test Cases/TC03_Canine_Filter_Study-ALL" status="PASSED">
         <system-out><![CDATA[2020-05-06 13:22:14 - [TEST_CASE][PASSED] - Test Cases/TC03_Canine_Filter_Study-ALL: Test Cases/TC03_Canine_Filter_Study-ALL

2020-05-06 13:22:14 - [TEST_STEP][PASSED] - openBrowser(""): Browser is opened with url: ''

2020-05-06 13:22:14 - [MESSAGE][WARNING] - A browser is already opened. Closing browser and opening a new one

2020-05-06 13:22:15 - [MESSAGE][INFO] - Starting 'Firefox (headless)' driver

2020-05-06 13:22:15 - [MESSAGE][INFO] - Action delay is set to 0 milliseconds

2020-05-06 13:22:18 - [MESSAGE][PASSED] - Browser is opened with url: ''

2020-05-06 13:22:18 - [TEST_STEP][PASSED] - ctdc.utilities.runtestcaseforKatalon.browserDriver(""): ctdc.utilities.runtestcaseforKatalon.browserDriver is PASSED

2020-05-06 13:22:18 - [MESSAGE][PASSED] - ctdc.utilities.runtestcaseforKatalon.browserDriver is PASSED

2020-05-06 13:22:18 - [TEST_STEP][PASSED] - ctdc.utilities.runtestcaseforKatalon.RunKatalon("TC03_Canine_Filter_Study-ALL.xlsx"): Test Case sheet data loaded for test case to run. 

2020-05-06 13:22:18 - [MESSAGE][PASSED] - Test case file loaded This is the full filepath after converting to string :C:\laxmi\Katalon_May5\DataCommons_Automation\DataCommons_Automation\CTDC_Automation\InputFiles\TC03_Canine_Filter_Study-ALL.xlsx

2020-05-06 13:22:18 - [MESSAGE][INFO] - Global variable set for password file is :  C:\laxmi\Katalon_May5\DataCommons_Automation\DataCommons_Automation\CTDC_Automation\InputFiles\TC03_Canine_Filter_Study-ALL.xlsx

2020-05-06 13:22:18 - [MESSAGE][PASSED] - Test Case sheet data loaded for test case to run. 

2020-05-06 13:22:20 - [TEST_STEP][PASSED] - click(findTestObject("Object Repository/Canine/Canine_Cases_Btn")): Object: 'Object Repository/Canine/Canine_Cases_Btn' is clicked on

2020-05-06 13:22:20 - [MESSAGE][PASSED] - Object: 'Object Repository/Canine/Canine_Cases_Btn' is clicked on

2020-05-06 13:22:20 - [TEST_STEP][PASSED] - click(findTestObject("Canine/Filter/Study/Canine_Filter_Study")): Object: 'Object Repository/Canine/Filter/Study/Canine_Filter_Study' is clicked on

2020-05-06 13:22:22 - [MESSAGE][PASSED] - Object: 'Object Repository/Canine/Filter/Study/Canine_Filter_Study' is clicked on

2020-05-06 13:22:22 - [TEST_STEP][PASSED] - click(findTestObject("Canine/Filter/Study/Canine_Filter_Study-COTB_Chkbx")): Object: 'Object Repository/Canine/Filter/Study/Canine_Filter_Study-COTB_Chkbx' is clicked on

2020-05-06 13:22:22 - [MESSAGE][PASSED] - Object: 'Object Repository/Canine/Filter/Study/Canine_Filter_Study-COTB_Chkbx' is clicked on

2020-05-06 13:22:22 - [TEST_STEP][PASSED] - click(findTestObject("Canine/Filter/Study/Canine_Filter_Study-NCATS_Chkbx")): Object: 'Object Repository/Canine/Filter/Study/Canine_Filter_Study-NCATS_Chkbx' is clicked on

2020-05-06 13:22:23 - [MESSAGE][PASSED] - Object: 'Object Repository/Canine/Filter/Study/Canine_Filter_Study-NCATS_Chkbx' is clicked on

2020-05-06 13:22:23 - [TEST_STEP][PASSED] - ctdc.utilities.runtestcaseforKatalon.ReadCasesTableKatalon("Object Repository/Canine/Canine_CasesTable", "Object Repository/Canine/Canine_TableHeader", "Object Repository/Canine/Canine_NextBtn"): ctdc.utilities.runtestcaseforKatalon.ReadCasesTableKatalon is PASSED

2020-05-06 13:22:46 - [MESSAGE][PASSED] - ctdc.utilities.runtestcaseforKatalon.ReadCasesTableKatalon is PASSED

2020-05-06 13:22:46 - [TEST_STEP][PASSED] - ctdc.utilities.ReadExcel.Neo4j(): ctdc.utilities.ReadExcel.Neo4j is PASSED

2020-05-06 13:22:46 - [MESSAGE][PASSED] - ctdc.utilities.ReadExcel.Neo4j is PASSED

2020-05-06 13:22:46 - [TEST_STEP][PASSED] - ctdc.utilities.runtestcaseforKatalon.compareLists(): ctdc.utilities.runtestcaseforKatalon.compareLists is PASSED

2020-05-06 13:22:46 - [MESSAGE][PASSED] - ctdc.utilities.runtestcaseforKatalon.compareLists is PASSED]]></system-out>
         <system-err><![CDATA[]]></system-err>
      </testcase>
      <testcase name="Test Cases/TC04_Canine_Filter_StudyType-ClinicalTrial" time="25.02" classname="Test Cases/TC04_Canine_Filter_StudyType-ClinicalTrial" status="PASSED">
         <system-out><![CDATA[2020-05-06 13:22:46 - [TEST_CASE][PASSED] - Test Cases/TC04_Canine_Filter_StudyType-ClinicalTrial: Test Cases/TC04_Canine_Filter_StudyType-ClinicalTrial

2020-05-06 13:22:47 - [TEST_STEP][PASSED] - openBrowser(""): Browser is opened with url: ''

2020-05-06 13:22:47 - [MESSAGE][WARNING] - A browser is already opened. Closing browser and opening a new one

2020-05-06 13:22:48 - [MESSAGE][INFO] - Starting 'Firefox (headless)' driver

2020-05-06 13:22:48 - [MESSAGE][INFO] - Action delay is set to 0 milliseconds

2020-05-06 13:22:50 - [MESSAGE][PASSED] - Browser is opened with url: ''

2020-05-06 13:22:50 - [TEST_STEP][PASSED] - ctdc.utilities.runtestcaseforKatalon.browserDriver(""): ctdc.utilities.runtestcaseforKatalon.browserDriver is PASSED

2020-05-06 13:22:50 - [MESSAGE][PASSED] - ctdc.utilities.runtestcaseforKatalon.browserDriver is PASSED

2020-05-06 13:22:50 - [TEST_STEP][PASSED] - ctdc.utilities.runtestcaseforKatalon.RunKatalon("TC04_Canine_Filter_StudyType-ClinicalTrial.xlsx"): Test Case sheet data loaded for test case to run. 

2020-05-06 13:22:50 - [MESSAGE][PASSED] - Test case file loaded This is the full filepath after converting to string :C:\laxmi\Katalon_May5\DataCommons_Automation\DataCommons_Automation\CTDC_Automation\InputFiles\TC04_Canine_Filter_StudyType-ClinicalTrial.xlsx

2020-05-06 13:22:50 - [MESSAGE][INFO] - Global variable set for password file is :  C:\laxmi\Katalon_May5\DataCommons_Automation\DataCommons_Automation\CTDC_Automation\InputFiles\TC04_Canine_Filter_StudyType-ClinicalTrial.xlsx

2020-05-06 13:22:50 - [MESSAGE][PASSED] - Test Case sheet data loaded for test case to run. 

2020-05-06 13:22:52 - [TEST_STEP][PASSED] - click(findTestObject("Object Repository/Canine/Canine_Cases_Btn")): Object: 'Object Repository/Canine/Canine_Cases_Btn' is clicked on

2020-05-06 13:22:52 - [MESSAGE][PASSED] - Object: 'Object Repository/Canine/Canine_Cases_Btn' is clicked on

2020-05-06 13:22:52 - [TEST_STEP][PASSED] - click(findTestObject("Canine/Filter/StudyType/Canine_Filter_StudyType")): Object: 'Object Repository/Canine/Filter/StudyType/Canine_Filter_StudyType' is clicked on

2020-05-06 13:22:54 - [MESSAGE][PASSED] - Object: 'Object Repository/Canine/Filter/StudyType/Canine_Filter_StudyType' is clicked on

2020-05-06 13:22:54 - [TEST_STEP][PASSED] - click(findTestObject("Canine/Filter/StudyType/Canine_Filter_StudyType-ClinTrials_Chkbx")): Object: 'Object Repository/Canine/Filter/StudyType/Canine_Filter_StudyType-ClinTrials_Chkbx' is clicked on

2020-05-06 13:22:55 - [MESSAGE][PASSED] - Object: 'Object Repository/Canine/Filter/StudyType/Canine_Filter_StudyType-ClinTrials_Chkbx' is clicked on

2020-05-06 13:22:55 - [TEST_STEP][PASSED] - ctdc.utilities.runtestcaseforKatalon.ReadCasesTableKatalon("Object Repository/Canine/Canine_CasesTable", "Object Repository/Canine/Canine_TableHeader", "Object Repository/Canine/Canine_NextBtn"): ctdc.utilities.runtestcaseforKatalon.ReadCasesTableKatalon is PASSED

2020-05-06 13:23:08 - [MESSAGE][PASSED] - ctdc.utilities.runtestcaseforKatalon.ReadCasesTableKatalon is PASSED

2020-05-06 13:23:08 - [TEST_STEP][PASSED] - ctdc.utilities.ReadExcel.Neo4j(): ctdc.utilities.ReadExcel.Neo4j is PASSED

2020-05-06 13:23:11 - [MESSAGE][PASSED] - ctdc.utilities.ReadExcel.Neo4j is PASSED

2020-05-06 13:23:11 - [TEST_STEP][PASSED] - ctdc.utilities.runtestcaseforKatalon.compareLists(): ctdc.utilities.runtestcaseforKatalon.compareLists is PASSED

2020-05-06 13:23:11 - [MESSAGE][PASSED] - ctdc.utilities.runtestcaseforKatalon.compareLists is PASSED]]></system-out>
         <system-err><![CDATA[]]></system-err>
      </testcase>
      <testcase name="Test Cases/TC05_Canine_Filter_StudyType-Transcriptomics" time="20.661" classname="Test Cases/TC05_Canine_Filter_StudyType-Transcriptomics" status="PASSED">
         <system-out><![CDATA[2020-05-06 13:23:11 - [TEST_CASE][PASSED] - Test Cases/TC05_Canine_Filter_StudyType-Transcriptomics: Test Cases/TC05_Canine_Filter_StudyType-Transcriptomics

2020-05-06 13:23:12 - [TEST_STEP][PASSED] - openBrowser(""): Browser is opened with url: ''

2020-05-06 13:23:12 - [MESSAGE][WARNING] - A browser is already opened. Closing browser and opening a new one

2020-05-06 13:23:13 - [MESSAGE][INFO] - Starting 'Firefox (headless)' driver

2020-05-06 13:23:13 - [MESSAGE][INFO] - Action delay is set to 0 milliseconds

2020-05-06 13:23:15 - [MESSAGE][PASSED] - Browser is opened with url: ''

2020-05-06 13:23:15 - [TEST_STEP][PASSED] - ctdc.utilities.runtestcaseforKatalon.browserDriver(""): ctdc.utilities.runtestcaseforKatalon.browserDriver is PASSED

2020-05-06 13:23:15 - [MESSAGE][PASSED] - ctdc.utilities.runtestcaseforKatalon.browserDriver is PASSED

2020-05-06 13:23:15 - [TEST_STEP][PASSED] - ctdc.utilities.runtestcaseforKatalon.RunKatalon("TC05_Canine_Filter_StudyType-Transcriptomics.xlsx"): Test Case sheet data loaded for test case to run. 

2020-05-06 13:23:15 - [MESSAGE][PASSED] - Test case file loaded This is the full filepath after converting to string :C:\laxmi\Katalon_May5\DataCommons_Automation\DataCommons_Automation\CTDC_Automation\InputFiles\TC05_Canine_Filter_StudyType-Transcriptomics.xlsx

2020-05-06 13:23:15 - [MESSAGE][INFO] - Global variable set for password file is :  C:\laxmi\Katalon_May5\DataCommons_Automation\DataCommons_Automation\CTDC_Automation\InputFiles\TC05_Canine_Filter_StudyType-Transcriptomics.xlsx

2020-05-06 13:23:15 - [MESSAGE][PASSED] - Test Case sheet data loaded for test case to run. 

2020-05-06 13:23:17 - [TEST_STEP][PASSED] - click(findTestObject("Object Repository/Canine/Canine_Cases_Btn")): Object: 'Object Repository/Canine/Canine_Cases_Btn' is clicked on

2020-05-06 13:23:17 - [MESSAGE][PASSED] - Object: 'Object Repository/Canine/Canine_Cases_Btn' is clicked on

2020-05-06 13:23:17 - [TEST_STEP][PASSED] - click(findTestObject("Canine/Filter/StudyType/Canine_Filter_StudyType")): Object: 'Object Repository/Canine/Filter/StudyType/Canine_Filter_StudyType' is clicked on

2020-05-06 13:23:19 - [MESSAGE][PASSED] - Object: 'Object Repository/Canine/Filter/StudyType/Canine_Filter_StudyType' is clicked on

2020-05-06 13:23:19 - [TEST_STEP][PASSED] - click(findTestObject("Canine/Filter/StudyType/Canine_Filter_StudyType-Transcrip_Chkbx")): Object: 'Object Repository/Canine/Filter/StudyType/Canine_Filter_StudyType-Transcrip_Chkbx' is clicked on

2020-05-06 13:23:19 - [MESSAGE][PASSED] - Object: 'Object Repository/Canine/Filter/StudyType/Canine_Filter_StudyType-Transcrip_Chkbx' is clicked on

2020-05-06 13:23:19 - [TEST_STEP][PASSED] - ctdc.utilities.runtestcaseforKatalon.ReadCasesTableKatalon("Object Repository/Canine/Canine_CasesTable", "Object Repository/Canine/Canine_TableHeader", "Object Repository/Canine/Canine_NextBtn"): ctdc.utilities.runtestcaseforKatalon.ReadCasesTableKatalon is PASSED

2020-05-06 13:23:29 - [MESSAGE][PASSED] - ctdc.utilities.runtestcaseforKatalon.ReadCasesTableKatalon is PASSED

2020-05-06 13:23:29 - [TEST_STEP][PASSED] - ctdc.utilities.ReadExcel.Neo4j(): ctdc.utilities.ReadExcel.Neo4j is PASSED

2020-05-06 13:23:32 - [MESSAGE][PASSED] - ctdc.utilities.ReadExcel.Neo4j is PASSED

2020-05-06 13:23:32 - [TEST_STEP][PASSED] - ctdc.utilities.runtestcaseforKatalon.compareLists(): ctdc.utilities.runtestcaseforKatalon.compareLists is PASSED

2020-05-06 13:23:32 - [MESSAGE][PASSED] - ctdc.utilities.runtestcaseforKatalon.compareLists is PASSED]]></system-out>
         <system-err><![CDATA[]]></system-err>
      </testcase>
      <testcase name="Test Cases/TC06_Canine_Filter_StudyType-ALL" time="34.196" classname="Test Cases/TC06_Canine_Filter_StudyType-ALL" status="PASSED">
         <system-out><![CDATA[2020-05-06 13:23:32 - [TEST_CASE][PASSED] - Test Cases/TC06_Canine_Filter_StudyType-ALL: Test Cases/TC06_Canine_Filter_StudyType-ALL

2020-05-06 13:23:32 - [TEST_STEP][PASSED] - openBrowser(""): Browser is opened with url: ''

2020-05-06 13:23:32 - [MESSAGE][WARNING] - A browser is already opened. Closing browser and opening a new one

2020-05-06 13:23:33 - [MESSAGE][INFO] - Starting 'Firefox (headless)' driver

2020-05-06 13:23:33 - [MESSAGE][INFO] - Action delay is set to 0 milliseconds

2020-05-06 13:23:36 - [MESSAGE][PASSED] - Browser is opened with url: ''

2020-05-06 13:23:36 - [TEST_STEP][PASSED] - ctdc.utilities.runtestcaseforKatalon.browserDriver(""): ctdc.utilities.runtestcaseforKatalon.browserDriver is PASSED

2020-05-06 13:23:36 - [MESSAGE][PASSED] - ctdc.utilities.runtestcaseforKatalon.browserDriver is PASSED

2020-05-06 13:23:36 - [TEST_STEP][PASSED] - ctdc.utilities.runtestcaseforKatalon.RunKatalon("TC06_Canine_Filter_StudyType-ALL.xlsx"): Test Case sheet data loaded for test case to run. 

2020-05-06 13:23:36 - [MESSAGE][PASSED] - Test case file loaded This is the full filepath after converting to string :C:\laxmi\Katalon_May5\DataCommons_Automation\DataCommons_Automation\CTDC_Automation\InputFiles\TC06_Canine_Filter_StudyType-ALL.xlsx

2020-05-06 13:23:36 - [MESSAGE][INFO] - Global variable set for password file is :  C:\laxmi\Katalon_May5\DataCommons_Automation\DataCommons_Automation\CTDC_Automation\InputFiles\TC06_Canine_Filter_StudyType-ALL.xlsx

2020-05-06 13:23:36 - [MESSAGE][PASSED] - Test Case sheet data loaded for test case to run. 

2020-05-06 13:23:38 - [TEST_STEP][PASSED] - click(findTestObject("Object Repository/Canine/Canine_Cases_Btn")): Object: 'Object Repository/Canine/Canine_Cases_Btn' is clicked on

2020-05-06 13:23:38 - [MESSAGE][PASSED] - Object: 'Object Repository/Canine/Canine_Cases_Btn' is clicked on

2020-05-06 13:23:38 - [TEST_STEP][PASSED] - click(findTestObject("Canine/Filter/StudyType/Canine_Filter_StudyType")): Object: 'Object Repository/Canine/Filter/StudyType/Canine_Filter_StudyType' is clicked on

2020-05-06 13:23:40 - [MESSAGE][PASSED] - Object: 'Object Repository/Canine/Filter/StudyType/Canine_Filter_StudyType' is clicked on

2020-05-06 13:23:40 - [TEST_STEP][PASSED] - click(findTestObject("Canine/Filter/StudyType/Canine_Filter_StudyType-ClinTrials_Chkbx")): Object: 'Object Repository/Canine/Filter/StudyType/Canine_Filter_StudyType-ClinTrials_Chkbx' is clicked on

2020-05-06 13:23:40 - [MESSAGE][PASSED] - Object: 'Object Repository/Canine/Filter/StudyType/Canine_Filter_StudyType-ClinTrials_Chkbx' is clicked on

2020-05-06 13:23:40 - [TEST_STEP][PASSED] - click(findTestObject("Canine/Filter/StudyType/Canine_Filter_StudyType-Transcrip_Chkbx")): Object: 'Object Repository/Canine/Filter/StudyType/Canine_Filter_StudyType-Transcrip_Chkbx' is clicked on

2020-05-06 13:23:40 - [MESSAGE][PASSED] - Object: 'Object Repository/Canine/Filter/StudyType/Canine_Filter_StudyType-Transcrip_Chkbx' is clicked on

2020-05-06 13:23:40 - [TEST_STEP][PASSED] - ctdc.utilities.runtestcaseforKatalon.ReadCasesTableKatalon("Object Repository/Canine/Canine_CasesTable", "Object Repository/Canine/Canine_TableHeader", "Object Repository/Canine/Canine_NextBtn"): ctdc.utilities.runtestcaseforKatalon.ReadCasesTableKatalon is PASSED

2020-05-06 13:24:03 - [MESSAGE][PASSED] - ctdc.utilities.runtestcaseforKatalon.ReadCasesTableKatalon is PASSED

2020-05-06 13:24:03 - [TEST_STEP][PASSED] - ctdc.utilities.ReadExcel.Neo4j(): ctdc.utilities.ReadExcel.Neo4j is PASSED

2020-05-06 13:24:06 - [MESSAGE][PASSED] - ctdc.utilities.ReadExcel.Neo4j is PASSED

2020-05-06 13:24:06 - [TEST_STEP][PASSED] - ctdc.utilities.runtestcaseforKatalon.compareLists(): ctdc.utilities.runtestcaseforKatalon.compareLists is PASSED

2020-05-06 13:24:06 - [MESSAGE][PASSED] - ctdc.utilities.runtestcaseforKatalon.compareLists is PASSED]]></system-out>
         <system-err><![CDATA[]]></system-err>
      </testcase>
      <testcase name="Test Cases/TC07_Canine_Filter_Breed-Akita" time="39.291" classname="Test Cases/TC07_Canine_Filter_Breed-Akita" status="FAILED">
         <failure type="FAILED" message="Test Cases/TC07_Canine_Filter_Breed-Akita FAILED.
Reason:
com.kms.katalon.core.exception.StepFailedException: Unable to click on object 'Object Repository/Canine/Filter/Breed/Akita_Chkbx'
	at com.kms.katalon.core.webui.keyword.internal.WebUIKeywordMain.stepFailed(WebUIKeywordMain.groovy:64)
	at com.kms.katalon.core.webui.keyword.internal.WebUIKeywordMain.runKeyword(WebUIKeywordMain.groovy:26)
	at com.kms.katalon.core.webui.keyword.builtin.ClickKeyword.click(ClickKeyword.groovy:76)
	at com.kms.katalon.core.webui.keyword.builtin.ClickKeyword.execute(ClickKeyword.groovy:43)
	at com.kms.katalon.core.keyword.internal.KeywordExecutor.executeKeywordForPlatform(KeywordExecutor.groovy:72)
	at com.kms.katalon.core.webui.keyword.WebUiBuiltInKeywords.click(WebUiBuiltInKeywords.groovy:616)
	at com.kms.katalon.core.webui.keyword.WebUiBuiltInKeywords$click$0.call(Unknown Source)
	at TC07_Canine_Filter_Breed-Akita.run(TC07_Canine_Filter_Breed-Akita:40)
	at com.kms.katalon.core.main.ScriptEngine.run(ScriptEngine.java:194)
	at com.kms.katalon.core.main.ScriptEngine.runScriptAsRawText(ScriptEngine.java:119)
	at com.kms.katalon.core.main.TestCaseExecutor.runScript(TestCaseExecutor.java:337)
	at com.kms.katalon.core.main.TestCaseExecutor.doExecute(TestCaseExecutor.java:328)
	at com.kms.katalon.core.main.TestCaseExecutor.processExecutionPhase(TestCaseExecutor.java:307)
	at com.kms.katalon.core.main.TestCaseExecutor.accessMainPhase(TestCaseExecutor.java:299)
	at com.kms.katalon.core.main.TestCaseExecutor.execute(TestCaseExecutor.java:233)
	at com.kms.katalon.core.main.TestSuiteExecutor.accessTestCaseMainPhase(TestSuiteExecutor.java:169)
	at com.kms.katalon.core.main.TestSuiteExecutor.accessTestSuiteMainPhase(TestSuiteExecutor.java:142)
	at com.kms.katalon.core.main.TestSuiteExecutor.execute(TestSuiteExecutor.java:91)
	at com.kms.katalon.core.main.TestCaseMain.startTestSuite(TestCaseMain.java:157)
	at com.kms.katalon.core.main.TestCaseMain$startTestSuite$0.call(Unknown Source)
	at TempTestSuite1588785681357.run(TempTestSuite1588785681357.groovy:36)
Caused by: com.kms.katalon.core.webui.exception.WebElementNotFoundException: Web element with id: 'Object Repository/Canine/Filter/Breed/Akita_Chkbx' located by 'By.xpath: ' not found
	at com.kms.katalon.core.webui.common.WebUiCommonHelper.findWebElement(WebUiCommonHelper.java:1154)
	at com.kms.katalon.core.webui.keyword.internal.WebUIAbstractKeyword.findWebElement(WebUIAbstractKeyword.groovy:27)
	at com.kms.katalon.core.webui.keyword.internal.WebUIAbstractKeyword.findWebElement(WebUIAbstractKeyword.groovy:26)
	at com.kms.katalon.core.webui.keyword.builtin.ClickKeyword$_click_closure1.doCall(ClickKeyword.groovy:67)
	at com.kms.katalon.core.webui.keyword.builtin.ClickKeyword$_click_closure1.call(ClickKeyword.groovy)
	at com.kms.katalon.core.webui.keyword.internal.WebUIKeywordMain.runKeyword(WebUIKeywordMain.groovy:20)
	... 19 more
"/>
         <system-out><![CDATA[2020-05-06 13:24:06 - [TEST_CASE][FAILED] - Test Cases/TC07_Canine_Filter_Breed-Akita: Test Cases/TC07_Canine_Filter_Breed-Akita FAILED.
Reason:
com.kms.katalon.core.exception.StepFailedException: Unable to click on object 'Object Repository/Canine/Filter/Breed/Akita_Chkbx'
	at com.kms.katalon.core.webui.keyword.internal.WebUIKeywordMain.stepFailed(WebUIKeywordMain.groovy:64)
	at com.kms.katalon.core.webui.keyword.internal.WebUIKeywordMain.runKeyword(WebUIKeywordMain.groovy:26)
	at com.kms.katalon.core.webui.keyword.builtin.ClickKeyword.click(ClickKeyword.groovy:76)
	at com.kms.katalon.core.webui.keyword.builtin.ClickKeyword.execute(ClickKeyword.groovy:43)
	at com.kms.katalon.core.keyword.internal.KeywordExecutor.executeKeywordForPlatform(KeywordExecutor.groovy:72)
	at com.kms.katalon.core.webui.keyword.WebUiBuiltInKeywords.click(WebUiBuiltInKeywords.groovy:616)
	at com.kms.katalon.core.webui.keyword.WebUiBuiltInKeywords$click$0.call(Unknown Source)
	at TC07_Canine_Filter_Breed-Akita.run(TC07_Canine_Filter_Breed-Akita:40)
	at com.kms.katalon.core.main.ScriptEngine.run(ScriptEngine.java:194)
	at com.kms.katalon.core.main.ScriptEngine.runScriptAsRawText(ScriptEngine.java:119)
	at com.kms.katalon.core.main.TestCaseExecutor.runScript(TestCaseExecutor.java:337)
	at com.kms.katalon.core.main.TestCaseExecutor.doExecute(TestCaseExecutor.java:328)
	at com.kms.katalon.core.main.TestCaseExecutor.processExecutionPhase(TestCaseExecutor.java:307)
	at com.kms.katalon.core.main.TestCaseExecutor.accessMainPhase(TestCaseExecutor.java:299)
	at com.kms.katalon.core.main.TestCaseExecutor.execute(TestCaseExecutor.java:233)
	at com.kms.katalon.core.main.TestSuiteExecutor.accessTestCaseMainPhase(TestSuiteExecutor.java:169)
	at com.kms.katalon.core.main.TestSuiteExecutor.accessTestSuiteMainPhase(TestSuiteExecutor.java:142)
	at com.kms.katalon.core.main.TestSuiteExecutor.execute(TestSuiteExecutor.java:91)
	at com.kms.katalon.core.main.TestCaseMain.startTestSuite(TestCaseMain.java:157)
	at com.kms.katalon.core.main.TestCaseMain$startTestSuite$0.call(Unknown Source)
	at TempTestSuite1588785681357.run(TempTestSuite1588785681357.groovy:36)
Caused by: com.kms.katalon.core.webui.exception.WebElementNotFoundException: Web element with id: 'Object Repository/Canine/Filter/Breed/Akita_Chkbx' located by 'By.xpath: ' not found
	at com.kms.katalon.core.webui.common.WebUiCommonHelper.findWebElement(WebUiCommonHelper.java:1154)
	at com.kms.katalon.core.webui.keyword.internal.WebUIAbstractKeyword.findWebElement(WebUIAbstractKeyword.groovy:27)
	at com.kms.katalon.core.webui.keyword.internal.WebUIAbstractKeyword.findWebElement(WebUIAbstractKeyword.groovy:26)
	at com.kms.katalon.core.webui.keyword.builtin.ClickKeyword$_click_closure1.doCall(ClickKeyword.groovy:67)
	at com.kms.katalon.core.webui.keyword.builtin.ClickKeyword$_click_closure1.call(ClickKeyword.groovy)
	at com.kms.katalon.core.webui.keyword.internal.WebUIKeywordMain.runKeyword(WebUIKeywordMain.groovy:20)
	... 19 more


2020-05-06 13:24:07 - [TEST_STEP][PASSED] - openBrowser(""): Browser is opened with url: ''

2020-05-06 13:24:07 - [MESSAGE][WARNING] - A browser is already opened. Closing browser and opening a new one

2020-05-06 13:24:08 - [MESSAGE][INFO] - Starting 'Firefox (headless)' driver

2020-05-06 13:24:08 - [MESSAGE][INFO] - Action delay is set to 0 milliseconds

2020-05-06 13:24:10 - [MESSAGE][PASSED] - Browser is opened with url: ''

2020-05-06 13:24:10 - [TEST_STEP][PASSED] - ctdc.utilities.runtestcaseforKatalon.browserDriver(""): ctdc.utilities.runtestcaseforKatalon.browserDriver is PASSED

2020-05-06 13:24:10 - [MESSAGE][PASSED] - ctdc.utilities.runtestcaseforKatalon.browserDriver is PASSED

2020-05-06 13:24:10 - [TEST_STEP][PASSED] - ctdc.utilities.runtestcaseforKatalon.RunKatalon("TC07_Canine_Filter_Breed-Akita.xlsx"): Test Case sheet data loaded for test case to run. 

2020-05-06 13:24:10 - [MESSAGE][PASSED] - Test case file loaded This is the full filepath after converting to string :C:\laxmi\Katalon_May5\DataCommons_Automation\DataCommons_Automation\CTDC_Automation\InputFiles\TC07_Canine_Filter_Breed-Akita.xlsx

2020-05-06 13:24:10 - [MESSAGE][INFO] - Global variable set for password file is :  C:\laxmi\Katalon_May5\DataCommons_Automation\DataCommons_Automation\CTDC_Automation\InputFiles\TC07_Canine_Filter_Breed-Akita.xlsx

2020-05-06 13:24:10 - [MESSAGE][PASSED] - Test Case sheet data loaded for test case to run. 

2020-05-06 13:24:13 - [TEST_STEP][PASSED] - click(findTestObject("Object Repository/Canine/Canine_Cases_Btn")): Object: 'Object Repository/Canine/Canine_Cases_Btn' is clicked on

2020-05-06 13:24:13 - [MESSAGE][PASSED] - Object: 'Object Repository/Canine/Canine_Cases_Btn' is clicked on

2020-05-06 13:24:13 - [TEST_STEP][PASSED] - click(findTestObject("Object Repository/Canine/Filter/Breed/BREED_Ddn")): Object: 'Object Repository/Canine/Filter/Breed/BREED_Ddn' is clicked on

2020-05-06 13:24:14 - [MESSAGE][PASSED] - Object: 'Object Repository/Canine/Filter/Breed/BREED_Ddn' is clicked on

2020-05-06 13:24:14 - [TEST_STEP][FAILED] - click(findTestObject("Object Repository/Canine/Filter/Breed/Akita_Chkbx")): Unable to click on object 'Object Repository/Canine/Filter/Breed/Akita_Chkbx' (Root cause: com.kms.katalon.core.exception.StepFailedException: Unable to click on object 'Object Repository/Canine/Filter/Breed/Akita_Chkbx'
	at com.kms.katalon.core.webui.keyword.internal.WebUIKeywordMain.stepFailed(WebUIKeywordMain.groovy:64)
	at com.kms.katalon.core.webui.keyword.internal.WebUIKeywordMain.runKeyword(WebUIKeywordMain.groovy:26)
	at com.kms.katalon.core.webui.keyword.builtin.ClickKeyword.click(ClickKeyword.groovy:76)
	at com.kms.katalon.core.webui.keyword.builtin.ClickKeyword.execute(ClickKeyword.groovy:43)
	at com.kms.katalon.core.keyword.internal.KeywordExecutor.executeKeywordForPlatform(KeywordExecutor.groovy:72)
	at com.kms.katalon.core.webui.keyword.WebUiBuiltInKeywords.click(WebUiBuiltInKeywords.groovy:616)
	at com.kms.katalon.core.webui.keyword.WebUiBuiltInKeywords$click$0.call(Unknown Source)
	at TC07_Canine_Filter_Breed-Akita.run(TC07_Canine_Filter_Breed-Akita:40)
	at com.kms.katalon.core.main.ScriptEngine.run(ScriptEngine.java:194)
	at com.kms.katalon.core.main.ScriptEngine.runScriptAsRawText(ScriptEngine.java:119)
	at com.kms.katalon.core.main.TestCaseExecutor.runScript(TestCaseExecutor.java:337)
	at com.kms.katalon.core.main.TestCaseExecutor.doExecute(TestCaseExecutor.java:328)
	at com.kms.katalon.core.main.TestCaseExecutor.processExecutionPhase(TestCaseExecutor.java:307)
	at com.kms.katalon.core.main.TestCaseExecutor.accessMainPhase(TestCaseExecutor.java:299)
	at com.kms.katalon.core.main.TestCaseExecutor.execute(TestCaseExecutor.java:233)
	at com.kms.katalon.core.main.TestSuiteExecutor.accessTestCaseMainPhase(TestSuiteExecutor.java:169)
	at com.kms.katalon.core.main.TestSuiteExecutor.accessTestSuiteMainPhase(TestSuiteExecutor.java:142)
	at com.kms.katalon.core.main.TestSuiteExecutor.execute(TestSuiteExecutor.java:91)
	at com.kms.katalon.core.main.TestCaseMain.startTestSuite(TestCaseMain.java:157)
	at com.kms.katalon.core.main.TestCaseMain$startTestSuite$0.call(Unknown Source)
	at TempTestSuite1588785681357.run(TempTestSuite1588785681357.groovy:36)
Caused by: com.kms.katalon.core.webui.exception.WebElementNotFoundException: Web element with id: 'Object Repository/Canine/Filter/Breed/Akita_Chkbx' located by 'By.xpath: ' not found
	at com.kms.katalon.core.webui.common.WebUiCommonHelper.findWebElement(WebUiCommonHelper.java:1154)
	at com.kms.katalon.core.webui.keyword.internal.WebUIAbstractKeyword.findWebElement(WebUIAbstractKeyword.groovy:27)
	at com.kms.katalon.core.webui.keyword.internal.WebUIAbstractKeyword.findWebElement(WebUIAbstractKeyword.groovy:26)
	at com.kms.katalon.core.webui.keyword.builtin.ClickKeyword$_click_closure1.doCall(ClickKeyword.groovy:67)
	at com.kms.katalon.core.webui.keyword.builtin.ClickKeyword$_click_closure1.call(ClickKeyword.groovy)
	at com.kms.katalon.core.webui.keyword.internal.WebUIKeywordMain.runKeyword(WebUIKeywordMain.groovy:20)
	at com.kms.katalon.core.webui.keyword.builtin.ClickKeyword.click(ClickKeyword.groovy:76)
	at com.kms.katalon.core.webui.keyword.builtin.ClickKeyword.execute(ClickKeyword.groovy:43)
	at com.kms.katalon.core.keyword.internal.KeywordExecutor.executeKeywordForPlatform(KeywordExecutor.groovy:72)
	at com.kms.katalon.core.webui.keyword.WebUiBuiltInKeywords.click(WebUiBuiltInKeywords.groovy:616)
	at com.kms.katalon.core.webui.keyword.WebUiBuiltInKeywords$click$0.call(Unknown Source)
	at Script1588748853070.run(Script1588748853070.groovy:40)
	... 13 more
)

2020-05-06 13:24:45 - [MESSAGE][INFO] - Unable to find the element located by 'By.xpath: '. Please recheck the objects properties to make sure the desired element is located. 

2020-05-06 13:24:45 - [MESSAGE][FAILED] - Unable to click on object 'Object Repository/Canine/Filter/Breed/Akita_Chkbx' (Root cause: com.kms.katalon.core.exception.StepFailedException: Unable to click on object 'Object Repository/Canine/Filter/Breed/Akita_Chkbx'
	at com.kms.katalon.core.webui.keyword.internal.WebUIKeywordMain.stepFailed(WebUIKeywordMain.groovy:64)
	at com.kms.katalon.core.webui.keyword.internal.WebUIKeywordMain.runKeyword(WebUIKeywordMain.groovy:26)
	at com.kms.katalon.core.webui.keyword.builtin.ClickKeyword.click(ClickKeyword.groovy:76)
	at com.kms.katalon.core.webui.keyword.builtin.ClickKeyword.execute(ClickKeyword.groovy:43)
	at com.kms.katalon.core.keyword.internal.KeywordExecutor.executeKeywordForPlatform(KeywordExecutor.groovy:72)
	at com.kms.katalon.core.webui.keyword.WebUiBuiltInKeywords.click(WebUiBuiltInKeywords.groovy:616)
	at com.kms.katalon.core.webui.keyword.WebUiBuiltInKeywords$click$0.call(Unknown Source)
	at TC07_Canine_Filter_Breed-Akita.run(TC07_Canine_Filter_Breed-Akita:40)
	at com.kms.katalon.core.main.ScriptEngine.run(ScriptEngine.java:194)
	at com.kms.katalon.core.main.ScriptEngine.runScriptAsRawText(ScriptEngine.java:119)
	at com.kms.katalon.core.main.TestCaseExecutor.runScript(TestCaseExecutor.java:337)
	at com.kms.katalon.core.main.TestCaseExecutor.doExecute(TestCaseExecutor.java:328)
	at com.kms.katalon.core.main.TestCaseExecutor.processExecutionPhase(TestCaseExecutor.java:307)
	at com.kms.katalon.core.main.TestCaseExecutor.accessMainPhase(TestCaseExecutor.java:299)
	at com.kms.katalon.core.main.TestCaseExecutor.execute(TestCaseExecutor.java:233)
	at com.kms.katalon.core.main.TestSuiteExecutor.accessTestCaseMainPhase(TestSuiteExecutor.java:169)
	at com.kms.katalon.core.main.TestSuiteExecutor.accessTestSuiteMainPhase(TestSuiteExecutor.java:142)
	at com.kms.katalon.core.main.TestSuiteExecutor.execute(TestSuiteExecutor.java:91)
	at com.kms.katalon.core.main.TestCaseMain.startTestSuite(TestCaseMain.java:157)
	at com.kms.katalon.core.main.TestCaseMain$startTestSuite$0.call(Unknown Source)
	at TempTestSuite1588785681357.run(TempTestSuite1588785681357.groovy:36)
Caused by: com.kms.katalon.core.webui.exception.WebElementNotFoundException: Web element with id: 'Object Repository/Canine/Filter/Breed/Akita_Chkbx' located by 'By.xpath: ' not found
	at com.kms.katalon.core.webui.common.WebUiCommonHelper.findWebElement(WebUiCommonHelper.java:1154)
	at com.kms.katalon.core.webui.keyword.internal.WebUIAbstractKeyword.findWebElement(WebUIAbstractKeyword.groovy:27)
	at com.kms.katalon.core.webui.keyword.internal.WebUIAbstractKeyword.findWebElement(WebUIAbstractKeyword.groovy:26)
	at com.kms.katalon.core.webui.keyword.builtin.ClickKeyword$_click_closure1.doCall(ClickKeyword.groovy:67)
	at com.kms.katalon.core.webui.keyword.builtin.ClickKeyword$_click_closure1.call(ClickKeyword.groovy)
	at com.kms.katalon.core.webui.keyword.internal.WebUIKeywordMain.runKeyword(WebUIKeywordMain.groovy:20)
	at com.kms.katalon.core.webui.keyword.builtin.ClickKeyword.click(ClickKeyword.groovy:76)
	at com.kms.katalon.core.webui.keyword.builtin.ClickKeyword.execute(ClickKeyword.groovy:43)
	at com.kms.katalon.core.keyword.internal.KeywordExecutor.executeKeywordForPlatform(KeywordExecutor.groovy:72)
	at com.kms.katalon.core.webui.keyword.WebUiBuiltInKeywords.click(WebUiBuiltInKeywords.groovy:616)
	at com.kms.katalon.core.webui.keyword.WebUiBuiltInKeywords$click$0.call(Unknown Source)
	at Script1588748853070.run(Script1588748853070.groovy:40)
	... 13 more
)
[[ATTACHMENT|C:\\laxmi\\Katalon_May5\\DataCommons_Automation\\DataCommons_Automation\\CTDC_Automation\\Reports\\20200506_132121\\TrialSuite\\20200506_132121\\1588785885829.png]]]]></system-out>
         <system-err><![CDATA[2020-05-06 13:24:06 - [TEST_CASE][FAILED] - Test Cases/TC07_Canine_Filter_Breed-Akita: Test Cases/TC07_Canine_Filter_Breed-Akita FAILED.
Reason:
com.kms.katalon.core.exception.StepFailedException: Unable to click on object 'Object Repository/Canine/Filter/Breed/Akita_Chkbx'
	at com.kms.katalon.core.webui.keyword.internal.WebUIKeywordMain.stepFailed(WebUIKeywordMain.groovy:64)
	at com.kms.katalon.core.webui.keyword.internal.WebUIKeywordMain.runKeyword(WebUIKeywordMain.groovy:26)
	at com.kms.katalon.core.webui.keyword.builtin.ClickKeyword.click(ClickKeyword.groovy:76)
	at com.kms.katalon.core.webui.keyword.builtin.ClickKeyword.execute(ClickKeyword.groovy:43)
	at com.kms.katalon.core.keyword.internal.KeywordExecutor.executeKeywordForPlatform(KeywordExecutor.groovy:72)
	at com.kms.katalon.core.webui.keyword.WebUiBuiltInKeywords.click(WebUiBuiltInKeywords.groovy:616)
	at com.kms.katalon.core.webui.keyword.WebUiBuiltInKeywords$click$0.call(Unknown Source)
	at TC07_Canine_Filter_Breed-Akita.run(TC07_Canine_Filter_Breed-Akita:40)
	at com.kms.katalon.core.main.ScriptEngine.run(ScriptEngine.java:194)
	at com.kms.katalon.core.main.ScriptEngine.runScriptAsRawText(ScriptEngine.java:119)
	at com.kms.katalon.core.main.TestCaseExecutor.runScript(TestCaseExecutor.java:337)
	at com.kms.katalon.core.main.TestCaseExecutor.doExecute(TestCaseExecutor.java:328)
	at com.kms.katalon.core.main.TestCaseExecutor.processExecutionPhase(TestCaseExecutor.java:307)
	at com.kms.katalon.core.main.TestCaseExecutor.accessMainPhase(TestCaseExecutor.java:299)
	at com.kms.katalon.core.main.TestCaseExecutor.execute(TestCaseExecutor.java:233)
	at com.kms.katalon.core.main.TestSuiteExecutor.accessTestCaseMainPhase(TestSuiteExecutor.java:169)
	at com.kms.katalon.core.main.TestSuiteExecutor.accessTestSuiteMainPhase(TestSuiteExecutor.java:142)
	at com.kms.katalon.core.main.TestSuiteExecutor.execute(TestSuiteExecutor.java:91)
	at com.kms.katalon.core.main.TestCaseMain.startTestSuite(TestCaseMain.java:157)
	at com.kms.katalon.core.main.TestCaseMain$startTestSuite$0.call(Unknown Source)
	at TempTestSuite1588785681357.run(TempTestSuite1588785681357.groovy:36)
Caused by: com.kms.katalon.core.webui.exception.WebElementNotFoundException: Web element with id: 'Object Repository/Canine/Filter/Breed/Akita_Chkbx' located by 'By.xpath: ' not found
	at com.kms.katalon.core.webui.common.WebUiCommonHelper.findWebElement(WebUiCommonHelper.java:1154)
	at com.kms.katalon.core.webui.keyword.internal.WebUIAbstractKeyword.findWebElement(WebUIAbstractKeyword.groovy:27)
	at com.kms.katalon.core.webui.keyword.internal.WebUIAbstractKeyword.findWebElement(WebUIAbstractKeyword.groovy:26)
	at com.kms.katalon.core.webui.keyword.builtin.ClickKeyword$_click_closure1.doCall(ClickKeyword.groovy:67)
	at com.kms.katalon.core.webui.keyword.builtin.ClickKeyword$_click_closure1.call(ClickKeyword.groovy)
	at com.kms.katalon.core.webui.keyword.internal.WebUIKeywordMain.runKeyword(WebUIKeywordMain.groovy:20)
	... 19 more]]></system-err>
      </testcase>
      <testcase name="Test Cases/TC08_Canine_Filter_Breed-AmerStaffd" time="10.172" classname="Test Cases/TC08_Canine_Filter_Breed-AmerStaffd" status="PASSED">
         <system-out><![CDATA[2020-05-06 13:24:45 - [TEST_CASE][PASSED] - Test Cases/TC08_Canine_Filter_Breed-AmerStaffd: Test Cases/TC08_Canine_Filter_Breed-AmerStaffd

2020-05-06 13:24:46 - [TEST_STEP][PASSED] - openBrowser(""): Browser is opened with url: ''

2020-05-06 13:24:46 - [MESSAGE][WARNING] - A browser is already opened. Closing browser and opening a new one

2020-05-06 13:24:47 - [MESSAGE][INFO] - Starting 'Firefox (headless)' driver

2020-05-06 13:24:47 - [MESSAGE][INFO] - Action delay is set to 0 milliseconds

2020-05-06 13:24:49 - [MESSAGE][PASSED] - Browser is opened with url: ''

2020-05-06 13:24:49 - [TEST_STEP][PASSED] - ctdc.utilities.runtestcaseforKatalon.browserDriver(""): ctdc.utilities.runtestcaseforKatalon.browserDriver is PASSED

2020-05-06 13:24:49 - [MESSAGE][PASSED] - ctdc.utilities.runtestcaseforKatalon.browserDriver is PASSED

2020-05-06 13:24:49 - [TEST_STEP][PASSED] - ctdc.utilities.runtestcaseforKatalon.RunKatalon("TC08_Canine_Filter_Breed-AmerStaffd.xlsx"): Test Case sheet data loaded for test case to run. 

2020-05-06 13:24:49 - [MESSAGE][PASSED] - Test case file loaded This is the full filepath after converting to string :C:\laxmi\Katalon_May5\DataCommons_Automation\DataCommons_Automation\CTDC_Automation\InputFiles\TC08_Canine_Filter_Breed-AmerStaffd.xlsx

2020-05-06 13:24:49 - [MESSAGE][INFO] - Global variable set for password file is :  C:\laxmi\Katalon_May5\DataCommons_Automation\DataCommons_Automation\CTDC_Automation\InputFiles\TC08_Canine_Filter_Breed-AmerStaffd.xlsx

2020-05-06 13:24:50 - [MESSAGE][PASSED] - Test Case sheet data loaded for test case to run. 

2020-05-06 13:24:52 - [TEST_STEP][PASSED] - click(findTestObject("Object Repository/Canine/Canine_Cases_Btn")): Object: 'Object Repository/Canine/Canine_Cases_Btn' is clicked on

2020-05-06 13:24:52 - [MESSAGE][PASSED] - Object: 'Object Repository/Canine/Canine_Cases_Btn' is clicked on

2020-05-06 13:24:52 - [TEST_STEP][PASSED] - click(findTestObject("Object Repository/Canine/Filter/Breed/BREED_Ddn")): Object: 'Object Repository/Canine/Filter/Breed/BREED_Ddn' is clicked on

2020-05-06 13:24:54 - [MESSAGE][PASSED] - Object: 'Object Repository/Canine/Filter/Breed/BREED_Ddn' is clicked on

2020-05-06 13:24:54 - [TEST_STEP][PASSED] - click(findTestObject("Object Repository/Canine/Filter/Breed/AmerStaffd_Chkbx")): Object: 'Object Repository/Canine/Filter/Breed/AmerStaffd_Chkbx' is clicked on

2020-05-06 13:24:54 - [MESSAGE][PASSED] - Object: 'Object Repository/Canine/Filter/Breed/AmerStaffd_Chkbx' is clicked on

2020-05-06 13:24:54 - [TEST_STEP][PASSED] - ctdc.utilities.runtestcaseforKatalon.ReadCasesTableKatalon("Object Repository/Canine/Canine_CasesTable", "Object Repository/Canine/Canine_TableHeader", "Object Repository/Canine/Canine_NextBtn"): ctdc.utilities.runtestcaseforKatalon.ReadCasesTableKatalon is PASSED

2020-05-06 13:24:55 - [MESSAGE][PASSED] - ctdc.utilities.runtestcaseforKatalon.ReadCasesTableKatalon is PASSED

2020-05-06 13:24:55 - [TEST_STEP][PASSED] - ctdc.utilities.ReadExcel.Neo4j(): ctdc.utilities.ReadExcel.Neo4j is PASSED

2020-05-06 13:24:56 - [MESSAGE][PASSED] - ctdc.utilities.ReadExcel.Neo4j is PASSED

2020-05-06 13:24:56 - [TEST_STEP][PASSED] - ctdc.utilities.runtestcaseforKatalon.compareLists(): ctdc.utilities.runtestcaseforKatalon.compareLists is PASSED

2020-05-06 13:24:56 - [MESSAGE][PASSED] - ctdc.utilities.runtestcaseforKatalon.compareLists is PASSED]]></system-out>
         <system-err><![CDATA[]]></system-err>
      </testcase>
      <testcase name="Test Cases/TC09_Canine_Filter_Breed-AusShephd" time="4.202" classname="Test Cases/TC09_Canine_Filter_Breed-AusShephd" status="ERROR">
         <error type="ERROR" message="Test Cases/TC09_Canine_Filter_Breed-AusShephd FAILED.
Reason:
org.codehaus.groovy.runtime.InvokerInvocationException: java.io.FileNotFoundException: C:\laxmi\Katalon_May5\DataCommons_Automation\DataCommons_Automation\CTDC_Automation\InputFiles\TC7_Canine_Filter_Breed-Akita.xlsx (The system cannot find the file specified)
	at ctdc.utilities.runtestcaseforKatalon.invokeMethod(runtestcaseforKatalon.groovy)
	at com.kms.katalon.core.main.CustomKeywordDelegatingMetaClass.invokeStaticMethod(CustomKeywordDelegatingMetaClass.java:50)
	at TC09_Canine_Filter_Breed-AusShephd.run(TC09_Canine_Filter_Breed-AusShephd:34)
	at com.kms.katalon.core.main.ScriptEngine.run(ScriptEngine.java:194)
	at com.kms.katalon.core.main.ScriptEngine.runScriptAsRawText(ScriptEngine.java:119)
	at com.kms.katalon.core.main.TestCaseExecutor.runScript(TestCaseExecutor.java:337)
	at com.kms.katalon.core.main.TestCaseExecutor.doExecute(TestCaseExecutor.java:328)
	at com.kms.katalon.core.main.TestCaseExecutor.processExecutionPhase(TestCaseExecutor.java:307)
	at com.kms.katalon.core.main.TestCaseExecutor.accessMainPhase(TestCaseExecutor.java:299)
	at com.kms.katalon.core.main.TestCaseExecutor.execute(TestCaseExecutor.java:233)
	at com.kms.katalon.core.main.TestSuiteExecutor.accessTestCaseMainPhase(TestSuiteExecutor.java:169)
	at com.kms.katalon.core.main.TestSuiteExecutor.accessTestSuiteMainPhase(TestSuiteExecutor.java:142)
	at com.kms.katalon.core.main.TestSuiteExecutor.execute(TestSuiteExecutor.java:91)
	at com.kms.katalon.core.main.TestCaseMain.startTestSuite(TestCaseMain.java:157)
	at com.kms.katalon.core.main.TestCaseMain$startTestSuite$0.call(Unknown Source)
	at TempTestSuite1588785681357.run(TempTestSuite1588785681357.groovy:36)
Caused by: java.io.FileNotFoundException: C:\laxmi\Katalon_May5\DataCommons_Automation\DataCommons_Automation\CTDC_Automation\InputFiles\TC7_Canine_Filter_Breed-Akita.xlsx (The system cannot find the file specified)
	at ctdc.utilities.runtestcaseforKatalon.RunKatalon(runtestcaseforKatalon.groovy:53)
	... 16 more
"/>
         <system-out><![CDATA[2020-05-06 13:24:56 - [TEST_CASE][ERROR] - Test Cases/TC09_Canine_Filter_Breed-AusShephd: Test Cases/TC09_Canine_Filter_Breed-AusShephd FAILED.
Reason:
org.codehaus.groovy.runtime.InvokerInvocationException: java.io.FileNotFoundException: C:\laxmi\Katalon_May5\DataCommons_Automation\DataCommons_Automation\CTDC_Automation\InputFiles\TC7_Canine_Filter_Breed-Akita.xlsx (The system cannot find the file specified)
	at ctdc.utilities.runtestcaseforKatalon.invokeMethod(runtestcaseforKatalon.groovy)
	at com.kms.katalon.core.main.CustomKeywordDelegatingMetaClass.invokeStaticMethod(CustomKeywordDelegatingMetaClass.java:50)
	at TC09_Canine_Filter_Breed-AusShephd.run(TC09_Canine_Filter_Breed-AusShephd:34)
	at com.kms.katalon.core.main.ScriptEngine.run(ScriptEngine.java:194)
	at com.kms.katalon.core.main.ScriptEngine.runScriptAsRawText(ScriptEngine.java:119)
	at com.kms.katalon.core.main.TestCaseExecutor.runScript(TestCaseExecutor.java:337)
	at com.kms.katalon.core.main.TestCaseExecutor.doExecute(TestCaseExecutor.java:328)
	at com.kms.katalon.core.main.TestCaseExecutor.processExecutionPhase(TestCaseExecutor.java:307)
	at com.kms.katalon.core.main.TestCaseExecutor.accessMainPhase(TestCaseExecutor.java:299)
	at com.kms.katalon.core.main.TestCaseExecutor.execute(TestCaseExecutor.java:233)
	at com.kms.katalon.core.main.TestSuiteExecutor.accessTestCaseMainPhase(TestSuiteExecutor.java:169)
	at com.kms.katalon.core.main.TestSuiteExecutor.accessTestSuiteMainPhase(TestSuiteExecutor.java:142)
	at com.kms.katalon.core.main.TestSuiteExecutor.execute(TestSuiteExecutor.java:91)
	at com.kms.katalon.core.main.TestCaseMain.startTestSuite(TestCaseMain.java:157)
	at com.kms.katalon.core.main.TestCaseMain$startTestSuite$0.call(Unknown Source)
	at TempTestSuite1588785681357.run(TempTestSuite1588785681357.groovy:36)
Caused by: java.io.FileNotFoundException: C:\laxmi\Katalon_May5\DataCommons_Automation\DataCommons_Automation\CTDC_Automation\InputFiles\TC7_Canine_Filter_Breed-Akita.xlsx (The system cannot find the file specified)
	at ctdc.utilities.runtestcaseforKatalon.RunKatalon(runtestcaseforKatalon.groovy:53)
	... 16 more


2020-05-06 13:24:56 - [TEST_STEP][PASSED] - openBrowser(""): Browser is opened with url: ''

2020-05-06 13:24:56 - [MESSAGE][WARNING] - A browser is already opened. Closing browser and opening a new one

2020-05-06 13:24:57 - [MESSAGE][INFO] - Starting 'Firefox (headless)' driver

2020-05-06 13:24:57 - [MESSAGE][INFO] - Action delay is set to 0 milliseconds

2020-05-06 13:25:00 - [MESSAGE][PASSED] - Browser is opened with url: ''

2020-05-06 13:25:00 - [TEST_STEP][PASSED] - ctdc.utilities.runtestcaseforKatalon.browserDriver(""): ctdc.utilities.runtestcaseforKatalon.browserDriver is PASSED

2020-05-06 13:25:00 - [MESSAGE][PASSED] - ctdc.utilities.runtestcaseforKatalon.browserDriver is PASSED

2020-05-06 13:25:00 - [TEST_STEP][ERROR] - ctdc.utilities.runtestcaseforKatalon.RunKatalon("TC7_Canine_Filter_Breed-Akita.xlsx"): java.io.FileNotFoundException: C:\laxmi\Katalon_May5\DataCommons_Automation\DataCommons_Automation\CTDC_Automation\InputFiles\TC7_Canine_Filter_Breed-Akita.xlsx (The system cannot find the file specified)

2020-05-06 13:25:00 - [MESSAGE][PASSED] - Test case file loaded This is the full filepath after converting to string :C:\laxmi\Katalon_May5\DataCommons_Automation\DataCommons_Automation\CTDC_Automation\InputFiles\TC7_Canine_Filter_Breed-Akita.xlsx

2020-05-06 13:25:00 - [MESSAGE][INFO] - Global variable set for password file is :  C:\laxmi\Katalon_May5\DataCommons_Automation\DataCommons_Automation\CTDC_Automation\InputFiles\TC7_Canine_Filter_Breed-Akita.xlsx

2020-05-06 13:25:00 - [MESSAGE][ERROR] - java.io.FileNotFoundException: C:\laxmi\Katalon_May5\DataCommons_Automation\DataCommons_Automation\CTDC_Automation\InputFiles\TC7_Canine_Filter_Breed-Akita.xlsx (The system cannot find the file specified)]]></system-out>
         <system-err><![CDATA[2020-05-06 13:24:56 - [TEST_CASE][ERROR] - Test Cases/TC09_Canine_Filter_Breed-AusShephd: Test Cases/TC09_Canine_Filter_Breed-AusShephd FAILED.
Reason:
org.codehaus.groovy.runtime.InvokerInvocationException: java.io.FileNotFoundException: C:\laxmi\Katalon_May5\DataCommons_Automation\DataCommons_Automation\CTDC_Automation\InputFiles\TC7_Canine_Filter_Breed-Akita.xlsx (The system cannot find the file specified)
	at ctdc.utilities.runtestcaseforKatalon.invokeMethod(runtestcaseforKatalon.groovy)
	at com.kms.katalon.core.main.CustomKeywordDelegatingMetaClass.invokeStaticMethod(CustomKeywordDelegatingMetaClass.java:50)
	at TC09_Canine_Filter_Breed-AusShephd.run(TC09_Canine_Filter_Breed-AusShephd:34)
	at com.kms.katalon.core.main.ScriptEngine.run(ScriptEngine.java:194)
	at com.kms.katalon.core.main.ScriptEngine.runScriptAsRawText(ScriptEngine.java:119)
	at com.kms.katalon.core.main.TestCaseExecutor.runScript(TestCaseExecutor.java:337)
	at com.kms.katalon.core.main.TestCaseExecutor.doExecute(TestCaseExecutor.java:328)
	at com.kms.katalon.core.main.TestCaseExecutor.processExecutionPhase(TestCaseExecutor.java:307)
	at com.kms.katalon.core.main.TestCaseExecutor.accessMainPhase(TestCaseExecutor.java:299)
	at com.kms.katalon.core.main.TestCaseExecutor.execute(TestCaseExecutor.java:233)
	at com.kms.katalon.core.main.TestSuiteExecutor.accessTestCaseMainPhase(TestSuiteExecutor.java:169)
	at com.kms.katalon.core.main.TestSuiteExecutor.accessTestSuiteMainPhase(TestSuiteExecutor.java:142)
	at com.kms.katalon.core.main.TestSuiteExecutor.execute(TestSuiteExecutor.java:91)
	at com.kms.katalon.core.main.TestCaseMain.startTestSuite(TestCaseMain.java:157)
	at com.kms.katalon.core.main.TestCaseMain$startTestSuite$0.call(Unknown Source)
	at TempTestSuite1588785681357.run(TempTestSuite1588785681357.groovy:36)
Caused by: java.io.FileNotFoundException: C:\laxmi\Katalon_May5\DataCommons_Automation\DataCommons_Automation\CTDC_Automation\InputFiles\TC7_Canine_Filter_Breed-Akita.xlsx (The system cannot find the file specified)
	at ctdc.utilities.runtestcaseforKatalon.RunKatalon(runtestcaseforKatalon.groovy:53)
	... 16 more]]></system-err>
      </testcase>
      <testcase name="Test Cases/TC10_Canine_Filter_Breed-BassHnd" time="4.03" classname="Test Cases/TC10_Canine_Filter_Breed-BassHnd" status="ERROR">
         <error type="ERROR" message="Test Cases/TC10_Canine_Filter_Breed-BassHnd FAILED.
Reason:
org.codehaus.groovy.runtime.InvokerInvocationException: java.io.FileNotFoundException: C:\laxmi\Katalon_May5\DataCommons_Automation\DataCommons_Automation\CTDC_Automation\InputFiles\TC7_Canine_Filter_Breed-Akita.xlsx (The system cannot find the file specified)
	at ctdc.utilities.runtestcaseforKatalon.invokeMethod(runtestcaseforKatalon.groovy)
	at com.kms.katalon.core.main.CustomKeywordDelegatingMetaClass.invokeStaticMethod(CustomKeywordDelegatingMetaClass.java:50)
	at TC10_Canine_Filter_Breed-BassHnd.run(TC10_Canine_Filter_Breed-BassHnd:34)
	at com.kms.katalon.core.main.ScriptEngine.run(ScriptEngine.java:194)
	at com.kms.katalon.core.main.ScriptEngine.runScriptAsRawText(ScriptEngine.java:119)
	at com.kms.katalon.core.main.TestCaseExecutor.runScript(TestCaseExecutor.java:337)
	at com.kms.katalon.core.main.TestCaseExecutor.doExecute(TestCaseExecutor.java:328)
	at com.kms.katalon.core.main.TestCaseExecutor.processExecutionPhase(TestCaseExecutor.java:307)
	at com.kms.katalon.core.main.TestCaseExecutor.accessMainPhase(TestCaseExecutor.java:299)
	at com.kms.katalon.core.main.TestCaseExecutor.execute(TestCaseExecutor.java:233)
	at com.kms.katalon.core.main.TestSuiteExecutor.accessTestCaseMainPhase(TestSuiteExecutor.java:169)
	at com.kms.katalon.core.main.TestSuiteExecutor.accessTestSuiteMainPhase(TestSuiteExecutor.java:142)
	at com.kms.katalon.core.main.TestSuiteExecutor.execute(TestSuiteExecutor.java:91)
	at com.kms.katalon.core.main.TestCaseMain.startTestSuite(TestCaseMain.java:157)
	at com.kms.katalon.core.main.TestCaseMain$startTestSuite$0.call(Unknown Source)
	at TempTestSuite1588785681357.run(TempTestSuite1588785681357.groovy:36)
Caused by: java.io.FileNotFoundException: C:\laxmi\Katalon_May5\DataCommons_Automation\DataCommons_Automation\CTDC_Automation\InputFiles\TC7_Canine_Filter_Breed-Akita.xlsx (The system cannot find the file specified)
	at ctdc.utilities.runtestcaseforKatalon.RunKatalon(runtestcaseforKatalon.groovy:53)
	... 16 more
"/>
         <system-out><![CDATA[2020-05-06 13:25:00 - [TEST_CASE][ERROR] - Test Cases/TC10_Canine_Filter_Breed-BassHnd: Test Cases/TC10_Canine_Filter_Breed-BassHnd FAILED.
Reason:
org.codehaus.groovy.runtime.InvokerInvocationException: java.io.FileNotFoundException: C:\laxmi\Katalon_May5\DataCommons_Automation\DataCommons_Automation\CTDC_Automation\InputFiles\TC7_Canine_Filter_Breed-Akita.xlsx (The system cannot find the file specified)
	at ctdc.utilities.runtestcaseforKatalon.invokeMethod(runtestcaseforKatalon.groovy)
	at com.kms.katalon.core.main.CustomKeywordDelegatingMetaClass.invokeStaticMethod(CustomKeywordDelegatingMetaClass.java:50)
	at TC10_Canine_Filter_Breed-BassHnd.run(TC10_Canine_Filter_Breed-BassHnd:34)
	at com.kms.katalon.core.main.ScriptEngine.run(ScriptEngine.java:194)
	at com.kms.katalon.core.main.ScriptEngine.runScriptAsRawText(ScriptEngine.java:119)
	at com.kms.katalon.core.main.TestCaseExecutor.runScript(TestCaseExecutor.java:337)
	at com.kms.katalon.core.main.TestCaseExecutor.doExecute(TestCaseExecutor.java:328)
	at com.kms.katalon.core.main.TestCaseExecutor.processExecutionPhase(TestCaseExecutor.java:307)
	at com.kms.katalon.core.main.TestCaseExecutor.accessMainPhase(TestCaseExecutor.java:299)
	at com.kms.katalon.core.main.TestCaseExecutor.execute(TestCaseExecutor.java:233)
	at com.kms.katalon.core.main.TestSuiteExecutor.accessTestCaseMainPhase(TestSuiteExecutor.java:169)
	at com.kms.katalon.core.main.TestSuiteExecutor.accessTestSuiteMainPhase(TestSuiteExecutor.java:142)
	at com.kms.katalon.core.main.TestSuiteExecutor.execute(TestSuiteExecutor.java:91)
	at com.kms.katalon.core.main.TestCaseMain.startTestSuite(TestCaseMain.java:157)
	at com.kms.katalon.core.main.TestCaseMain$startTestSuite$0.call(Unknown Source)
	at TempTestSuite1588785681357.run(TempTestSuite1588785681357.groovy:36)
Caused by: java.io.FileNotFoundException: C:\laxmi\Katalon_May5\DataCommons_Automation\DataCommons_Automation\CTDC_Automation\InputFiles\TC7_Canine_Filter_Breed-Akita.xlsx (The system cannot find the file specified)
	at ctdc.utilities.runtestcaseforKatalon.RunKatalon(runtestcaseforKatalon.groovy:53)
	... 16 more


2020-05-06 13:25:00 - [TEST_STEP][PASSED] - openBrowser(""): Browser is opened with url: ''

2020-05-06 13:25:00 - [MESSAGE][WARNING] - A browser is already opened. Closing browser and opening a new one

2020-05-06 13:25:01 - [MESSAGE][INFO] - Starting 'Firefox (headless)' driver

2020-05-06 13:25:01 - [MESSAGE][INFO] - Action delay is set to 0 milliseconds

2020-05-06 13:25:04 - [MESSAGE][PASSED] - Browser is opened with url: ''

2020-05-06 13:25:04 - [TEST_STEP][PASSED] - ctdc.utilities.runtestcaseforKatalon.browserDriver(""): ctdc.utilities.runtestcaseforKatalon.browserDriver is PASSED

2020-05-06 13:25:04 - [MESSAGE][PASSED] - ctdc.utilities.runtestcaseforKatalon.browserDriver is PASSED

2020-05-06 13:25:04 - [TEST_STEP][ERROR] - ctdc.utilities.runtestcaseforKatalon.RunKatalon("TC7_Canine_Filter_Breed-Akita.xlsx"): java.io.FileNotFoundException: C:\laxmi\Katalon_May5\DataCommons_Automation\DataCommons_Automation\CTDC_Automation\InputFiles\TC7_Canine_Filter_Breed-Akita.xlsx (The system cannot find the file specified)

2020-05-06 13:25:04 - [MESSAGE][PASSED] - Test case file loaded This is the full filepath after converting to string :C:\laxmi\Katalon_May5\DataCommons_Automation\DataCommons_Automation\CTDC_Automation\InputFiles\TC7_Canine_Filter_Breed-Akita.xlsx

2020-05-06 13:25:04 - [MESSAGE][INFO] - Global variable set for password file is :  C:\laxmi\Katalon_May5\DataCommons_Automation\DataCommons_Automation\CTDC_Automation\InputFiles\TC7_Canine_Filter_Breed-Akita.xlsx

2020-05-06 13:25:04 - [MESSAGE][ERROR] - java.io.FileNotFoundException: C:\laxmi\Katalon_May5\DataCommons_Automation\DataCommons_Automation\CTDC_Automation\InputFiles\TC7_Canine_Filter_Breed-Akita.xlsx (The system cannot find the file specified)]]></system-out>
         <system-err><![CDATA[2020-05-06 13:25:00 - [TEST_CASE][ERROR] - Test Cases/TC10_Canine_Filter_Breed-BassHnd: Test Cases/TC10_Canine_Filter_Breed-BassHnd FAILED.
Reason:
org.codehaus.groovy.runtime.InvokerInvocationException: java.io.FileNotFoundException: C:\laxmi\Katalon_May5\DataCommons_Automation\DataCommons_Automation\CTDC_Automation\InputFiles\TC7_Canine_Filter_Breed-Akita.xlsx (The system cannot find the file specified)
	at ctdc.utilities.runtestcaseforKatalon.invokeMethod(runtestcaseforKatalon.groovy)
	at com.kms.katalon.core.main.CustomKeywordDelegatingMetaClass.invokeStaticMethod(CustomKeywordDelegatingMetaClass.java:50)
	at TC10_Canine_Filter_Breed-BassHnd.run(TC10_Canine_Filter_Breed-BassHnd:34)
	at com.kms.katalon.core.main.ScriptEngine.run(ScriptEngine.java:194)
	at com.kms.katalon.core.main.ScriptEngine.runScriptAsRawText(ScriptEngine.java:119)
	at com.kms.katalon.core.main.TestCaseExecutor.runScript(TestCaseExecutor.java:337)
	at com.kms.katalon.core.main.TestCaseExecutor.doExecute(TestCaseExecutor.java:328)
	at com.kms.katalon.core.main.TestCaseExecutor.processExecutionPhase(TestCaseExecutor.java:307)
	at com.kms.katalon.core.main.TestCaseExecutor.accessMainPhase(TestCaseExecutor.java:299)
	at com.kms.katalon.core.main.TestCaseExecutor.execute(TestCaseExecutor.java:233)
	at com.kms.katalon.core.main.TestSuiteExecutor.accessTestCaseMainPhase(TestSuiteExecutor.java:169)
	at com.kms.katalon.core.main.TestSuiteExecutor.accessTestSuiteMainPhase(TestSuiteExecutor.java:142)
	at com.kms.katalon.core.main.TestSuiteExecutor.execute(TestSuiteExecutor.java:91)
	at com.kms.katalon.core.main.TestCaseMain.startTestSuite(TestCaseMain.java:157)
	at com.kms.katalon.core.main.TestCaseMain$startTestSuite$0.call(Unknown Source)
	at TempTestSuite1588785681357.run(TempTestSuite1588785681357.groovy:36)
Caused by: java.io.FileNotFoundException: C:\laxmi\Katalon_May5\DataCommons_Automation\DataCommons_Automation\CTDC_Automation\InputFiles\TC7_Canine_Filter_Breed-Akita.xlsx (The system cannot find the file specified)
	at ctdc.utilities.runtestcaseforKatalon.RunKatalon(runtestcaseforKatalon.groovy:53)
	... 16 more]]></system-err>
      </testcase>
      <testcase name="Test Cases/TC01_Canine_Filter_Study-COTB" time="24.628" classname="Test Cases/TC01_Canine_Filter_Study-COTB" status="PASSED">
         <system-out><![CDATA[2020-05-06 13:25:04 - [TEST_CASE][PASSED] - Test Cases/TC01_Canine_Filter_Study-COTB: Test Cases/TC01_Canine_Filter_Study-COTB

2020-05-06 13:25:04 - [TEST_STEP][PASSED] - openBrowser(""): Browser is opened with url: ''

2020-05-06 13:25:04 - [MESSAGE][WARNING] - A browser is already opened. Closing browser and opening a new one

2020-05-06 13:25:05 - [MESSAGE][INFO] - Starting 'Firefox (headless)' driver

2020-05-06 13:25:05 - [MESSAGE][INFO] - Action delay is set to 0 milliseconds

2020-05-06 13:25:07 - [MESSAGE][PASSED] - Browser is opened with url: ''

2020-05-06 13:25:07 - [TEST_STEP][PASSED] - ctdc.utilities.runtestcaseforKatalon.browserDriver(""): ctdc.utilities.runtestcaseforKatalon.browserDriver is PASSED

2020-05-06 13:25:07 - [MESSAGE][PASSED] - ctdc.utilities.runtestcaseforKatalon.browserDriver is PASSED

2020-05-06 13:25:07 - [TEST_STEP][PASSED] - ctdc.utilities.runtestcaseforKatalon.RunKatalon("TC01_Canine_Filter_Study-COTB.xlsx"): Test Case sheet data loaded for test case to run. 

2020-05-06 13:25:07 - [MESSAGE][PASSED] - Test case file loaded This is the full filepath after converting to string :C:\laxmi\Katalon_May5\DataCommons_Automation\DataCommons_Automation\CTDC_Automation\InputFiles\TC01_Canine_Filter_Study-COTB.xlsx

2020-05-06 13:25:07 - [MESSAGE][INFO] - Global variable set for password file is :  C:\laxmi\Katalon_May5\DataCommons_Automation\DataCommons_Automation\CTDC_Automation\InputFiles\TC01_Canine_Filter_Study-COTB.xlsx

2020-05-06 13:25:07 - [MESSAGE][PASSED] - Test Case sheet data loaded for test case to run. 

2020-05-06 13:25:10 - [TEST_STEP][PASSED] - click(findTestObject("Object Repository/Canine/Canine_Cases_Btn")): Object: 'Object Repository/Canine/Canine_Cases_Btn' is clicked on

2020-05-06 13:25:10 - [MESSAGE][PASSED] - Object: 'Object Repository/Canine/Canine_Cases_Btn' is clicked on

2020-05-06 13:25:10 - [TEST_STEP][PASSED] - click(findTestObject("Canine/Filter/Study/Canine_Filter_Study")): Object: 'Object Repository/Canine/Filter/Study/Canine_Filter_Study' is clicked on

2020-05-06 13:25:12 - [MESSAGE][PASSED] - Object: 'Object Repository/Canine/Filter/Study/Canine_Filter_Study' is clicked on

2020-05-06 13:25:12 - [TEST_STEP][PASSED] - click(findTestObject("Canine/Filter/Study/Canine_Filter_Study-COTB_Chkbx")): Object: 'Object Repository/Canine/Filter/Study/Canine_Filter_Study-COTB_Chkbx' is clicked on

2020-05-06 13:25:12 - [MESSAGE][PASSED] - Object: 'Object Repository/Canine/Filter/Study/Canine_Filter_Study-COTB_Chkbx' is clicked on

2020-05-06 13:25:12 - [TEST_STEP][PASSED] - ctdc.utilities.runtestcaseforKatalon.ReadCasesTableKatalon("Object Repository/Canine/Canine_CasesTable", "Object Repository/Canine/Canine_TableHeader", "Object Repository/Canine/Canine_NextBtn"): ctdc.utilities.runtestcaseforKatalon.ReadCasesTableKatalon is PASSED

2020-05-06 13:25:26 - [MESSAGE][PASSED] - ctdc.utilities.runtestcaseforKatalon.ReadCasesTableKatalon is PASSED

2020-05-06 13:25:26 - [TEST_STEP][PASSED] - ctdc.utilities.ReadExcel.Neo4j(): ctdc.utilities.ReadExcel.Neo4j is PASSED

2020-05-06 13:25:28 - [MESSAGE][PASSED] - ctdc.utilities.ReadExcel.Neo4j is PASSED

2020-05-06 13:25:28 - [TEST_STEP][PASSED] - ctdc.utilities.runtestcaseforKatalon.compareLists(): ctdc.utilities.runtestcaseforKatalon.compareLists is PASSED

2020-05-06 13:25:28 - [MESSAGE][PASSED] - ctdc.utilities.runtestcaseforKatalon.compareLists is PASSED]]></system-out>
         <system-err><![CDATA[]]></system-err>
      </testcase>
      <testcase name="Test Cases/TC02_Canine_Filter_Study-NCATS" time="20.374" classname="Test Cases/TC02_Canine_Filter_Study-NCATS" status="PASSED">
         <system-out><![CDATA[2020-05-06 13:25:28 - [TEST_CASE][PASSED] - Test Cases/TC02_Canine_Filter_Study-NCATS: Test Cases/TC02_Canine_Filter_Study-NCATS

2020-05-06 13:25:28 - [TEST_STEP][PASSED] - openBrowser(""): Browser is opened with url: ''

2020-05-06 13:25:28 - [MESSAGE][WARNING] - A browser is already opened. Closing browser and opening a new one

2020-05-06 13:25:30 - [MESSAGE][INFO] - Starting 'Firefox (headless)' driver

2020-05-06 13:25:30 - [MESSAGE][INFO] - Action delay is set to 0 milliseconds

2020-05-06 13:25:32 - [MESSAGE][PASSED] - Browser is opened with url: ''

2020-05-06 13:25:32 - [TEST_STEP][PASSED] - ctdc.utilities.runtestcaseforKatalon.browserDriver(""): ctdc.utilities.runtestcaseforKatalon.browserDriver is PASSED

2020-05-06 13:25:32 - [MESSAGE][PASSED] - ctdc.utilities.runtestcaseforKatalon.browserDriver is PASSED

2020-05-06 13:25:32 - [TEST_STEP][PASSED] - ctdc.utilities.runtestcaseforKatalon.RunKatalon("TC02_Canine_Filter_Study-NCATS.xlsx"): Test Case sheet data loaded for test case to run. 

2020-05-06 13:25:32 - [MESSAGE][PASSED] - Test case file loaded This is the full filepath after converting to string :C:\laxmi\Katalon_May5\DataCommons_Automation\DataCommons_Automation\CTDC_Automation\InputFiles\TC02_Canine_Filter_Study-NCATS.xlsx

2020-05-06 13:25:32 - [MESSAGE][INFO] - Global variable set for password file is :  C:\laxmi\Katalon_May5\DataCommons_Automation\DataCommons_Automation\CTDC_Automation\InputFiles\TC02_Canine_Filter_Study-NCATS.xlsx

2020-05-06 13:25:32 - [MESSAGE][PASSED] - Test Case sheet data loaded for test case to run. 

2020-05-06 13:25:34 - [TEST_STEP][PASSED] - click(findTestObject("Object Repository/Canine/Canine_Cases_Btn")): Object: 'Object Repository/Canine/Canine_Cases_Btn' is clicked on

2020-05-06 13:25:35 - [MESSAGE][PASSED] - Object: 'Object Repository/Canine/Canine_Cases_Btn' is clicked on

2020-05-06 13:25:35 - [TEST_STEP][PASSED] - click(findTestObject("Canine/Filter/Study/Canine_Filter_Study")): Object: 'Object Repository/Canine/Filter/Study/Canine_Filter_Study' is clicked on

2020-05-06 13:25:36 - [MESSAGE][PASSED] - Object: 'Object Repository/Canine/Filter/Study/Canine_Filter_Study' is clicked on

2020-05-06 13:25:36 - [TEST_STEP][PASSED] - click(findTestObject("Canine/Filter/Study/Canine_Filter_Study-NCATS_Chkbx")): Object: 'Object Repository/Canine/Filter/Study/Canine_Filter_Study-NCATS_Chkbx' is clicked on

2020-05-06 13:25:37 - [MESSAGE][PASSED] - Object: 'Object Repository/Canine/Filter/Study/Canine_Filter_Study-NCATS_Chkbx' is clicked on

2020-05-06 13:25:37 - [TEST_STEP][PASSED] - ctdc.utilities.runtestcaseforKatalon.ReadCasesTableKatalon("Object Repository/Canine/Canine_CasesTable", "Object Repository/Canine/Canine_TableHeader", "Object Repository/Canine/Canine_NextBtn"): ctdc.utilities.runtestcaseforKatalon.ReadCasesTableKatalon is PASSED

2020-05-06 13:25:46 - [MESSAGE][PASSED] - ctdc.utilities.runtestcaseforKatalon.ReadCasesTableKatalon is PASSED

2020-05-06 13:25:46 - [TEST_STEP][PASSED] - ctdc.utilities.ReadExcel.Neo4j(): ctdc.utilities.ReadExcel.Neo4j is PASSED

2020-05-06 13:25:49 - [MESSAGE][PASSED] - ctdc.utilities.ReadExcel.Neo4j is PASSED

2020-05-06 13:25:49 - [TEST_STEP][PASSED] - ctdc.utilities.runtestcaseforKatalon.compareLists(): ctdc.utilities.runtestcaseforKatalon.compareLists is PASSED

2020-05-06 13:25:49 - [MESSAGE][PASSED] - ctdc.utilities.runtestcaseforKatalon.compareLists is PASSED]]></system-out>
         <system-err><![CDATA[]]></system-err>
      </testcase>
      <testcase name="Test Cases/TC03_Canine_Filter_Study-ALL" time="31.354" classname="Test Cases/TC03_Canine_Filter_Study-ALL" status="PASSED">
         <system-out><![CDATA[2020-05-06 13:25:49 - [TEST_CASE][PASSED] - Test Cases/TC03_Canine_Filter_Study-ALL: Test Cases/TC03_Canine_Filter_Study-ALL

2020-05-06 13:25:49 - [TEST_STEP][PASSED] - openBrowser(""): Browser is opened with url: ''

2020-05-06 13:25:49 - [MESSAGE][WARNING] - A browser is already opened. Closing browser and opening a new one

2020-05-06 13:25:50 - [MESSAGE][INFO] - Starting 'Firefox (headless)' driver

2020-05-06 13:25:50 - [MESSAGE][INFO] - Action delay is set to 0 milliseconds

2020-05-06 13:25:53 - [MESSAGE][PASSED] - Browser is opened with url: ''

2020-05-06 13:25:53 - [TEST_STEP][PASSED] - ctdc.utilities.runtestcaseforKatalon.browserDriver(""): ctdc.utilities.runtestcaseforKatalon.browserDriver is PASSED

2020-05-06 13:25:53 - [MESSAGE][PASSED] - ctdc.utilities.runtestcaseforKatalon.browserDriver is PASSED

2020-05-06 13:25:53 - [TEST_STEP][PASSED] - ctdc.utilities.runtestcaseforKatalon.RunKatalon("TC03_Canine_Filter_Study-ALL.xlsx"): Test Case sheet data loaded for test case to run. 

2020-05-06 13:25:53 - [MESSAGE][PASSED] - Test case file loaded This is the full filepath after converting to string :C:\laxmi\Katalon_May5\DataCommons_Automation\DataCommons_Automation\CTDC_Automation\InputFiles\TC03_Canine_Filter_Study-ALL.xlsx

2020-05-06 13:25:53 - [MESSAGE][INFO] - Global variable set for password file is :  C:\laxmi\Katalon_May5\DataCommons_Automation\DataCommons_Automation\CTDC_Automation\InputFiles\TC03_Canine_Filter_Study-ALL.xlsx

2020-05-06 13:25:53 - [MESSAGE][PASSED] - Test Case sheet data loaded for test case to run. 

2020-05-06 13:25:55 - [TEST_STEP][PASSED] - click(findTestObject("Object Repository/Canine/Canine_Cases_Btn")): Object: 'Object Repository/Canine/Canine_Cases_Btn' is clicked on

2020-05-06 13:25:55 - [MESSAGE][PASSED] - Object: 'Object Repository/Canine/Canine_Cases_Btn' is clicked on

2020-05-06 13:25:55 - [TEST_STEP][PASSED] - click(findTestObject("Canine/Filter/Study/Canine_Filter_Study")): Object: 'Object Repository/Canine/Filter/Study/Canine_Filter_Study' is clicked on

2020-05-06 13:25:57 - [MESSAGE][PASSED] - Object: 'Object Repository/Canine/Filter/Study/Canine_Filter_Study' is clicked on

2020-05-06 13:25:57 - [TEST_STEP][PASSED] - click(findTestObject("Canine/Filter/Study/Canine_Filter_Study-COTB_Chkbx")): Object: 'Object Repository/Canine/Filter/Study/Canine_Filter_Study-COTB_Chkbx' is clicked on

2020-05-06 13:25:57 - [MESSAGE][PASSED] - Object: 'Object Repository/Canine/Filter/Study/Canine_Filter_Study-COTB_Chkbx' is clicked on

2020-05-06 13:25:57 - [TEST_STEP][PASSED] - click(findTestObject("Canine/Filter/Study/Canine_Filter_Study-NCATS_Chkbx")): Object: 'Object Repository/Canine/Filter/Study/Canine_Filter_Study-NCATS_Chkbx' is clicked on

2020-05-06 13:25:57 - [MESSAGE][PASSED] - Object: 'Object Repository/Canine/Filter/Study/Canine_Filter_Study-NCATS_Chkbx' is clicked on

2020-05-06 13:25:57 - [TEST_STEP][PASSED] - ctdc.utilities.runtestcaseforKatalon.ReadCasesTableKatalon("Object Repository/Canine/Canine_CasesTable", "Object Repository/Canine/Canine_TableHeader", "Object Repository/Canine/Canine_NextBtn"): ctdc.utilities.runtestcaseforKatalon.ReadCasesTableKatalon is PASSED

2020-05-06 13:26:20 - [MESSAGE][PASSED] - ctdc.utilities.runtestcaseforKatalon.ReadCasesTableKatalon is PASSED

2020-05-06 13:26:20 - [TEST_STEP][PASSED] - ctdc.utilities.ReadExcel.Neo4j(): ctdc.utilities.ReadExcel.Neo4j is PASSED

2020-05-06 13:26:20 - [MESSAGE][PASSED] - ctdc.utilities.ReadExcel.Neo4j is PASSED

2020-05-06 13:26:20 - [TEST_STEP][PASSED] - ctdc.utilities.runtestcaseforKatalon.compareLists(): ctdc.utilities.runtestcaseforKatalon.compareLists is PASSED

2020-05-06 13:26:20 - [MESSAGE][PASSED] - ctdc.utilities.runtestcaseforKatalon.compareLists is PASSED]]></system-out>
         <system-err><![CDATA[]]></system-err>
      </testcase>
      <testcase name="Test Cases/TC04_Canine_Filter_StudyType-ClinicalTrial" time="24.529" classname="Test Cases/TC04_Canine_Filter_StudyType-ClinicalTrial" status="PASSED">
         <system-out><![CDATA[2020-05-06 13:26:20 - [TEST_CASE][PASSED] - Test Cases/TC04_Canine_Filter_StudyType-ClinicalTrial: Test Cases/TC04_Canine_Filter_StudyType-ClinicalTrial

2020-05-06 13:26:20 - [TEST_STEP][PASSED] - openBrowser(""): Browser is opened with url: ''

2020-05-06 13:26:20 - [MESSAGE][WARNING] - A browser is already opened. Closing browser and opening a new one

2020-05-06 13:26:21 - [MESSAGE][INFO] - Starting 'Firefox (headless)' driver

2020-05-06 13:26:21 - [MESSAGE][INFO] - Action delay is set to 0 milliseconds

2020-05-06 13:26:24 - [MESSAGE][PASSED] - Browser is opened with url: ''

2020-05-06 13:26:24 - [TEST_STEP][PASSED] - ctdc.utilities.runtestcaseforKatalon.browserDriver(""): ctdc.utilities.runtestcaseforKatalon.browserDriver is PASSED

2020-05-06 13:26:24 - [MESSAGE][PASSED] - ctdc.utilities.runtestcaseforKatalon.browserDriver is PASSED

2020-05-06 13:26:24 - [TEST_STEP][PASSED] - ctdc.utilities.runtestcaseforKatalon.RunKatalon("TC04_Canine_Filter_StudyType-ClinicalTrial.xlsx"): Test Case sheet data loaded for test case to run. 

2020-05-06 13:26:24 - [MESSAGE][PASSED] - Test case file loaded This is the full filepath after converting to string :C:\laxmi\Katalon_May5\DataCommons_Automation\DataCommons_Automation\CTDC_Automation\InputFiles\TC04_Canine_Filter_StudyType-ClinicalTrial.xlsx

2020-05-06 13:26:24 - [MESSAGE][INFO] - Global variable set for password file is :  C:\laxmi\Katalon_May5\DataCommons_Automation\DataCommons_Automation\CTDC_Automation\InputFiles\TC04_Canine_Filter_StudyType-ClinicalTrial.xlsx

2020-05-06 13:26:24 - [MESSAGE][PASSED] - Test Case sheet data loaded for test case to run. 

2020-05-06 13:26:26 - [TEST_STEP][PASSED] - click(findTestObject("Object Repository/Canine/Canine_Cases_Btn")): Object: 'Object Repository/Canine/Canine_Cases_Btn' is clicked on

2020-05-06 13:26:26 - [MESSAGE][PASSED] - Object: 'Object Repository/Canine/Canine_Cases_Btn' is clicked on

2020-05-06 13:26:26 - [TEST_STEP][PASSED] - click(findTestObject("Canine/Filter/StudyType/Canine_Filter_StudyType")): Object: 'Object Repository/Canine/Filter/StudyType/Canine_Filter_StudyType' is clicked on

2020-05-06 13:26:28 - [MESSAGE][PASSED] - Object: 'Object Repository/Canine/Filter/StudyType/Canine_Filter_StudyType' is clicked on

2020-05-06 13:26:28 - [TEST_STEP][PASSED] - click(findTestObject("Canine/Filter/StudyType/Canine_Filter_StudyType-ClinTrials_Chkbx")): Object: 'Object Repository/Canine/Filter/StudyType/Canine_Filter_StudyType-ClinTrials_Chkbx' is clicked on

2020-05-06 13:26:29 - [MESSAGE][PASSED] - Object: 'Object Repository/Canine/Filter/StudyType/Canine_Filter_StudyType-ClinTrials_Chkbx' is clicked on

2020-05-06 13:26:29 - [TEST_STEP][PASSED] - ctdc.utilities.runtestcaseforKatalon.ReadCasesTableKatalon("Object Repository/Canine/Canine_CasesTable", "Object Repository/Canine/Canine_TableHeader", "Object Repository/Canine/Canine_NextBtn"): ctdc.utilities.runtestcaseforKatalon.ReadCasesTableKatalon is PASSED

2020-05-06 13:26:42 - [MESSAGE][PASSED] - ctdc.utilities.runtestcaseforKatalon.ReadCasesTableKatalon is PASSED

2020-05-06 13:26:42 - [TEST_STEP][PASSED] - ctdc.utilities.ReadExcel.Neo4j(): ctdc.utilities.ReadExcel.Neo4j is PASSED

2020-05-06 13:26:45 - [MESSAGE][PASSED] - ctdc.utilities.ReadExcel.Neo4j is PASSED

2020-05-06 13:26:45 - [TEST_STEP][PASSED] - ctdc.utilities.runtestcaseforKatalon.compareLists(): ctdc.utilities.runtestcaseforKatalon.compareLists is PASSED

2020-05-06 13:26:45 - [MESSAGE][PASSED] - ctdc.utilities.runtestcaseforKatalon.compareLists is PASSED]]></system-out>
         <system-err><![CDATA[]]></system-err>
      </testcase>
      <testcase name="Test Cases/TC05_Canine_Filter_StudyType-Transcriptomics" time="20.808" classname="Test Cases/TC05_Canine_Filter_StudyType-Transcriptomics" status="PASSED">
         <system-out><![CDATA[2020-05-06 13:26:45 - [TEST_CASE][PASSED] - Test Cases/TC05_Canine_Filter_StudyType-Transcriptomics: Test Cases/TC05_Canine_Filter_StudyType-Transcriptomics

2020-05-06 13:26:45 - [TEST_STEP][PASSED] - openBrowser(""): Browser is opened with url: ''

2020-05-06 13:26:45 - [MESSAGE][WARNING] - A browser is already opened. Closing browser and opening a new one

2020-05-06 13:26:46 - [MESSAGE][INFO] - Starting 'Firefox (headless)' driver

2020-05-06 13:26:46 - [MESSAGE][INFO] - Action delay is set to 0 milliseconds

2020-05-06 13:26:49 - [MESSAGE][PASSED] - Browser is opened with url: ''

2020-05-06 13:26:49 - [TEST_STEP][PASSED] - ctdc.utilities.runtestcaseforKatalon.browserDriver(""): ctdc.utilities.runtestcaseforKatalon.browserDriver is PASSED

2020-05-06 13:26:49 - [MESSAGE][PASSED] - ctdc.utilities.runtestcaseforKatalon.browserDriver is PASSED

2020-05-06 13:26:49 - [TEST_STEP][PASSED] - ctdc.utilities.runtestcaseforKatalon.RunKatalon("TC05_Canine_Filter_StudyType-Transcriptomics.xlsx"): Test Case sheet data loaded for test case to run. 

2020-05-06 13:26:49 - [MESSAGE][PASSED] - Test case file loaded This is the full filepath after converting to string :C:\laxmi\Katalon_May5\DataCommons_Automation\DataCommons_Automation\CTDC_Automation\InputFiles\TC05_Canine_Filter_StudyType-Transcriptomics.xlsx

2020-05-06 13:26:49 - [MESSAGE][INFO] - Global variable set for password file is :  C:\laxmi\Katalon_May5\DataCommons_Automation\DataCommons_Automation\CTDC_Automation\InputFiles\TC05_Canine_Filter_StudyType-Transcriptomics.xlsx

2020-05-06 13:26:49 - [MESSAGE][PASSED] - Test Case sheet data loaded for test case to run. 

2020-05-06 13:26:51 - [TEST_STEP][PASSED] - click(findTestObject("Object Repository/Canine/Canine_Cases_Btn")): Object: 'Object Repository/Canine/Canine_Cases_Btn' is clicked on

2020-05-06 13:26:51 - [MESSAGE][PASSED] - Object: 'Object Repository/Canine/Canine_Cases_Btn' is clicked on

2020-05-06 13:26:51 - [TEST_STEP][PASSED] - click(findTestObject("Canine/Filter/StudyType/Canine_Filter_StudyType")): Object: 'Object Repository/Canine/Filter/StudyType/Canine_Filter_StudyType' is clicked on

2020-05-06 13:26:53 - [MESSAGE][PASSED] - Object: 'Object Repository/Canine/Filter/StudyType/Canine_Filter_StudyType' is clicked on

2020-05-06 13:26:53 - [TEST_STEP][PASSED] - click(findTestObject("Canine/Filter/StudyType/Canine_Filter_StudyType-Transcrip_Chkbx")): Object: 'Object Repository/Canine/Filter/StudyType/Canine_Filter_StudyType-Transcrip_Chkbx' is clicked on

2020-05-06 13:26:53 - [MESSAGE][PASSED] - Object: 'Object Repository/Canine/Filter/StudyType/Canine_Filter_StudyType-Transcrip_Chkbx' is clicked on

2020-05-06 13:26:53 - [TEST_STEP][PASSED] - ctdc.utilities.runtestcaseforKatalon.ReadCasesTableKatalon("Object Repository/Canine/Canine_CasesTable", "Object Repository/Canine/Canine_TableHeader", "Object Repository/Canine/Canine_NextBtn"): ctdc.utilities.runtestcaseforKatalon.ReadCasesTableKatalon is PASSED

2020-05-06 13:27:03 - [MESSAGE][PASSED] - ctdc.utilities.runtestcaseforKatalon.ReadCasesTableKatalon is PASSED

2020-05-06 13:27:03 - [TEST_STEP][PASSED] - ctdc.utilities.ReadExcel.Neo4j(): ctdc.utilities.ReadExcel.Neo4j is PASSED

2020-05-06 13:27:06 - [MESSAGE][PASSED] - ctdc.utilities.ReadExcel.Neo4j is PASSED

2020-05-06 13:27:06 - [TEST_STEP][PASSED] - ctdc.utilities.runtestcaseforKatalon.compareLists(): ctdc.utilities.runtestcaseforKatalon.compareLists is PASSED

2020-05-06 13:27:06 - [MESSAGE][PASSED] - ctdc.utilities.runtestcaseforKatalon.compareLists is PASSED]]></system-out>
         <system-err><![CDATA[]]></system-err>
      </testcase>
      <testcase name="Test Cases/TC06_Canine_Filter_StudyType-ALL" time="34.739" classname="Test Cases/TC06_Canine_Filter_StudyType-ALL" status="PASSED">
         <system-out><![CDATA[2020-05-06 13:27:06 - [TEST_CASE][PASSED] - Test Cases/TC06_Canine_Filter_StudyType-ALL: Test Cases/TC06_Canine_Filter_StudyType-ALL

2020-05-06 13:27:06 - [TEST_STEP][PASSED] - openBrowser(""): Browser is opened with url: ''

2020-05-06 13:27:06 - [MESSAGE][WARNING] - A browser is already opened. Closing browser and opening a new one

2020-05-06 13:27:07 - [MESSAGE][INFO] - Starting 'Firefox (headless)' driver

2020-05-06 13:27:07 - [MESSAGE][INFO] - Action delay is set to 0 milliseconds

2020-05-06 13:27:09 - [MESSAGE][PASSED] - Browser is opened with url: ''

2020-05-06 13:27:09 - [TEST_STEP][PASSED] - ctdc.utilities.runtestcaseforKatalon.browserDriver(""): ctdc.utilities.runtestcaseforKatalon.browserDriver is PASSED

2020-05-06 13:27:09 - [MESSAGE][PASSED] - ctdc.utilities.runtestcaseforKatalon.browserDriver is PASSED

2020-05-06 13:27:09 - [TEST_STEP][PASSED] - ctdc.utilities.runtestcaseforKatalon.RunKatalon("TC06_Canine_Filter_StudyType-ALL.xlsx"): Test Case sheet data loaded for test case to run. 

2020-05-06 13:27:09 - [MESSAGE][PASSED] - Test case file loaded This is the full filepath after converting to string :C:\laxmi\Katalon_May5\DataCommons_Automation\DataCommons_Automation\CTDC_Automation\InputFiles\TC06_Canine_Filter_StudyType-ALL.xlsx

2020-05-06 13:27:09 - [MESSAGE][INFO] - Global variable set for password file is :  C:\laxmi\Katalon_May5\DataCommons_Automation\DataCommons_Automation\CTDC_Automation\InputFiles\TC06_Canine_Filter_StudyType-ALL.xlsx

2020-05-06 13:27:09 - [MESSAGE][PASSED] - Test Case sheet data loaded for test case to run. 

2020-05-06 13:27:12 - [TEST_STEP][PASSED] - click(findTestObject("Object Repository/Canine/Canine_Cases_Btn")): Object: 'Object Repository/Canine/Canine_Cases_Btn' is clicked on

2020-05-06 13:27:12 - [MESSAGE][PASSED] - Object: 'Object Repository/Canine/Canine_Cases_Btn' is clicked on

2020-05-06 13:27:12 - [TEST_STEP][PASSED] - click(findTestObject("Canine/Filter/StudyType/Canine_Filter_StudyType")): Object: 'Object Repository/Canine/Filter/StudyType/Canine_Filter_StudyType' is clicked on

2020-05-06 13:27:14 - [MESSAGE][PASSED] - Object: 'Object Repository/Canine/Filter/StudyType/Canine_Filter_StudyType' is clicked on

2020-05-06 13:27:14 - [TEST_STEP][PASSED] - click(findTestObject("Canine/Filter/StudyType/Canine_Filter_StudyType-ClinTrials_Chkbx")): Object: 'Object Repository/Canine/Filter/StudyType/Canine_Filter_StudyType-ClinTrials_Chkbx' is clicked on

2020-05-06 13:27:14 - [MESSAGE][PASSED] - Object: 'Object Repository/Canine/Filter/StudyType/Canine_Filter_StudyType-ClinTrials_Chkbx' is clicked on

2020-05-06 13:27:14 - [TEST_STEP][PASSED] - click(findTestObject("Canine/Filter/StudyType/Canine_Filter_StudyType-Transcrip_Chkbx")): Object: 'Object Repository/Canine/Filter/StudyType/Canine_Filter_StudyType-Transcrip_Chkbx' is clicked on

2020-05-06 13:27:15 - [MESSAGE][PASSED] - Object: 'Object Repository/Canine/Filter/StudyType/Canine_Filter_StudyType-Transcrip_Chkbx' is clicked on

2020-05-06 13:27:15 - [TEST_STEP][PASSED] - ctdc.utilities.runtestcaseforKatalon.ReadCasesTableKatalon("Object Repository/Canine/Canine_CasesTable", "Object Repository/Canine/Canine_TableHeader", "Object Repository/Canine/Canine_NextBtn"): ctdc.utilities.runtestcaseforKatalon.ReadCasesTableKatalon is PASSED

2020-05-06 13:27:37 - [MESSAGE][PASSED] - ctdc.utilities.runtestcaseforKatalon.ReadCasesTableKatalon is PASSED

2020-05-06 13:27:37 - [TEST_STEP][PASSED] - ctdc.utilities.ReadExcel.Neo4j(): ctdc.utilities.ReadExcel.Neo4j is PASSED

2020-05-06 13:27:40 - [MESSAGE][PASSED] - ctdc.utilities.ReadExcel.Neo4j is PASSED

2020-05-06 13:27:40 - [TEST_STEP][PASSED] - ctdc.utilities.runtestcaseforKatalon.compareLists(): ctdc.utilities.runtestcaseforKatalon.compareLists is PASSED

2020-05-06 13:27:40 - [MESSAGE][PASSED] - ctdc.utilities.runtestcaseforKatalon.compareLists is PASSED]]></system-out>
         <system-err><![CDATA[]]></system-err>
      </testcase>
      <testcase name="Test Cases/TC07_Canine_Filter_Breed-Akita" time="39.445" classname="Test Cases/TC07_Canine_Filter_Breed-Akita" status="FAILED">
         <failure type="FAILED" message="Test Cases/TC07_Canine_Filter_Breed-Akita FAILED.
Reason:
com.kms.katalon.core.exception.StepFailedException: Unable to click on object 'Object Repository/Canine/Filter/Breed/Akita_Chkbx'
	at com.kms.katalon.core.webui.keyword.internal.WebUIKeywordMain.stepFailed(WebUIKeywordMain.groovy:64)
	at com.kms.katalon.core.webui.keyword.internal.WebUIKeywordMain.runKeyword(WebUIKeywordMain.groovy:26)
	at com.kms.katalon.core.webui.keyword.builtin.ClickKeyword.click(ClickKeyword.groovy:76)
	at com.kms.katalon.core.webui.keyword.builtin.ClickKeyword.execute(ClickKeyword.groovy:43)
	at com.kms.katalon.core.keyword.internal.KeywordExecutor.executeKeywordForPlatform(KeywordExecutor.groovy:72)
	at com.kms.katalon.core.webui.keyword.WebUiBuiltInKeywords.click(WebUiBuiltInKeywords.groovy:616)
	at com.kms.katalon.core.webui.keyword.WebUiBuiltInKeywords$click$0.call(Unknown Source)
	at TC07_Canine_Filter_Breed-Akita.run(TC07_Canine_Filter_Breed-Akita:40)
	at com.kms.katalon.core.main.ScriptEngine.run(ScriptEngine.java:194)
	at com.kms.katalon.core.main.ScriptEngine.runScriptAsRawText(ScriptEngine.java:119)
	at com.kms.katalon.core.main.TestCaseExecutor.runScript(TestCaseExecutor.java:337)
	at com.kms.katalon.core.main.TestCaseExecutor.doExecute(TestCaseExecutor.java:328)
	at com.kms.katalon.core.main.TestCaseExecutor.processExecutionPhase(TestCaseExecutor.java:307)
	at com.kms.katalon.core.main.TestCaseExecutor.accessMainPhase(TestCaseExecutor.java:299)
	at com.kms.katalon.core.main.TestCaseExecutor.execute(TestCaseExecutor.java:233)
	at com.kms.katalon.core.main.TestSuiteExecutor.accessTestCaseMainPhase(TestSuiteExecutor.java:169)
	at com.kms.katalon.core.main.TestSuiteExecutor.accessTestSuiteMainPhase(TestSuiteExecutor.java:142)
	at com.kms.katalon.core.main.TestSuiteExecutor.execute(TestSuiteExecutor.java:91)
	at com.kms.katalon.core.main.TestCaseMain.startTestSuite(TestCaseMain.java:157)
	at com.kms.katalon.core.main.TestCaseMain$startTestSuite$0.call(Unknown Source)
	at TempTestSuite1588785681357.run(TempTestSuite1588785681357.groovy:36)
Caused by: com.kms.katalon.core.webui.exception.WebElementNotFoundException: Web element with id: 'Object Repository/Canine/Filter/Breed/Akita_Chkbx' located by 'By.xpath: ' not found
	at com.kms.katalon.core.webui.common.WebUiCommonHelper.findWebElement(WebUiCommonHelper.java:1154)
	at com.kms.katalon.core.webui.keyword.internal.WebUIAbstractKeyword.findWebElement(WebUIAbstractKeyword.groovy:27)
	at com.kms.katalon.core.webui.keyword.internal.WebUIAbstractKeyword.findWebElement(WebUIAbstractKeyword.groovy:26)
	at com.kms.katalon.core.webui.keyword.builtin.ClickKeyword$_click_closure1.doCall(ClickKeyword.groovy:67)
	at com.kms.katalon.core.webui.keyword.builtin.ClickKeyword$_click_closure1.call(ClickKeyword.groovy)
	at com.kms.katalon.core.webui.keyword.internal.WebUIKeywordMain.runKeyword(WebUIKeywordMain.groovy:20)
	... 19 more
"/>
         <system-out><![CDATA[2020-05-06 13:27:40 - [TEST_CASE][FAILED] - Test Cases/TC07_Canine_Filter_Breed-Akita: Test Cases/TC07_Canine_Filter_Breed-Akita FAILED.
Reason:
com.kms.katalon.core.exception.StepFailedException: Unable to click on object 'Object Repository/Canine/Filter/Breed/Akita_Chkbx'
	at com.kms.katalon.core.webui.keyword.internal.WebUIKeywordMain.stepFailed(WebUIKeywordMain.groovy:64)
	at com.kms.katalon.core.webui.keyword.internal.WebUIKeywordMain.runKeyword(WebUIKeywordMain.groovy:26)
	at com.kms.katalon.core.webui.keyword.builtin.ClickKeyword.click(ClickKeyword.groovy:76)
	at com.kms.katalon.core.webui.keyword.builtin.ClickKeyword.execute(ClickKeyword.groovy:43)
	at com.kms.katalon.core.keyword.internal.KeywordExecutor.executeKeywordForPlatform(KeywordExecutor.groovy:72)
	at com.kms.katalon.core.webui.keyword.WebUiBuiltInKeywords.click(WebUiBuiltInKeywords.groovy:616)
	at com.kms.katalon.core.webui.keyword.WebUiBuiltInKeywords$click$0.call(Unknown Source)
	at TC07_Canine_Filter_Breed-Akita.run(TC07_Canine_Filter_Breed-Akita:40)
	at com.kms.katalon.core.main.ScriptEngine.run(ScriptEngine.java:194)
	at com.kms.katalon.core.main.ScriptEngine.runScriptAsRawText(ScriptEngine.java:119)
	at com.kms.katalon.core.main.TestCaseExecutor.runScript(TestCaseExecutor.java:337)
	at com.kms.katalon.core.main.TestCaseExecutor.doExecute(TestCaseExecutor.java:328)
	at com.kms.katalon.core.main.TestCaseExecutor.processExecutionPhase(TestCaseExecutor.java:307)
	at com.kms.katalon.core.main.TestCaseExecutor.accessMainPhase(TestCaseExecutor.java:299)
	at com.kms.katalon.core.main.TestCaseExecutor.execute(TestCaseExecutor.java:233)
	at com.kms.katalon.core.main.TestSuiteExecutor.accessTestCaseMainPhase(TestSuiteExecutor.java:169)
	at com.kms.katalon.core.main.TestSuiteExecutor.accessTestSuiteMainPhase(TestSuiteExecutor.java:142)
	at com.kms.katalon.core.main.TestSuiteExecutor.execute(TestSuiteExecutor.java:91)
	at com.kms.katalon.core.main.TestCaseMain.startTestSuite(TestCaseMain.java:157)
	at com.kms.katalon.core.main.TestCaseMain$startTestSuite$0.call(Unknown Source)
	at TempTestSuite1588785681357.run(TempTestSuite1588785681357.groovy:36)
Caused by: com.kms.katalon.core.webui.exception.WebElementNotFoundException: Web element with id: 'Object Repository/Canine/Filter/Breed/Akita_Chkbx' located by 'By.xpath: ' not found
	at com.kms.katalon.core.webui.common.WebUiCommonHelper.findWebElement(WebUiCommonHelper.java:1154)
	at com.kms.katalon.core.webui.keyword.internal.WebUIAbstractKeyword.findWebElement(WebUIAbstractKeyword.groovy:27)
	at com.kms.katalon.core.webui.keyword.internal.WebUIAbstractKeyword.findWebElement(WebUIAbstractKeyword.groovy:26)
	at com.kms.katalon.core.webui.keyword.builtin.ClickKeyword$_click_closure1.doCall(ClickKeyword.groovy:67)
	at com.kms.katalon.core.webui.keyword.builtin.ClickKeyword$_click_closure1.call(ClickKeyword.groovy)
	at com.kms.katalon.core.webui.keyword.internal.WebUIKeywordMain.runKeyword(WebUIKeywordMain.groovy:20)
	... 19 more


2020-05-06 13:27:40 - [TEST_STEP][PASSED] - openBrowser(""): Browser is opened with url: ''

2020-05-06 13:27:40 - [MESSAGE][WARNING] - A browser is already opened. Closing browser and opening a new one

2020-05-06 13:27:41 - [MESSAGE][INFO] - Starting 'Firefox (headless)' driver

2020-05-06 13:27:41 - [MESSAGE][INFO] - Action delay is set to 0 milliseconds

2020-05-06 13:27:44 - [MESSAGE][PASSED] - Browser is opened with url: ''

2020-05-06 13:27:44 - [TEST_STEP][PASSED] - ctdc.utilities.runtestcaseforKatalon.browserDriver(""): ctdc.utilities.runtestcaseforKatalon.browserDriver is PASSED

2020-05-06 13:27:44 - [MESSAGE][PASSED] - ctdc.utilities.runtestcaseforKatalon.browserDriver is PASSED

2020-05-06 13:27:44 - [TEST_STEP][PASSED] - ctdc.utilities.runtestcaseforKatalon.RunKatalon("TC07_Canine_Filter_Breed-Akita.xlsx"): Test Case sheet data loaded for test case to run. 

2020-05-06 13:27:44 - [MESSAGE][PASSED] - Test case file loaded This is the full filepath after converting to string :C:\laxmi\Katalon_May5\DataCommons_Automation\DataCommons_Automation\CTDC_Automation\InputFiles\TC07_Canine_Filter_Breed-Akita.xlsx

2020-05-06 13:27:44 - [MESSAGE][INFO] - Global variable set for password file is :  C:\laxmi\Katalon_May5\DataCommons_Automation\DataCommons_Automation\CTDC_Automation\InputFiles\TC07_Canine_Filter_Breed-Akita.xlsx

2020-05-06 13:27:44 - [MESSAGE][PASSED] - Test Case sheet data loaded for test case to run. 

2020-05-06 13:27:47 - [TEST_STEP][PASSED] - click(findTestObject("Object Repository/Canine/Canine_Cases_Btn")): Object: 'Object Repository/Canine/Canine_Cases_Btn' is clicked on

2020-05-06 13:27:47 - [MESSAGE][PASSED] - Object: 'Object Repository/Canine/Canine_Cases_Btn' is clicked on

2020-05-06 13:27:47 - [TEST_STEP][PASSED] - click(findTestObject("Object Repository/Canine/Filter/Breed/BREED_Ddn")): Object: 'Object Repository/Canine/Filter/Breed/BREED_Ddn' is clicked on

2020-05-06 13:27:49 - [MESSAGE][PASSED] - Object: 'Object Repository/Canine/Filter/Breed/BREED_Ddn' is clicked on

2020-05-06 13:27:49 - [TEST_STEP][FAILED] - click(findTestObject("Object Repository/Canine/Filter/Breed/Akita_Chkbx")): Unable to click on object 'Object Repository/Canine/Filter/Breed/Akita_Chkbx' (Root cause: com.kms.katalon.core.exception.StepFailedException: Unable to click on object 'Object Repository/Canine/Filter/Breed/Akita_Chkbx'
	at com.kms.katalon.core.webui.keyword.internal.WebUIKeywordMain.stepFailed(WebUIKeywordMain.groovy:64)
	at com.kms.katalon.core.webui.keyword.internal.WebUIKeywordMain.runKeyword(WebUIKeywordMain.groovy:26)
	at com.kms.katalon.core.webui.keyword.builtin.ClickKeyword.click(ClickKeyword.groovy:76)
	at com.kms.katalon.core.webui.keyword.builtin.ClickKeyword.execute(ClickKeyword.groovy:43)
	at com.kms.katalon.core.keyword.internal.KeywordExecutor.executeKeywordForPlatform(KeywordExecutor.groovy:72)
	at com.kms.katalon.core.webui.keyword.WebUiBuiltInKeywords.click(WebUiBuiltInKeywords.groovy:616)
	at com.kms.katalon.core.webui.keyword.WebUiBuiltInKeywords$click$0.call(Unknown Source)
	at TC07_Canine_Filter_Breed-Akita.run(TC07_Canine_Filter_Breed-Akita:40)
	at com.kms.katalon.core.main.ScriptEngine.run(ScriptEngine.java:194)
	at com.kms.katalon.core.main.ScriptEngine.runScriptAsRawText(ScriptEngine.java:119)
	at com.kms.katalon.core.main.TestCaseExecutor.runScript(TestCaseExecutor.java:337)
	at com.kms.katalon.core.main.TestCaseExecutor.doExecute(TestCaseExecutor.java:328)
	at com.kms.katalon.core.main.TestCaseExecutor.processExecutionPhase(TestCaseExecutor.java:307)
	at com.kms.katalon.core.main.TestCaseExecutor.accessMainPhase(TestCaseExecutor.java:299)
	at com.kms.katalon.core.main.TestCaseExecutor.execute(TestCaseExecutor.java:233)
	at com.kms.katalon.core.main.TestSuiteExecutor.accessTestCaseMainPhase(TestSuiteExecutor.java:169)
	at com.kms.katalon.core.main.TestSuiteExecutor.accessTestSuiteMainPhase(TestSuiteExecutor.java:142)
	at com.kms.katalon.core.main.TestSuiteExecutor.execute(TestSuiteExecutor.java:91)
	at com.kms.katalon.core.main.TestCaseMain.startTestSuite(TestCaseMain.java:157)
	at com.kms.katalon.core.main.TestCaseMain$startTestSuite$0.call(Unknown Source)
	at TempTestSuite1588785681357.run(TempTestSuite1588785681357.groovy:36)
Caused by: com.kms.katalon.core.webui.exception.WebElementNotFoundException: Web element with id: 'Object Repository/Canine/Filter/Breed/Akita_Chkbx' located by 'By.xpath: ' not found
	at com.kms.katalon.core.webui.common.WebUiCommonHelper.findWebElement(WebUiCommonHelper.java:1154)
	at com.kms.katalon.core.webui.keyword.internal.WebUIAbstractKeyword.findWebElement(WebUIAbstractKeyword.groovy:27)
	at com.kms.katalon.core.webui.keyword.internal.WebUIAbstractKeyword.findWebElement(WebUIAbstractKeyword.groovy:26)
	at com.kms.katalon.core.webui.keyword.builtin.ClickKeyword$_click_closure1.doCall(ClickKeyword.groovy:67)
	at com.kms.katalon.core.webui.keyword.builtin.ClickKeyword$_click_closure1.call(ClickKeyword.groovy)
	at com.kms.katalon.core.webui.keyword.internal.WebUIKeywordMain.runKeyword(WebUIKeywordMain.groovy:20)
	at com.kms.katalon.core.webui.keyword.builtin.ClickKeyword.click(ClickKeyword.groovy:76)
	at com.kms.katalon.core.webui.keyword.builtin.ClickKeyword.execute(ClickKeyword.groovy:43)
	at com.kms.katalon.core.keyword.internal.KeywordExecutor.executeKeywordForPlatform(KeywordExecutor.groovy:72)
	at com.kms.katalon.core.webui.keyword.WebUiBuiltInKeywords.click(WebUiBuiltInKeywords.groovy:616)
	at com.kms.katalon.core.webui.keyword.WebUiBuiltInKeywords$click$0.call(Unknown Source)
	at Script1588748853070.run(Script1588748853070.groovy:40)
	... 13 more
)

2020-05-06 13:28:20 - [MESSAGE][INFO] - Unable to find the element located by 'By.xpath: '. Please recheck the objects properties to make sure the desired element is located. 

2020-05-06 13:28:20 - [MESSAGE][FAILED] - Unable to click on object 'Object Repository/Canine/Filter/Breed/Akita_Chkbx' (Root cause: com.kms.katalon.core.exception.StepFailedException: Unable to click on object 'Object Repository/Canine/Filter/Breed/Akita_Chkbx'
	at com.kms.katalon.core.webui.keyword.internal.WebUIKeywordMain.stepFailed(WebUIKeywordMain.groovy:64)
	at com.kms.katalon.core.webui.keyword.internal.WebUIKeywordMain.runKeyword(WebUIKeywordMain.groovy:26)
	at com.kms.katalon.core.webui.keyword.builtin.ClickKeyword.click(ClickKeyword.groovy:76)
	at com.kms.katalon.core.webui.keyword.builtin.ClickKeyword.execute(ClickKeyword.groovy:43)
	at com.kms.katalon.core.keyword.internal.KeywordExecutor.executeKeywordForPlatform(KeywordExecutor.groovy:72)
	at com.kms.katalon.core.webui.keyword.WebUiBuiltInKeywords.click(WebUiBuiltInKeywords.groovy:616)
	at com.kms.katalon.core.webui.keyword.WebUiBuiltInKeywords$click$0.call(Unknown Source)
	at TC07_Canine_Filter_Breed-Akita.run(TC07_Canine_Filter_Breed-Akita:40)
	at com.kms.katalon.core.main.ScriptEngine.run(ScriptEngine.java:194)
	at com.kms.katalon.core.main.ScriptEngine.runScriptAsRawText(ScriptEngine.java:119)
	at com.kms.katalon.core.main.TestCaseExecutor.runScript(TestCaseExecutor.java:337)
	at com.kms.katalon.core.main.TestCaseExecutor.doExecute(TestCaseExecutor.java:328)
	at com.kms.katalon.core.main.TestCaseExecutor.processExecutionPhase(TestCaseExecutor.java:307)
	at com.kms.katalon.core.main.TestCaseExecutor.accessMainPhase(TestCaseExecutor.java:299)
	at com.kms.katalon.core.main.TestCaseExecutor.execute(TestCaseExecutor.java:233)
	at com.kms.katalon.core.main.TestSuiteExecutor.accessTestCaseMainPhase(TestSuiteExecutor.java:169)
	at com.kms.katalon.core.main.TestSuiteExecutor.accessTestSuiteMainPhase(TestSuiteExecutor.java:142)
	at com.kms.katalon.core.main.TestSuiteExecutor.execute(TestSuiteExecutor.java:91)
	at com.kms.katalon.core.main.TestCaseMain.startTestSuite(TestCaseMain.java:157)
	at com.kms.katalon.core.main.TestCaseMain$startTestSuite$0.call(Unknown Source)
	at TempTestSuite1588785681357.run(TempTestSuite1588785681357.groovy:36)
Caused by: com.kms.katalon.core.webui.exception.WebElementNotFoundException: Web element with id: 'Object Repository/Canine/Filter/Breed/Akita_Chkbx' located by 'By.xpath: ' not found
	at com.kms.katalon.core.webui.common.WebUiCommonHelper.findWebElement(WebUiCommonHelper.java:1154)
	at com.kms.katalon.core.webui.keyword.internal.WebUIAbstractKeyword.findWebElement(WebUIAbstractKeyword.groovy:27)
	at com.kms.katalon.core.webui.keyword.internal.WebUIAbstractKeyword.findWebElement(WebUIAbstractKeyword.groovy:26)
	at com.kms.katalon.core.webui.keyword.builtin.ClickKeyword$_click_closure1.doCall(ClickKeyword.groovy:67)
	at com.kms.katalon.core.webui.keyword.builtin.ClickKeyword$_click_closure1.call(ClickKeyword.groovy)
	at com.kms.katalon.core.webui.keyword.internal.WebUIKeywordMain.runKeyword(WebUIKeywordMain.groovy:20)
	at com.kms.katalon.core.webui.keyword.builtin.ClickKeyword.click(ClickKeyword.groovy:76)
	at com.kms.katalon.core.webui.keyword.builtin.ClickKeyword.execute(ClickKeyword.groovy:43)
	at com.kms.katalon.core.keyword.internal.KeywordExecutor.executeKeywordForPlatform(KeywordExecutor.groovy:72)
	at com.kms.katalon.core.webui.keyword.WebUiBuiltInKeywords.click(WebUiBuiltInKeywords.groovy:616)
	at com.kms.katalon.core.webui.keyword.WebUiBuiltInKeywords$click$0.call(Unknown Source)
	at Script1588748853070.run(Script1588748853070.groovy:40)
	... 13 more
)
[[ATTACHMENT|C:\\laxmi\\Katalon_May5\\DataCommons_Automation\\DataCommons_Automation\\CTDC_Automation\\Reports\\20200506_132121\\TrialSuite\\20200506_132121\\1588786100167.png]]]]></system-out>
         <system-err><![CDATA[2020-05-06 13:27:40 - [TEST_CASE][FAILED] - Test Cases/TC07_Canine_Filter_Breed-Akita: Test Cases/TC07_Canine_Filter_Breed-Akita FAILED.
Reason:
com.kms.katalon.core.exception.StepFailedException: Unable to click on object 'Object Repository/Canine/Filter/Breed/Akita_Chkbx'
	at com.kms.katalon.core.webui.keyword.internal.WebUIKeywordMain.stepFailed(WebUIKeywordMain.groovy:64)
	at com.kms.katalon.core.webui.keyword.internal.WebUIKeywordMain.runKeyword(WebUIKeywordMain.groovy:26)
	at com.kms.katalon.core.webui.keyword.builtin.ClickKeyword.click(ClickKeyword.groovy:76)
	at com.kms.katalon.core.webui.keyword.builtin.ClickKeyword.execute(ClickKeyword.groovy:43)
	at com.kms.katalon.core.keyword.internal.KeywordExecutor.executeKeywordForPlatform(KeywordExecutor.groovy:72)
	at com.kms.katalon.core.webui.keyword.WebUiBuiltInKeywords.click(WebUiBuiltInKeywords.groovy:616)
	at com.kms.katalon.core.webui.keyword.WebUiBuiltInKeywords$click$0.call(Unknown Source)
	at TC07_Canine_Filter_Breed-Akita.run(TC07_Canine_Filter_Breed-Akita:40)
	at com.kms.katalon.core.main.ScriptEngine.run(ScriptEngine.java:194)
	at com.kms.katalon.core.main.ScriptEngine.runScriptAsRawText(ScriptEngine.java:119)
	at com.kms.katalon.core.main.TestCaseExecutor.runScript(TestCaseExecutor.java:337)
	at com.kms.katalon.core.main.TestCaseExecutor.doExecute(TestCaseExecutor.java:328)
	at com.kms.katalon.core.main.TestCaseExecutor.processExecutionPhase(TestCaseExecutor.java:307)
	at com.kms.katalon.core.main.TestCaseExecutor.accessMainPhase(TestCaseExecutor.java:299)
	at com.kms.katalon.core.main.TestCaseExecutor.execute(TestCaseExecutor.java:233)
	at com.kms.katalon.core.main.TestSuiteExecutor.accessTestCaseMainPhase(TestSuiteExecutor.java:169)
	at com.kms.katalon.core.main.TestSuiteExecutor.accessTestSuiteMainPhase(TestSuiteExecutor.java:142)
	at com.kms.katalon.core.main.TestSuiteExecutor.execute(TestSuiteExecutor.java:91)
	at com.kms.katalon.core.main.TestCaseMain.startTestSuite(TestCaseMain.java:157)
	at com.kms.katalon.core.main.TestCaseMain$startTestSuite$0.call(Unknown Source)
	at TempTestSuite1588785681357.run(TempTestSuite1588785681357.groovy:36)
Caused by: com.kms.katalon.core.webui.exception.WebElementNotFoundException: Web element with id: 'Object Repository/Canine/Filter/Breed/Akita_Chkbx' located by 'By.xpath: ' not found
	at com.kms.katalon.core.webui.common.WebUiCommonHelper.findWebElement(WebUiCommonHelper.java:1154)
	at com.kms.katalon.core.webui.keyword.internal.WebUIAbstractKeyword.findWebElement(WebUIAbstractKeyword.groovy:27)
	at com.kms.katalon.core.webui.keyword.internal.WebUIAbstractKeyword.findWebElement(WebUIAbstractKeyword.groovy:26)
	at com.kms.katalon.core.webui.keyword.builtin.ClickKeyword$_click_closure1.doCall(ClickKeyword.groovy:67)
	at com.kms.katalon.core.webui.keyword.builtin.ClickKeyword$_click_closure1.call(ClickKeyword.groovy)
	at com.kms.katalon.core.webui.keyword.internal.WebUIKeywordMain.runKeyword(WebUIKeywordMain.groovy:20)
	... 19 more]]></system-err>
      </testcase>
      <testcase name="Test Cases/TC08_Canine_Filter_Breed-AmerStaffd" time="9.007" classname="Test Cases/TC08_Canine_Filter_Breed-AmerStaffd" status="PASSED">
         <system-out><![CDATA[2020-05-06 13:28:20 - [TEST_CASE][PASSED] - Test Cases/TC08_Canine_Filter_Breed-AmerStaffd: Test Cases/TC08_Canine_Filter_Breed-AmerStaffd

2020-05-06 13:28:20 - [TEST_STEP][PASSED] - openBrowser(""): Browser is opened with url: ''

2020-05-06 13:28:20 - [MESSAGE][WARNING] - A browser is already opened. Closing browser and opening a new one

2020-05-06 13:28:21 - [MESSAGE][INFO] - Starting 'Firefox (headless)' driver

2020-05-06 13:28:21 - [MESSAGE][INFO] - Action delay is set to 0 milliseconds

2020-05-06 13:28:23 - [MESSAGE][PASSED] - Browser is opened with url: ''

2020-05-06 13:28:23 - [TEST_STEP][PASSED] - ctdc.utilities.runtestcaseforKatalon.browserDriver(""): ctdc.utilities.runtestcaseforKatalon.browserDriver is PASSED

2020-05-06 13:28:23 - [MESSAGE][PASSED] - ctdc.utilities.runtestcaseforKatalon.browserDriver is PASSED

2020-05-06 13:28:23 - [TEST_STEP][PASSED] - ctdc.utilities.runtestcaseforKatalon.RunKatalon("TC08_Canine_Filter_Breed-AmerStaffd.xlsx"): Test Case sheet data loaded for test case to run. 

2020-05-06 13:28:23 - [MESSAGE][PASSED] - Test case file loaded This is the full filepath after converting to string :C:\laxmi\Katalon_May5\DataCommons_Automation\DataCommons_Automation\CTDC_Automation\InputFiles\TC08_Canine_Filter_Breed-AmerStaffd.xlsx

2020-05-06 13:28:23 - [MESSAGE][INFO] - Global variable set for password file is :  C:\laxmi\Katalon_May5\DataCommons_Automation\DataCommons_Automation\CTDC_Automation\InputFiles\TC08_Canine_Filter_Breed-AmerStaffd.xlsx

2020-05-06 13:28:23 - [MESSAGE][PASSED] - Test Case sheet data loaded for test case to run. 

2020-05-06 13:28:25 - [TEST_STEP][PASSED] - click(findTestObject("Object Repository/Canine/Canine_Cases_Btn")): Object: 'Object Repository/Canine/Canine_Cases_Btn' is clicked on

2020-05-06 13:28:25 - [MESSAGE][PASSED] - Object: 'Object Repository/Canine/Canine_Cases_Btn' is clicked on

2020-05-06 13:28:25 - [TEST_STEP][PASSED] - click(findTestObject("Object Repository/Canine/Filter/Breed/BREED_Ddn")): Object: 'Object Repository/Canine/Filter/Breed/BREED_Ddn' is clicked on

2020-05-06 13:28:27 - [MESSAGE][PASSED] - Object: 'Object Repository/Canine/Filter/Breed/BREED_Ddn' is clicked on

2020-05-06 13:28:27 - [TEST_STEP][PASSED] - click(findTestObject("Object Repository/Canine/Filter/Breed/AmerStaffd_Chkbx")): Object: 'Object Repository/Canine/Filter/Breed/AmerStaffd_Chkbx' is clicked on

2020-05-06 13:28:27 - [MESSAGE][PASSED] - Object: 'Object Repository/Canine/Filter/Breed/AmerStaffd_Chkbx' is clicked on

2020-05-06 13:28:27 - [TEST_STEP][PASSED] - ctdc.utilities.runtestcaseforKatalon.ReadCasesTableKatalon("Object Repository/Canine/Canine_CasesTable", "Object Repository/Canine/Canine_TableHeader", "Object Repository/Canine/Canine_NextBtn"): ctdc.utilities.runtestcaseforKatalon.ReadCasesTableKatalon is PASSED

2020-05-06 13:28:28 - [MESSAGE][PASSED] - ctdc.utilities.runtestcaseforKatalon.ReadCasesTableKatalon is PASSED

2020-05-06 13:28:28 - [TEST_STEP][PASSED] - ctdc.utilities.ReadExcel.Neo4j(): ctdc.utilities.ReadExcel.Neo4j is PASSED

2020-05-06 13:28:29 - [MESSAGE][PASSED] - ctdc.utilities.ReadExcel.Neo4j is PASSED

2020-05-06 13:28:29 - [TEST_STEP][PASSED] - ctdc.utilities.runtestcaseforKatalon.compareLists(): ctdc.utilities.runtestcaseforKatalon.compareLists is PASSED

2020-05-06 13:28:29 - [MESSAGE][PASSED] - ctdc.utilities.runtestcaseforKatalon.compareLists is PASSED]]></system-out>
         <system-err><![CDATA[]]></system-err>
      </testcase>
      <testcase name="Test Cases/TC09_Canine_Filter_Breed-AusShephd" time="4.128" classname="Test Cases/TC09_Canine_Filter_Breed-AusShephd" status="ERROR">
         <error type="ERROR" message="Test Cases/TC09_Canine_Filter_Breed-AusShephd FAILED.
Reason:
org.codehaus.groovy.runtime.InvokerInvocationException: java.io.FileNotFoundException: C:\laxmi\Katalon_May5\DataCommons_Automation\DataCommons_Automation\CTDC_Automation\InputFiles\TC7_Canine_Filter_Breed-Akita.xlsx (The system cannot find the file specified)
	at ctdc.utilities.runtestcaseforKatalon.invokeMethod(runtestcaseforKatalon.groovy)
	at com.kms.katalon.core.main.CustomKeywordDelegatingMetaClass.invokeStaticMethod(CustomKeywordDelegatingMetaClass.java:50)
	at TC09_Canine_Filter_Breed-AusShephd.run(TC09_Canine_Filter_Breed-AusShephd:34)
	at com.kms.katalon.core.main.ScriptEngine.run(ScriptEngine.java:194)
	at com.kms.katalon.core.main.ScriptEngine.runScriptAsRawText(ScriptEngine.java:119)
	at com.kms.katalon.core.main.TestCaseExecutor.runScript(TestCaseExecutor.java:337)
	at com.kms.katalon.core.main.TestCaseExecutor.doExecute(TestCaseExecutor.java:328)
	at com.kms.katalon.core.main.TestCaseExecutor.processExecutionPhase(TestCaseExecutor.java:307)
	at com.kms.katalon.core.main.TestCaseExecutor.accessMainPhase(TestCaseExecutor.java:299)
	at com.kms.katalon.core.main.TestCaseExecutor.execute(TestCaseExecutor.java:233)
	at com.kms.katalon.core.main.TestSuiteExecutor.accessTestCaseMainPhase(TestSuiteExecutor.java:169)
	at com.kms.katalon.core.main.TestSuiteExecutor.accessTestSuiteMainPhase(TestSuiteExecutor.java:142)
	at com.kms.katalon.core.main.TestSuiteExecutor.execute(TestSuiteExecutor.java:91)
	at com.kms.katalon.core.main.TestCaseMain.startTestSuite(TestCaseMain.java:157)
	at com.kms.katalon.core.main.TestCaseMain$startTestSuite$0.call(Unknown Source)
	at TempTestSuite1588785681357.run(TempTestSuite1588785681357.groovy:36)
Caused by: java.io.FileNotFoundException: C:\laxmi\Katalon_May5\DataCommons_Automation\DataCommons_Automation\CTDC_Automation\InputFiles\TC7_Canine_Filter_Breed-Akita.xlsx (The system cannot find the file specified)
	at ctdc.utilities.runtestcaseforKatalon.RunKatalon(runtestcaseforKatalon.groovy:53)
	... 16 more
"/>
         <system-out><![CDATA[2020-05-06 13:28:29 - [TEST_CASE][ERROR] - Test Cases/TC09_Canine_Filter_Breed-AusShephd: Test Cases/TC09_Canine_Filter_Breed-AusShephd FAILED.
Reason:
org.codehaus.groovy.runtime.InvokerInvocationException: java.io.FileNotFoundException: C:\laxmi\Katalon_May5\DataCommons_Automation\DataCommons_Automation\CTDC_Automation\InputFiles\TC7_Canine_Filter_Breed-Akita.xlsx (The system cannot find the file specified)
	at ctdc.utilities.runtestcaseforKatalon.invokeMethod(runtestcaseforKatalon.groovy)
	at com.kms.katalon.core.main.CustomKeywordDelegatingMetaClass.invokeStaticMethod(CustomKeywordDelegatingMetaClass.java:50)
	at TC09_Canine_Filter_Breed-AusShephd.run(TC09_Canine_Filter_Breed-AusShephd:34)
	at com.kms.katalon.core.main.ScriptEngine.run(ScriptEngine.java:194)
	at com.kms.katalon.core.main.ScriptEngine.runScriptAsRawText(ScriptEngine.java:119)
	at com.kms.katalon.core.main.TestCaseExecutor.runScript(TestCaseExecutor.java:337)
	at com.kms.katalon.core.main.TestCaseExecutor.doExecute(TestCaseExecutor.java:328)
	at com.kms.katalon.core.main.TestCaseExecutor.processExecutionPhase(TestCaseExecutor.java:307)
	at com.kms.katalon.core.main.TestCaseExecutor.accessMainPhase(TestCaseExecutor.java:299)
	at com.kms.katalon.core.main.TestCaseExecutor.execute(TestCaseExecutor.java:233)
	at com.kms.katalon.core.main.TestSuiteExecutor.accessTestCaseMainPhase(TestSuiteExecutor.java:169)
	at com.kms.katalon.core.main.TestSuiteExecutor.accessTestSuiteMainPhase(TestSuiteExecutor.java:142)
	at com.kms.katalon.core.main.TestSuiteExecutor.execute(TestSuiteExecutor.java:91)
	at com.kms.katalon.core.main.TestCaseMain.startTestSuite(TestCaseMain.java:157)
	at com.kms.katalon.core.main.TestCaseMain$startTestSuite$0.call(Unknown Source)
	at TempTestSuite1588785681357.run(TempTestSuite1588785681357.groovy:36)
Caused by: java.io.FileNotFoundException: C:\laxmi\Katalon_May5\DataCommons_Automation\DataCommons_Automation\CTDC_Automation\InputFiles\TC7_Canine_Filter_Breed-Akita.xlsx (The system cannot find the file specified)
	at ctdc.utilities.runtestcaseforKatalon.RunKatalon(runtestcaseforKatalon.groovy:53)
	... 16 more


2020-05-06 13:28:29 - [TEST_STEP][PASSED] - openBrowser(""): Browser is opened with url: ''

2020-05-06 13:28:29 - [MESSAGE][WARNING] - A browser is already opened. Closing browser and opening a new one

2020-05-06 13:28:30 - [MESSAGE][INFO] - Starting 'Firefox (headless)' driver

2020-05-06 13:28:30 - [MESSAGE][INFO] - Action delay is set to 0 milliseconds

2020-05-06 13:28:33 - [MESSAGE][PASSED] - Browser is opened with url: ''

2020-05-06 13:28:33 - [TEST_STEP][PASSED] - ctdc.utilities.runtestcaseforKatalon.browserDriver(""): ctdc.utilities.runtestcaseforKatalon.browserDriver is PASSED

2020-05-06 13:28:33 - [MESSAGE][PASSED] - ctdc.utilities.runtestcaseforKatalon.browserDriver is PASSED

2020-05-06 13:28:33 - [TEST_STEP][ERROR] - ctdc.utilities.runtestcaseforKatalon.RunKatalon("TC7_Canine_Filter_Breed-Akita.xlsx"): java.io.FileNotFoundException: C:\laxmi\Katalon_May5\DataCommons_Automation\DataCommons_Automation\CTDC_Automation\InputFiles\TC7_Canine_Filter_Breed-Akita.xlsx (The system cannot find the file specified)

2020-05-06 13:28:33 - [MESSAGE][PASSED] - Test case file loaded This is the full filepath after converting to string :C:\laxmi\Katalon_May5\DataCommons_Automation\DataCommons_Automation\CTDC_Automation\InputFiles\TC7_Canine_Filter_Breed-Akita.xlsx

2020-05-06 13:28:33 - [MESSAGE][INFO] - Global variable set for password file is :  C:\laxmi\Katalon_May5\DataCommons_Automation\DataCommons_Automation\CTDC_Automation\InputFiles\TC7_Canine_Filter_Breed-Akita.xlsx

2020-05-06 13:28:33 - [MESSAGE][ERROR] - java.io.FileNotFoundException: C:\laxmi\Katalon_May5\DataCommons_Automation\DataCommons_Automation\CTDC_Automation\InputFiles\TC7_Canine_Filter_Breed-Akita.xlsx (The system cannot find the file specified)]]></system-out>
         <system-err><![CDATA[2020-05-06 13:28:29 - [TEST_CASE][ERROR] - Test Cases/TC09_Canine_Filter_Breed-AusShephd: Test Cases/TC09_Canine_Filter_Breed-AusShephd FAILED.
Reason:
org.codehaus.groovy.runtime.InvokerInvocationException: java.io.FileNotFoundException: C:\laxmi\Katalon_May5\DataCommons_Automation\DataCommons_Automation\CTDC_Automation\InputFiles\TC7_Canine_Filter_Breed-Akita.xlsx (The system cannot find the file specified)
	at ctdc.utilities.runtestcaseforKatalon.invokeMethod(runtestcaseforKatalon.groovy)
	at com.kms.katalon.core.main.CustomKeywordDelegatingMetaClass.invokeStaticMethod(CustomKeywordDelegatingMetaClass.java:50)
	at TC09_Canine_Filter_Breed-AusShephd.run(TC09_Canine_Filter_Breed-AusShephd:34)
	at com.kms.katalon.core.main.ScriptEngine.run(ScriptEngine.java:194)
	at com.kms.katalon.core.main.ScriptEngine.runScriptAsRawText(ScriptEngine.java:119)
	at com.kms.katalon.core.main.TestCaseExecutor.runScript(TestCaseExecutor.java:337)
	at com.kms.katalon.core.main.TestCaseExecutor.doExecute(TestCaseExecutor.java:328)
	at com.kms.katalon.core.main.TestCaseExecutor.processExecutionPhase(TestCaseExecutor.java:307)
	at com.kms.katalon.core.main.TestCaseExecutor.accessMainPhase(TestCaseExecutor.java:299)
	at com.kms.katalon.core.main.TestCaseExecutor.execute(TestCaseExecutor.java:233)
	at com.kms.katalon.core.main.TestSuiteExecutor.accessTestCaseMainPhase(TestSuiteExecutor.java:169)
	at com.kms.katalon.core.main.TestSuiteExecutor.accessTestSuiteMainPhase(TestSuiteExecutor.java:142)
	at com.kms.katalon.core.main.TestSuiteExecutor.execute(TestSuiteExecutor.java:91)
	at com.kms.katalon.core.main.TestCaseMain.startTestSuite(TestCaseMain.java:157)
	at com.kms.katalon.core.main.TestCaseMain$startTestSuite$0.call(Unknown Source)
	at TempTestSuite1588785681357.run(TempTestSuite1588785681357.groovy:36)
Caused by: java.io.FileNotFoundException: C:\laxmi\Katalon_May5\DataCommons_Automation\DataCommons_Automation\CTDC_Automation\InputFiles\TC7_Canine_Filter_Breed-Akita.xlsx (The system cannot find the file specified)
	at ctdc.utilities.runtestcaseforKatalon.RunKatalon(runtestcaseforKatalon.groovy:53)
	... 16 more]]></system-err>
      </testcase>
      <testcase name="Test Cases/TC10_Canine_Filter_Breed-BassHnd" time="3.787" classname="Test Cases/TC10_Canine_Filter_Breed-BassHnd" status="ERROR">
         <error type="ERROR" message="Test Cases/TC10_Canine_Filter_Breed-BassHnd FAILED.
Reason:
org.codehaus.groovy.runtime.InvokerInvocationException: java.io.FileNotFoundException: C:\laxmi\Katalon_May5\DataCommons_Automation\DataCommons_Automation\CTDC_Automation\InputFiles\TC7_Canine_Filter_Breed-Akita.xlsx (The system cannot find the file specified)
	at ctdc.utilities.runtestcaseforKatalon.invokeMethod(runtestcaseforKatalon.groovy)
	at com.kms.katalon.core.main.CustomKeywordDelegatingMetaClass.invokeStaticMethod(CustomKeywordDelegatingMetaClass.java:50)
	at TC10_Canine_Filter_Breed-BassHnd.run(TC10_Canine_Filter_Breed-BassHnd:34)
	at com.kms.katalon.core.main.ScriptEngine.run(ScriptEngine.java:194)
	at com.kms.katalon.core.main.ScriptEngine.runScriptAsRawText(ScriptEngine.java:119)
	at com.kms.katalon.core.main.TestCaseExecutor.runScript(TestCaseExecutor.java:337)
	at com.kms.katalon.core.main.TestCaseExecutor.doExecute(TestCaseExecutor.java:328)
	at com.kms.katalon.core.main.TestCaseExecutor.processExecutionPhase(TestCaseExecutor.java:307)
	at com.kms.katalon.core.main.TestCaseExecutor.accessMainPhase(TestCaseExecutor.java:299)
	at com.kms.katalon.core.main.TestCaseExecutor.execute(TestCaseExecutor.java:233)
	at com.kms.katalon.core.main.TestSuiteExecutor.accessTestCaseMainPhase(TestSuiteExecutor.java:169)
	at com.kms.katalon.core.main.TestSuiteExecutor.accessTestSuiteMainPhase(TestSuiteExecutor.java:142)
	at com.kms.katalon.core.main.TestSuiteExecutor.execute(TestSuiteExecutor.java:91)
	at com.kms.katalon.core.main.TestCaseMain.startTestSuite(TestCaseMain.java:157)
	at com.kms.katalon.core.main.TestCaseMain$startTestSuite$0.call(Unknown Source)
	at TempTestSuite1588785681357.run(TempTestSuite1588785681357.groovy:36)
Caused by: java.io.FileNotFoundException: C:\laxmi\Katalon_May5\DataCommons_Automation\DataCommons_Automation\CTDC_Automation\InputFiles\TC7_Canine_Filter_Breed-Akita.xlsx (The system cannot find the file specified)
	at ctdc.utilities.runtestcaseforKatalon.RunKatalon(runtestcaseforKatalon.groovy:53)
	... 16 more
"/>
         <system-out><![CDATA[2020-05-06 13:28:33 - [TEST_CASE][ERROR] - Test Cases/TC10_Canine_Filter_Breed-BassHnd: Test Cases/TC10_Canine_Filter_Breed-BassHnd FAILED.
Reason:
org.codehaus.groovy.runtime.InvokerInvocationException: java.io.FileNotFoundException: C:\laxmi\Katalon_May5\DataCommons_Automation\DataCommons_Automation\CTDC_Automation\InputFiles\TC7_Canine_Filter_Breed-Akita.xlsx (The system cannot find the file specified)
	at ctdc.utilities.runtestcaseforKatalon.invokeMethod(runtestcaseforKatalon.groovy)
	at com.kms.katalon.core.main.CustomKeywordDelegatingMetaClass.invokeStaticMethod(CustomKeywordDelegatingMetaClass.java:50)
	at TC10_Canine_Filter_Breed-BassHnd.run(TC10_Canine_Filter_Breed-BassHnd:34)
	at com.kms.katalon.core.main.ScriptEngine.run(ScriptEngine.java:194)
	at com.kms.katalon.core.main.ScriptEngine.runScriptAsRawText(ScriptEngine.java:119)
	at com.kms.katalon.core.main.TestCaseExecutor.runScript(TestCaseExecutor.java:337)
	at com.kms.katalon.core.main.TestCaseExecutor.doExecute(TestCaseExecutor.java:328)
	at com.kms.katalon.core.main.TestCaseExecutor.processExecutionPhase(TestCaseExecutor.java:307)
	at com.kms.katalon.core.main.TestCaseExecutor.accessMainPhase(TestCaseExecutor.java:299)
	at com.kms.katalon.core.main.TestCaseExecutor.execute(TestCaseExecutor.java:233)
	at com.kms.katalon.core.main.TestSuiteExecutor.accessTestCaseMainPhase(TestSuiteExecutor.java:169)
	at com.kms.katalon.core.main.TestSuiteExecutor.accessTestSuiteMainPhase(TestSuiteExecutor.java:142)
	at com.kms.katalon.core.main.TestSuiteExecutor.execute(TestSuiteExecutor.java:91)
	at com.kms.katalon.core.main.TestCaseMain.startTestSuite(TestCaseMain.java:157)
	at com.kms.katalon.core.main.TestCaseMain$startTestSuite$0.call(Unknown Source)
	at TempTestSuite1588785681357.run(TempTestSuite1588785681357.groovy:36)
Caused by: java.io.FileNotFoundException: C:\laxmi\Katalon_May5\DataCommons_Automation\DataCommons_Automation\CTDC_Automation\InputFiles\TC7_Canine_Filter_Breed-Akita.xlsx (The system cannot find the file specified)
	at ctdc.utilities.runtestcaseforKatalon.RunKatalon(runtestcaseforKatalon.groovy:53)
	... 16 more


2020-05-06 13:28:33 - [TEST_STEP][PASSED] - openBrowser(""): Browser is opened with url: ''

2020-05-06 13:28:33 - [MESSAGE][WARNING] - A browser is already opened. Closing browser and opening a new one

2020-05-06 13:28:34 - [MESSAGE][INFO] - Starting 'Firefox (headless)' driver

2020-05-06 13:28:34 - [MESSAGE][INFO] - Action delay is set to 0 milliseconds

2020-05-06 13:28:37 - [MESSAGE][PASSED] - Browser is opened with url: ''

2020-05-06 13:28:37 - [TEST_STEP][PASSED] - ctdc.utilities.runtestcaseforKatalon.browserDriver(""): ctdc.utilities.runtestcaseforKatalon.browserDriver is PASSED

2020-05-06 13:28:37 - [MESSAGE][PASSED] - ctdc.utilities.runtestcaseforKatalon.browserDriver is PASSED

2020-05-06 13:28:37 - [TEST_STEP][ERROR] - ctdc.utilities.runtestcaseforKatalon.RunKatalon("TC7_Canine_Filter_Breed-Akita.xlsx"): java.io.FileNotFoundException: C:\laxmi\Katalon_May5\DataCommons_Automation\DataCommons_Automation\CTDC_Automation\InputFiles\TC7_Canine_Filter_Breed-Akita.xlsx (The system cannot find the file specified)

2020-05-06 13:28:37 - [MESSAGE][PASSED] - Test case file loaded This is the full filepath after converting to string :C:\laxmi\Katalon_May5\DataCommons_Automation\DataCommons_Automation\CTDC_Automation\InputFiles\TC7_Canine_Filter_Breed-Akita.xlsx

2020-05-06 13:28:37 - [MESSAGE][INFO] - Global variable set for password file is :  C:\laxmi\Katalon_May5\DataCommons_Automation\DataCommons_Automation\CTDC_Automation\InputFiles\TC7_Canine_Filter_Breed-Akita.xlsx

2020-05-06 13:28:37 - [MESSAGE][ERROR] - java.io.FileNotFoundException: C:\laxmi\Katalon_May5\DataCommons_Automation\DataCommons_Automation\CTDC_Automation\InputFiles\TC7_Canine_Filter_Breed-Akita.xlsx (The system cannot find the file specified)]]></system-out>
         <system-err><![CDATA[2020-05-06 13:28:33 - [TEST_CASE][ERROR] - Test Cases/TC10_Canine_Filter_Breed-BassHnd: Test Cases/TC10_Canine_Filter_Breed-BassHnd FAILED.
Reason:
org.codehaus.groovy.runtime.InvokerInvocationException: java.io.FileNotFoundException: C:\laxmi\Katalon_May5\DataCommons_Automation\DataCommons_Automation\CTDC_Automation\InputFiles\TC7_Canine_Filter_Breed-Akita.xlsx (The system cannot find the file specified)
	at ctdc.utilities.runtestcaseforKatalon.invokeMethod(runtestcaseforKatalon.groovy)
	at com.kms.katalon.core.main.CustomKeywordDelegatingMetaClass.invokeStaticMethod(CustomKeywordDelegatingMetaClass.java:50)
	at TC10_Canine_Filter_Breed-BassHnd.run(TC10_Canine_Filter_Breed-BassHnd:34)
	at com.kms.katalon.core.main.ScriptEngine.run(ScriptEngine.java:194)
	at com.kms.katalon.core.main.ScriptEngine.runScriptAsRawText(ScriptEngine.java:119)
	at com.kms.katalon.core.main.TestCaseExecutor.runScript(TestCaseExecutor.java:337)
	at com.kms.katalon.core.main.TestCaseExecutor.doExecute(TestCaseExecutor.java:328)
	at com.kms.katalon.core.main.TestCaseExecutor.processExecutionPhase(TestCaseExecutor.java:307)
	at com.kms.katalon.core.main.TestCaseExecutor.accessMainPhase(TestCaseExecutor.java:299)
	at com.kms.katalon.core.main.TestCaseExecutor.execute(TestCaseExecutor.java:233)
	at com.kms.katalon.core.main.TestSuiteExecutor.accessTestCaseMainPhase(TestSuiteExecutor.java:169)
	at com.kms.katalon.core.main.TestSuiteExecutor.accessTestSuiteMainPhase(TestSuiteExecutor.java:142)
	at com.kms.katalon.core.main.TestSuiteExecutor.execute(TestSuiteExecutor.java:91)
	at com.kms.katalon.core.main.TestCaseMain.startTestSuite(TestCaseMain.java:157)
	at com.kms.katalon.core.main.TestCaseMain$startTestSuite$0.call(Unknown Source)
	at TempTestSuite1588785681357.run(TempTestSuite1588785681357.groovy:36)
Caused by: java.io.FileNotFoundException: C:\laxmi\Katalon_May5\DataCommons_Automation\DataCommons_Automation\CTDC_Automation\InputFiles\TC7_Canine_Filter_Breed-Akita.xlsx (The system cannot find the file specified)
	at ctdc.utilities.runtestcaseforKatalon.RunKatalon(runtestcaseforKatalon.groovy:53)
	... 16 more]]></system-err>
      </testcase>
      <system-out><![CDATA[2020-05-06 13:21:23 - [TEST_SUITE][FAILED] - TrialSuite: Test Cases/TC07_Canine_Filter_Breed-Akita FAILED.
Reason:
com.kms.katalon.core.exception.StepFailedException: Unable to click on object 'Object Repository/Canine/Filter/Breed/Akita_Chkbx'
	at com.kms.katalon.core.webui.keyword.internal.WebUIKeywordMain.stepFailed(WebUIKeywordMain.groovy:64)
	at com.kms.katalon.core.webui.keyword.internal.WebUIKeywordMain.runKeyword(WebUIKeywordMain.groovy:26)
	at com.kms.katalon.core.webui.keyword.builtin.ClickKeyword.click(ClickKeyword.groovy:76)
	at com.kms.katalon.core.webui.keyword.builtin.ClickKeyword.execute(ClickKeyword.groovy:43)
	at com.kms.katalon.core.keyword.internal.KeywordExecutor.executeKeywordForPlatform(KeywordExecutor.groovy:72)
	at com.kms.katalon.core.webui.keyword.WebUiBuiltInKeywords.click(WebUiBuiltInKeywords.groovy:616)
	at com.kms.katalon.core.webui.keyword.WebUiBuiltInKeywords$click$0.call(Unknown Source)
	at TC07_Canine_Filter_Breed-Akita.run(TC07_Canine_Filter_Breed-Akita:40)
	at com.kms.katalon.core.main.ScriptEngine.run(ScriptEngine.java:194)
	at com.kms.katalon.core.main.ScriptEngine.runScriptAsRawText(ScriptEngine.java:119)
	at com.kms.katalon.core.main.TestCaseExecutor.runScript(TestCaseExecutor.java:337)
	at com.kms.katalon.core.main.TestCaseExecutor.doExecute(TestCaseExecutor.java:328)
	at com.kms.katalon.core.main.TestCaseExecutor.processExecutionPhase(TestCaseExecutor.java:307)
	at com.kms.katalon.core.main.TestCaseExecutor.accessMainPhase(TestCaseExecutor.java:299)
	at com.kms.katalon.core.main.TestCaseExecutor.execute(TestCaseExecutor.java:233)
	at com.kms.katalon.core.main.TestSuiteExecutor.accessTestCaseMainPhase(TestSuiteExecutor.java:169)
	at com.kms.katalon.core.main.TestSuiteExecutor.accessTestSuiteMainPhase(TestSuiteExecutor.java:142)
	at com.kms.katalon.core.main.TestSuiteExecutor.execute(TestSuiteExecutor.java:91)
	at com.kms.katalon.core.main.TestCaseMain.startTestSuite(TestCaseMain.java:157)
	at com.kms.katalon.core.main.TestCaseMain$startTestSuite$0.call(Unknown Source)
	at TempTestSuite1588785681357.run(TempTestSuite1588785681357.groovy:36)
Caused by: com.kms.katalon.core.webui.exception.WebElementNotFoundException: Web element with id: 'Object Repository/Canine/Filter/Breed/Akita_Chkbx' located by 'By.xpath: ' not found
	at com.kms.katalon.core.webui.common.WebUiCommonHelper.findWebElement(WebUiCommonHelper.java:1154)
	at com.kms.katalon.core.webui.keyword.internal.WebUIAbstractKeyword.findWebElement(WebUIAbstractKeyword.groovy:27)
	at com.kms.katalon.core.webui.keyword.internal.WebUIAbstractKeyword.findWebElement(WebUIAbstractKeyword.groovy:26)
	at com.kms.katalon.core.webui.keyword.builtin.ClickKeyword$_click_closure1.doCall(ClickKeyword.groovy:67)
	at com.kms.katalon.core.webui.keyword.builtin.ClickKeyword$_click_closure1.call(ClickKeyword.groovy)
	at com.kms.katalon.core.webui.keyword.internal.WebUIKeywordMain.runKeyword(WebUIKeywordMain.groovy:20)
	... 19 more]]></system-out>
      <system-err><![CDATA[2020-05-06 13:21:23 - [TEST_SUITE][FAILED] - TrialSuite: Test Cases/TC07_Canine_Filter_Breed-Akita FAILED.
Reason:
com.kms.katalon.core.exception.StepFailedException: Unable to click on object 'Object Repository/Canine/Filter/Breed/Akita_Chkbx'
	at com.kms.katalon.core.webui.keyword.internal.WebUIKeywordMain.stepFailed(WebUIKeywordMain.groovy:64)
	at com.kms.katalon.core.webui.keyword.internal.WebUIKeywordMain.runKeyword(WebUIKeywordMain.groovy:26)
	at com.kms.katalon.core.webui.keyword.builtin.ClickKeyword.click(ClickKeyword.groovy:76)
	at com.kms.katalon.core.webui.keyword.builtin.ClickKeyword.execute(ClickKeyword.groovy:43)
	at com.kms.katalon.core.keyword.internal.KeywordExecutor.executeKeywordForPlatform(KeywordExecutor.groovy:72)
	at com.kms.katalon.core.webui.keyword.WebUiBuiltInKeywords.click(WebUiBuiltInKeywords.groovy:616)
	at com.kms.katalon.core.webui.keyword.WebUiBuiltInKeywords$click$0.call(Unknown Source)
	at TC07_Canine_Filter_Breed-Akita.run(TC07_Canine_Filter_Breed-Akita:40)
	at com.kms.katalon.core.main.ScriptEngine.run(ScriptEngine.java:194)
	at com.kms.katalon.core.main.ScriptEngine.runScriptAsRawText(ScriptEngine.java:119)
	at com.kms.katalon.core.main.TestCaseExecutor.runScript(TestCaseExecutor.java:337)
	at com.kms.katalon.core.main.TestCaseExecutor.doExecute(TestCaseExecutor.java:328)
	at com.kms.katalon.core.main.TestCaseExecutor.processExecutionPhase(TestCaseExecutor.java:307)
	at com.kms.katalon.core.main.TestCaseExecutor.accessMainPhase(TestCaseExecutor.java:299)
	at com.kms.katalon.core.main.TestCaseExecutor.execute(TestCaseExecutor.java:233)
	at com.kms.katalon.core.main.TestSuiteExecutor.accessTestCaseMainPhase(TestSuiteExecutor.java:169)
	at com.kms.katalon.core.main.TestSuiteExecutor.accessTestSuiteMainPhase(TestSuiteExecutor.java:142)
	at com.kms.katalon.core.main.TestSuiteExecutor.execute(TestSuiteExecutor.java:91)
	at com.kms.katalon.core.main.TestCaseMain.startTestSuite(TestCaseMain.java:157)
	at com.kms.katalon.core.main.TestCaseMain$startTestSuite$0.call(Unknown Source)
	at TempTestSuite1588785681357.run(TempTestSuite1588785681357.groovy:36)
Caused by: com.kms.katalon.core.webui.exception.WebElementNotFoundException: Web element with id: 'Object Repository/Canine/Filter/Breed/Akita_Chkbx' located by 'By.xpath: ' not found
	at com.kms.katalon.core.webui.common.WebUiCommonHelper.findWebElement(WebUiCommonHelper.java:1154)
	at com.kms.katalon.core.webui.keyword.internal.WebUIAbstractKeyword.findWebElement(WebUIAbstractKeyword.groovy:27)
	at com.kms.katalon.core.webui.keyword.internal.WebUIAbstractKeyword.findWebElement(WebUIAbstractKeyword.groovy:26)
	at com.kms.katalon.core.webui.keyword.builtin.ClickKeyword$_click_closure1.doCall(ClickKeyword.groovy:67)
	at com.kms.katalon.core.webui.keyword.builtin.ClickKeyword$_click_closure1.call(ClickKeyword.groovy)
	at com.kms.katalon.core.webui.keyword.internal.WebUIKeywordMain.runKeyword(WebUIKeywordMain.groovy:20)
	... 19 more]]></system-err>
   </testsuite>
</testsuites>
