<?xml version="1.0" encoding="UTF-8"?>
<testsuites name="Canine_TestSuite" time="35.811" tests="3" failures="0" errors="3">
   <testsuite name="Canine_TestSuite" tests="3" failures="0" errors="3" time="35.811" timestamp="2020-05-06 07:21:39" hostname="radhakrishnang2 - NCI-02150368-L.nci.nih.gov" id="Test Suites/Canine_TestSuite">
      <properties>
         <property name="deviceName" value=""/>
         <property name="devicePlatform" value=""/>
         <property name="logFolder" value="C:\\Users\\radhakrishnang2\\Desktop\\Script\\DataCommons_Automation\\CTDC_Automation\\Reports\\20200506_072134\\Canine_TestSuite\\20200506_072134"/>
         <property name="logFiles" value="C:\\Users\\radhakrishnang2\\Desktop\\Script\\DataCommons_Automation\\CTDC_Automation\\Reports\\20200506_072134\\Canine_TestSuite\\20200506_072134\\execution0.log"/>
         <property name="attachments" value=""/>
         <property name="hostName" value="radhakrishnang2 - NCI-02150368-L.nci.nih.gov"/>
         <property name="os" value="Windows 10 64bit"/>
         <property name="katalonVersion" value="7.2.6.1"/>
         <property name="browser" value="Firefox 68.0"/>
         <property name="hostAddress" value="10.242.86.45"/>
         <property name="sessionId" value="d4912902-2c4c-48a9-ad83-191cc6382e50"/>
         <property name="seleniumVersion" value="3.141.59"/>
         <property name="proxyInformation" value="ProxyInformation{proxyOption=NO_PROXY, proxyServerType=HTTP, password=, proxyServerAddress=, proxyServerPort=0, executionList=}"/>
         <property name="platform" value="Windows 10"/>
      </properties>
      <testcase name="Test Cases/TC01_Canine_Filter_Study-COTB" time="9.833" classname="Test Cases/TC01_Canine_Filter_Study-COTB" status="ERROR">
         <error type="ERROR" message="Test Cases/TC01_Canine_Filter_Study-COTB FAILED.
Reason:
groovy.lang.MissingPropertyException: No such property: file_pwd for class: ctdc.utilities.runtestcaseforKatalon
	at ctdc.utilities.runtestcaseforKatalon.RunKatalon(runtestcaseforKatalon.groovy:44)
	at ctdc.utilities.runtestcaseforKatalon.invokeMethod(runtestcaseforKatalon.groovy)
	at com.kms.katalon.core.main.CustomKeywordDelegatingMetaClass.invokeStaticMethod(CustomKeywordDelegatingMetaClass.java:50)
	at TC01_Canine_Filter_Study-COTB.run(TC01_Canine_Filter_Study-COTB:34)
	at com.kms.katalon.core.main.ScriptEngine.run(ScriptEngine.java:194)
	at com.kms.katalon.core.main.ScriptEngine.runScriptAsRawText(ScriptEngine.java:119)
	at com.kms.katalon.core.main.TestCaseExecutor.runScript(TestCaseExecutor.java:337)
	at com.kms.katalon.core.main.TestCaseExecutor.doExecute(TestCaseExecutor.java:328)
	at com.kms.katalon.core.main.TestCaseExecutor.processExecutionPhase(TestCaseExecutor.java:307)
	at com.kms.katalon.core.main.TestCaseExecutor.accessMainPhase(TestCaseExecutor.java:299)
	at com.kms.katalon.core.main.TestCaseExecutor.execute(TestCaseExecutor.java:233)
	at com.kms.katalon.core.main.TestSuiteExecutor.accessTestCaseMainPhase(TestSuiteExecutor.java:169)
	at com.kms.katalon.core.main.TestSuiteExecutor.accessTestSuiteMainPhase(TestSuiteExecutor.java:142)
	at com.kms.katalon.core.main.TestSuiteExecutor.execute(TestSuiteExecutor.java:91)
	at com.kms.katalon.core.main.TestCaseMain.startTestSuite(TestCaseMain.java:157)
	at com.kms.katalon.core.main.TestCaseMain$startTestSuite$0.call(Unknown Source)
	at TempTestSuite1588774894955.run(TempTestSuite1588774894955.groovy:36)
"/>
         <system-out><![CDATA[2020-05-06 07:21:39 - [TEST_CASE][ERROR] - Test Cases/TC01_Canine_Filter_Study-COTB: Test Cases/TC01_Canine_Filter_Study-COTB FAILED.
Reason:
groovy.lang.MissingPropertyException: No such property: file_pwd for class: ctdc.utilities.runtestcaseforKatalon
	at ctdc.utilities.runtestcaseforKatalon.RunKatalon(runtestcaseforKatalon.groovy:44)
	at ctdc.utilities.runtestcaseforKatalon.invokeMethod(runtestcaseforKatalon.groovy)
	at com.kms.katalon.core.main.CustomKeywordDelegatingMetaClass.invokeStaticMethod(CustomKeywordDelegatingMetaClass.java:50)
	at TC01_Canine_Filter_Study-COTB.run(TC01_Canine_Filter_Study-COTB:34)
	at com.kms.katalon.core.main.ScriptEngine.run(ScriptEngine.java:194)
	at com.kms.katalon.core.main.ScriptEngine.runScriptAsRawText(ScriptEngine.java:119)
	at com.kms.katalon.core.main.TestCaseExecutor.runScript(TestCaseExecutor.java:337)
	at com.kms.katalon.core.main.TestCaseExecutor.doExecute(TestCaseExecutor.java:328)
	at com.kms.katalon.core.main.TestCaseExecutor.processExecutionPhase(TestCaseExecutor.java:307)
	at com.kms.katalon.core.main.TestCaseExecutor.accessMainPhase(TestCaseExecutor.java:299)
	at com.kms.katalon.core.main.TestCaseExecutor.execute(TestCaseExecutor.java:233)
	at com.kms.katalon.core.main.TestSuiteExecutor.accessTestCaseMainPhase(TestSuiteExecutor.java:169)
	at com.kms.katalon.core.main.TestSuiteExecutor.accessTestSuiteMainPhase(TestSuiteExecutor.java:142)
	at com.kms.katalon.core.main.TestSuiteExecutor.execute(TestSuiteExecutor.java:91)
	at com.kms.katalon.core.main.TestCaseMain.startTestSuite(TestCaseMain.java:157)
	at com.kms.katalon.core.main.TestCaseMain$startTestSuite$0.call(Unknown Source)
	at TempTestSuite1588774894955.run(TempTestSuite1588774894955.groovy:36)


2020-05-06 07:21:40 - [TEST_STEP][PASSED] - openBrowser(""): Browser is opened with url: ''

2020-05-06 07:21:41 - [MESSAGE][INFO] - Starting 'Firefox (headless)' driver

2020-05-06 07:21:41 - [MESSAGE][INFO] - Action delay is set to 0 seconds

2020-05-06 07:21:49 - [MESSAGE][PASSED] - Browser is opened with url: ''

2020-05-06 07:21:49 - [TEST_STEP][PASSED] - ctdc.utilities.runtestcaseforKatalon.browserDriver(""): ctdc.utilities.runtestcaseforKatalon.browserDriver is PASSED

2020-05-06 07:21:49 - [MESSAGE][PASSED] - ctdc.utilities.runtestcaseforKatalon.browserDriver is PASSED

2020-05-06 07:21:49 - [TEST_STEP][ERROR] - ctdc.utilities.runtestcaseforKatalon.RunKatalon("TC01_Canine_Filter_Study-COTB.xlsx"): No such property: file_pwd for class: ctdc.utilities.runtestcaseforKatalon

2020-05-06 07:21:49 - [MESSAGE][ERROR] - No such property: file_pwd for class: ctdc.utilities.runtestcaseforKatalon]]></system-out>
         <system-err><![CDATA[2020-05-06 07:21:39 - [TEST_CASE][ERROR] - Test Cases/TC01_Canine_Filter_Study-COTB: Test Cases/TC01_Canine_Filter_Study-COTB FAILED.
Reason:
groovy.lang.MissingPropertyException: No such property: file_pwd for class: ctdc.utilities.runtestcaseforKatalon
	at ctdc.utilities.runtestcaseforKatalon.RunKatalon(runtestcaseforKatalon.groovy:44)
	at ctdc.utilities.runtestcaseforKatalon.invokeMethod(runtestcaseforKatalon.groovy)
	at com.kms.katalon.core.main.CustomKeywordDelegatingMetaClass.invokeStaticMethod(CustomKeywordDelegatingMetaClass.java:50)
	at TC01_Canine_Filter_Study-COTB.run(TC01_Canine_Filter_Study-COTB:34)
	at com.kms.katalon.core.main.ScriptEngine.run(ScriptEngine.java:194)
	at com.kms.katalon.core.main.ScriptEngine.runScriptAsRawText(ScriptEngine.java:119)
	at com.kms.katalon.core.main.TestCaseExecutor.runScript(TestCaseExecutor.java:337)
	at com.kms.katalon.core.main.TestCaseExecutor.doExecute(TestCaseExecutor.java:328)
	at com.kms.katalon.core.main.TestCaseExecutor.processExecutionPhase(TestCaseExecutor.java:307)
	at com.kms.katalon.core.main.TestCaseExecutor.accessMainPhase(TestCaseExecutor.java:299)
	at com.kms.katalon.core.main.TestCaseExecutor.execute(TestCaseExecutor.java:233)
	at com.kms.katalon.core.main.TestSuiteExecutor.accessTestCaseMainPhase(TestSuiteExecutor.java:169)
	at com.kms.katalon.core.main.TestSuiteExecutor.accessTestSuiteMainPhase(TestSuiteExecutor.java:142)
	at com.kms.katalon.core.main.TestSuiteExecutor.execute(TestSuiteExecutor.java:91)
	at com.kms.katalon.core.main.TestCaseMain.startTestSuite(TestCaseMain.java:157)
	at com.kms.katalon.core.main.TestCaseMain$startTestSuite$0.call(Unknown Source)
	at TempTestSuite1588774894955.run(TempTestSuite1588774894955.groovy:36)]]></system-err>
      </testcase>
      <testcase name="Test Cases/TC02_Canine_Filter_Study-NCATS" time="14.101" classname="Test Cases/TC02_Canine_Filter_Study-NCATS" status="ERROR">
         <error type="ERROR" message="Test Cases/TC02_Canine_Filter_Study-NCATS FAILED.
Reason:
groovy.lang.MissingPropertyException: No such property: file_pwd for class: ctdc.utilities.runtestcaseforKatalon
	at ctdc.utilities.runtestcaseforKatalon.RunKatalon(runtestcaseforKatalon.groovy:44)
	at ctdc.utilities.runtestcaseforKatalon.invokeMethod(runtestcaseforKatalon.groovy)
	at com.kms.katalon.core.main.CustomKeywordDelegatingMetaClass.invokeStaticMethod(CustomKeywordDelegatingMetaClass.java:50)
	at TC02_Canine_Filter_Study-NCATS.run(TC02_Canine_Filter_Study-NCATS:34)
	at com.kms.katalon.core.main.ScriptEngine.run(ScriptEngine.java:194)
	at com.kms.katalon.core.main.ScriptEngine.runScriptAsRawText(ScriptEngine.java:119)
	at com.kms.katalon.core.main.TestCaseExecutor.runScript(TestCaseExecutor.java:337)
	at com.kms.katalon.core.main.TestCaseExecutor.doExecute(TestCaseExecutor.java:328)
	at com.kms.katalon.core.main.TestCaseExecutor.processExecutionPhase(TestCaseExecutor.java:307)
	at com.kms.katalon.core.main.TestCaseExecutor.accessMainPhase(TestCaseExecutor.java:299)
	at com.kms.katalon.core.main.TestCaseExecutor.execute(TestCaseExecutor.java:233)
	at com.kms.katalon.core.main.TestSuiteExecutor.accessTestCaseMainPhase(TestSuiteExecutor.java:169)
	at com.kms.katalon.core.main.TestSuiteExecutor.accessTestSuiteMainPhase(TestSuiteExecutor.java:142)
	at com.kms.katalon.core.main.TestSuiteExecutor.execute(TestSuiteExecutor.java:91)
	at com.kms.katalon.core.main.TestCaseMain.startTestSuite(TestCaseMain.java:157)
	at com.kms.katalon.core.main.TestCaseMain$startTestSuite$0.call(Unknown Source)
	at TempTestSuite1588774894955.run(TempTestSuite1588774894955.groovy:36)
"/>
         <system-out><![CDATA[2020-05-06 07:21:49 - [TEST_CASE][ERROR] - Test Cases/TC02_Canine_Filter_Study-NCATS: Test Cases/TC02_Canine_Filter_Study-NCATS FAILED.
Reason:
groovy.lang.MissingPropertyException: No such property: file_pwd for class: ctdc.utilities.runtestcaseforKatalon
	at ctdc.utilities.runtestcaseforKatalon.RunKatalon(runtestcaseforKatalon.groovy:44)
	at ctdc.utilities.runtestcaseforKatalon.invokeMethod(runtestcaseforKatalon.groovy)
	at com.kms.katalon.core.main.CustomKeywordDelegatingMetaClass.invokeStaticMethod(CustomKeywordDelegatingMetaClass.java:50)
	at TC02_Canine_Filter_Study-NCATS.run(TC02_Canine_Filter_Study-NCATS:34)
	at com.kms.katalon.core.main.ScriptEngine.run(ScriptEngine.java:194)
	at com.kms.katalon.core.main.ScriptEngine.runScriptAsRawText(ScriptEngine.java:119)
	at com.kms.katalon.core.main.TestCaseExecutor.runScript(TestCaseExecutor.java:337)
	at com.kms.katalon.core.main.TestCaseExecutor.doExecute(TestCaseExecutor.java:328)
	at com.kms.katalon.core.main.TestCaseExecutor.processExecutionPhase(TestCaseExecutor.java:307)
	at com.kms.katalon.core.main.TestCaseExecutor.accessMainPhase(TestCaseExecutor.java:299)
	at com.kms.katalon.core.main.TestCaseExecutor.execute(TestCaseExecutor.java:233)
	at com.kms.katalon.core.main.TestSuiteExecutor.accessTestCaseMainPhase(TestSuiteExecutor.java:169)
	at com.kms.katalon.core.main.TestSuiteExecutor.accessTestSuiteMainPhase(TestSuiteExecutor.java:142)
	at com.kms.katalon.core.main.TestSuiteExecutor.execute(TestSuiteExecutor.java:91)
	at com.kms.katalon.core.main.TestCaseMain.startTestSuite(TestCaseMain.java:157)
	at com.kms.katalon.core.main.TestCaseMain$startTestSuite$0.call(Unknown Source)
	at TempTestSuite1588774894955.run(TempTestSuite1588774894955.groovy:36)


2020-05-06 07:21:50 - [TEST_STEP][PASSED] - openBrowser(""): Browser is opened with url: ''

2020-05-06 07:21:50 - [MESSAGE][WARNING] - A browser is already opened. Closing browser and opening a new one

2020-05-06 07:21:52 - [MESSAGE][INFO] - Starting 'Firefox (headless)' driver

2020-05-06 07:22:03 - [MESSAGE][PASSED] - Browser is opened with url: ''

2020-05-06 07:22:03 - [TEST_STEP][PASSED] - ctdc.utilities.runtestcaseforKatalon.browserDriver(""): ctdc.utilities.runtestcaseforKatalon.browserDriver is PASSED

2020-05-06 07:22:03 - [MESSAGE][PASSED] - ctdc.utilities.runtestcaseforKatalon.browserDriver is PASSED

2020-05-06 07:22:03 - [TEST_STEP][ERROR] - ctdc.utilities.runtestcaseforKatalon.RunKatalon("TC02_Canine_Filter_Study-NCATS.xlsx"): No such property: file_pwd for class: ctdc.utilities.runtestcaseforKatalon

2020-05-06 07:22:03 - [MESSAGE][ERROR] - No such property: file_pwd for class: ctdc.utilities.runtestcaseforKatalon]]></system-out>
         <system-err><![CDATA[2020-05-06 07:21:49 - [TEST_CASE][ERROR] - Test Cases/TC02_Canine_Filter_Study-NCATS: Test Cases/TC02_Canine_Filter_Study-NCATS FAILED.
Reason:
groovy.lang.MissingPropertyException: No such property: file_pwd for class: ctdc.utilities.runtestcaseforKatalon
	at ctdc.utilities.runtestcaseforKatalon.RunKatalon(runtestcaseforKatalon.groovy:44)
	at ctdc.utilities.runtestcaseforKatalon.invokeMethod(runtestcaseforKatalon.groovy)
	at com.kms.katalon.core.main.CustomKeywordDelegatingMetaClass.invokeStaticMethod(CustomKeywordDelegatingMetaClass.java:50)
	at TC02_Canine_Filter_Study-NCATS.run(TC02_Canine_Filter_Study-NCATS:34)
	at com.kms.katalon.core.main.ScriptEngine.run(ScriptEngine.java:194)
	at com.kms.katalon.core.main.ScriptEngine.runScriptAsRawText(ScriptEngine.java:119)
	at com.kms.katalon.core.main.TestCaseExecutor.runScript(TestCaseExecutor.java:337)
	at com.kms.katalon.core.main.TestCaseExecutor.doExecute(TestCaseExecutor.java:328)
	at com.kms.katalon.core.main.TestCaseExecutor.processExecutionPhase(TestCaseExecutor.java:307)
	at com.kms.katalon.core.main.TestCaseExecutor.accessMainPhase(TestCaseExecutor.java:299)
	at com.kms.katalon.core.main.TestCaseExecutor.execute(TestCaseExecutor.java:233)
	at com.kms.katalon.core.main.TestSuiteExecutor.accessTestCaseMainPhase(TestSuiteExecutor.java:169)
	at com.kms.katalon.core.main.TestSuiteExecutor.accessTestSuiteMainPhase(TestSuiteExecutor.java:142)
	at com.kms.katalon.core.main.TestSuiteExecutor.execute(TestSuiteExecutor.java:91)
	at com.kms.katalon.core.main.TestCaseMain.startTestSuite(TestCaseMain.java:157)
	at com.kms.katalon.core.main.TestCaseMain$startTestSuite$0.call(Unknown Source)
	at TempTestSuite1588774894955.run(TempTestSuite1588774894955.groovy:36)]]></system-err>
      </testcase>
      <testcase name="Test Cases/TC03_Canine_Filter_Study-ALL" time="9.189" classname="Test Cases/TC03_Canine_Filter_Study-ALL" status="ERROR">
         <error type="ERROR" message="Test Cases/TC03_Canine_Filter_Study-ALL FAILED.
Reason:
groovy.lang.MissingPropertyException: No such property: file_pwd for class: ctdc.utilities.runtestcaseforKatalon
	at ctdc.utilities.runtestcaseforKatalon.RunKatalon(runtestcaseforKatalon.groovy:44)
	at ctdc.utilities.runtestcaseforKatalon.invokeMethod(runtestcaseforKatalon.groovy)
	at com.kms.katalon.core.main.CustomKeywordDelegatingMetaClass.invokeStaticMethod(CustomKeywordDelegatingMetaClass.java:50)
	at TC03_Canine_Filter_Study-ALL.run(TC03_Canine_Filter_Study-ALL:34)
	at com.kms.katalon.core.main.ScriptEngine.run(ScriptEngine.java:194)
	at com.kms.katalon.core.main.ScriptEngine.runScriptAsRawText(ScriptEngine.java:119)
	at com.kms.katalon.core.main.TestCaseExecutor.runScript(TestCaseExecutor.java:337)
	at com.kms.katalon.core.main.TestCaseExecutor.doExecute(TestCaseExecutor.java:328)
	at com.kms.katalon.core.main.TestCaseExecutor.processExecutionPhase(TestCaseExecutor.java:307)
	at com.kms.katalon.core.main.TestCaseExecutor.accessMainPhase(TestCaseExecutor.java:299)
	at com.kms.katalon.core.main.TestCaseExecutor.execute(TestCaseExecutor.java:233)
	at com.kms.katalon.core.main.TestSuiteExecutor.accessTestCaseMainPhase(TestSuiteExecutor.java:169)
	at com.kms.katalon.core.main.TestSuiteExecutor.accessTestSuiteMainPhase(TestSuiteExecutor.java:142)
	at com.kms.katalon.core.main.TestSuiteExecutor.execute(TestSuiteExecutor.java:91)
	at com.kms.katalon.core.main.TestCaseMain.startTestSuite(TestCaseMain.java:157)
	at com.kms.katalon.core.main.TestCaseMain$startTestSuite$0.call(Unknown Source)
	at TempTestSuite1588774894955.run(TempTestSuite1588774894955.groovy:36)
"/>
         <system-out><![CDATA[2020-05-06 07:22:03 - [TEST_CASE][ERROR] - Test Cases/TC03_Canine_Filter_Study-ALL: Test Cases/TC03_Canine_Filter_Study-ALL FAILED.
Reason:
groovy.lang.MissingPropertyException: No such property: file_pwd for class: ctdc.utilities.runtestcaseforKatalon
	at ctdc.utilities.runtestcaseforKatalon.RunKatalon(runtestcaseforKatalon.groovy:44)
	at ctdc.utilities.runtestcaseforKatalon.invokeMethod(runtestcaseforKatalon.groovy)
	at com.kms.katalon.core.main.CustomKeywordDelegatingMetaClass.invokeStaticMethod(CustomKeywordDelegatingMetaClass.java:50)
	at TC03_Canine_Filter_Study-ALL.run(TC03_Canine_Filter_Study-ALL:34)
	at com.kms.katalon.core.main.ScriptEngine.run(ScriptEngine.java:194)
	at com.kms.katalon.core.main.ScriptEngine.runScriptAsRawText(ScriptEngine.java:119)
	at com.kms.katalon.core.main.TestCaseExecutor.runScript(TestCaseExecutor.java:337)
	at com.kms.katalon.core.main.TestCaseExecutor.doExecute(TestCaseExecutor.java:328)
	at com.kms.katalon.core.main.TestCaseExecutor.processExecutionPhase(TestCaseExecutor.java:307)
	at com.kms.katalon.core.main.TestCaseExecutor.accessMainPhase(TestCaseExecutor.java:299)
	at com.kms.katalon.core.main.TestCaseExecutor.execute(TestCaseExecutor.java:233)
	at com.kms.katalon.core.main.TestSuiteExecutor.accessTestCaseMainPhase(TestSuiteExecutor.java:169)
	at com.kms.katalon.core.main.TestSuiteExecutor.accessTestSuiteMainPhase(TestSuiteExecutor.java:142)
	at com.kms.katalon.core.main.TestSuiteExecutor.execute(TestSuiteExecutor.java:91)
	at com.kms.katalon.core.main.TestCaseMain.startTestSuite(TestCaseMain.java:157)
	at com.kms.katalon.core.main.TestCaseMain$startTestSuite$0.call(Unknown Source)
	at TempTestSuite1588774894955.run(TempTestSuite1588774894955.groovy:36)


2020-05-06 07:22:04 - [TEST_STEP][PASSED] - openBrowser(""): Browser is opened with url: ''

2020-05-06 07:22:04 - [MESSAGE][WARNING] - A browser is already opened. Closing browser and opening a new one

2020-05-06 07:22:06 - [MESSAGE][INFO] - Starting 'Firefox (headless)' driver

2020-05-06 07:22:12 - [MESSAGE][PASSED] - Browser is opened with url: ''

2020-05-06 07:22:12 - [TEST_STEP][PASSED] - ctdc.utilities.runtestcaseforKatalon.browserDriver(""): ctdc.utilities.runtestcaseforKatalon.browserDriver is PASSED

2020-05-06 07:22:12 - [MESSAGE][PASSED] - ctdc.utilities.runtestcaseforKatalon.browserDriver is PASSED

2020-05-06 07:22:12 - [TEST_STEP][ERROR] - ctdc.utilities.runtestcaseforKatalon.RunKatalon("TC03_Canine_Filter_Study-ALL.xlsx"): No such property: file_pwd for class: ctdc.utilities.runtestcaseforKatalon

2020-05-06 07:22:12 - [MESSAGE][ERROR] - No such property: file_pwd for class: ctdc.utilities.runtestcaseforKatalon]]></system-out>
         <system-err><![CDATA[2020-05-06 07:22:03 - [TEST_CASE][ERROR] - Test Cases/TC03_Canine_Filter_Study-ALL: Test Cases/TC03_Canine_Filter_Study-ALL FAILED.
Reason:
groovy.lang.MissingPropertyException: No such property: file_pwd for class: ctdc.utilities.runtestcaseforKatalon
	at ctdc.utilities.runtestcaseforKatalon.RunKatalon(runtestcaseforKatalon.groovy:44)
	at ctdc.utilities.runtestcaseforKatalon.invokeMethod(runtestcaseforKatalon.groovy)
	at com.kms.katalon.core.main.CustomKeywordDelegatingMetaClass.invokeStaticMethod(CustomKeywordDelegatingMetaClass.java:50)
	at TC03_Canine_Filter_Study-ALL.run(TC03_Canine_Filter_Study-ALL:34)
	at com.kms.katalon.core.main.ScriptEngine.run(ScriptEngine.java:194)
	at com.kms.katalon.core.main.ScriptEngine.runScriptAsRawText(ScriptEngine.java:119)
	at com.kms.katalon.core.main.TestCaseExecutor.runScript(TestCaseExecutor.java:337)
	at com.kms.katalon.core.main.TestCaseExecutor.doExecute(TestCaseExecutor.java:328)
	at com.kms.katalon.core.main.TestCaseExecutor.processExecutionPhase(TestCaseExecutor.java:307)
	at com.kms.katalon.core.main.TestCaseExecutor.accessMainPhase(TestCaseExecutor.java:299)
	at com.kms.katalon.core.main.TestCaseExecutor.execute(TestCaseExecutor.java:233)
	at com.kms.katalon.core.main.TestSuiteExecutor.accessTestCaseMainPhase(TestSuiteExecutor.java:169)
	at com.kms.katalon.core.main.TestSuiteExecutor.accessTestSuiteMainPhase(TestSuiteExecutor.java:142)
	at com.kms.katalon.core.main.TestSuiteExecutor.execute(TestSuiteExecutor.java:91)
	at com.kms.katalon.core.main.TestCaseMain.startTestSuite(TestCaseMain.java:157)
	at com.kms.katalon.core.main.TestCaseMain$startTestSuite$0.call(Unknown Source)
	at TempTestSuite1588774894955.run(TempTestSuite1588774894955.groovy:36)]]></system-err>
      </testcase>
      <system-out><![CDATA[2020-05-06 07:21:39 - [TEST_SUITE][ERROR] - Canine_TestSuite: Test Cases/TC01_Canine_Filter_Study-COTB FAILED.
Reason:
groovy.lang.MissingPropertyException: No such property: file_pwd for class: ctdc.utilities.runtestcaseforKatalon
	at ctdc.utilities.runtestcaseforKatalon.RunKatalon(runtestcaseforKatalon.groovy:44)
	at ctdc.utilities.runtestcaseforKatalon.invokeMethod(runtestcaseforKatalon.groovy)
	at com.kms.katalon.core.main.CustomKeywordDelegatingMetaClass.invokeStaticMethod(CustomKeywordDelegatingMetaClass.java:50)
	at TC01_Canine_Filter_Study-COTB.run(TC01_Canine_Filter_Study-COTB:34)
	at com.kms.katalon.core.main.ScriptEngine.run(ScriptEngine.java:194)
	at com.kms.katalon.core.main.ScriptEngine.runScriptAsRawText(ScriptEngine.java:119)
	at com.kms.katalon.core.main.TestCaseExecutor.runScript(TestCaseExecutor.java:337)
	at com.kms.katalon.core.main.TestCaseExecutor.doExecute(TestCaseExecutor.java:328)
	at com.kms.katalon.core.main.TestCaseExecutor.processExecutionPhase(TestCaseExecutor.java:307)
	at com.kms.katalon.core.main.TestCaseExecutor.accessMainPhase(TestCaseExecutor.java:299)
	at com.kms.katalon.core.main.TestCaseExecutor.execute(TestCaseExecutor.java:233)
	at com.kms.katalon.core.main.TestSuiteExecutor.accessTestCaseMainPhase(TestSuiteExecutor.java:169)
	at com.kms.katalon.core.main.TestSuiteExecutor.accessTestSuiteMainPhase(TestSuiteExecutor.java:142)
	at com.kms.katalon.core.main.TestSuiteExecutor.execute(TestSuiteExecutor.java:91)
	at com.kms.katalon.core.main.TestCaseMain.startTestSuite(TestCaseMain.java:157)
	at com.kms.katalon.core.main.TestCaseMain$startTestSuite$0.call(Unknown Source)
	at TempTestSuite1588774894955.run(TempTestSuite1588774894955.groovy:36)]]></system-out>
      <system-err><![CDATA[2020-05-06 07:21:39 - [TEST_SUITE][ERROR] - Canine_TestSuite: Test Cases/TC01_Canine_Filter_Study-COTB FAILED.
Reason:
groovy.lang.MissingPropertyException: No such property: file_pwd for class: ctdc.utilities.runtestcaseforKatalon
	at ctdc.utilities.runtestcaseforKatalon.RunKatalon(runtestcaseforKatalon.groovy:44)
	at ctdc.utilities.runtestcaseforKatalon.invokeMethod(runtestcaseforKatalon.groovy)
	at com.kms.katalon.core.main.CustomKeywordDelegatingMetaClass.invokeStaticMethod(CustomKeywordDelegatingMetaClass.java:50)
	at TC01_Canine_Filter_Study-COTB.run(TC01_Canine_Filter_Study-COTB:34)
	at com.kms.katalon.core.main.ScriptEngine.run(ScriptEngine.java:194)
	at com.kms.katalon.core.main.ScriptEngine.runScriptAsRawText(ScriptEngine.java:119)
	at com.kms.katalon.core.main.TestCaseExecutor.runScript(TestCaseExecutor.java:337)
	at com.kms.katalon.core.main.TestCaseExecutor.doExecute(TestCaseExecutor.java:328)
	at com.kms.katalon.core.main.TestCaseExecutor.processExecutionPhase(TestCaseExecutor.java:307)
	at com.kms.katalon.core.main.TestCaseExecutor.accessMainPhase(TestCaseExecutor.java:299)
	at com.kms.katalon.core.main.TestCaseExecutor.execute(TestCaseExecutor.java:233)
	at com.kms.katalon.core.main.TestSuiteExecutor.accessTestCaseMainPhase(TestSuiteExecutor.java:169)
	at com.kms.katalon.core.main.TestSuiteExecutor.accessTestSuiteMainPhase(TestSuiteExecutor.java:142)
	at com.kms.katalon.core.main.TestSuiteExecutor.execute(TestSuiteExecutor.java:91)
	at com.kms.katalon.core.main.TestCaseMain.startTestSuite(TestCaseMain.java:157)
	at com.kms.katalon.core.main.TestCaseMain$startTestSuite$0.call(Unknown Source)
	at TempTestSuite1588774894955.run(TempTestSuite1588774894955.groovy:36)]]></system-err>
   </testsuite>
</testsuites>
